{"/home/benjis-brain/hackreactor/senior/fec/Shoptopia/client/src/calculateAvgRating.js": {"path":"/home/benjis-brain/hackreactor/senior/fec/Shoptopia/client/src/calculateAvgRating.js","statementMap":{"0":{"start":{"line":2,"column":18},"end":{"line":2,"column":19}},"1":{"start":{"line":3,"column":14},"end":{"line":3,"column":15}},"2":{"start":{"line":4,"column":18},"end":{"line":4,"column":43}},"3":{"start":{"line":6,"column":2},"end":{"line":9,"column":5}},"4":{"start":{"line":7,"column":4},"end":{"line":7,"column":34}},"5":{"start":{"line":8,"column":4},"end":{"line":8,"column":32}},"6":{"start":{"line":11,"column":18},"end":{"line":11,"column":35}},"7":{"start":{"line":13,"column":2},"end":{"line":13,"column":39}}},"fnMap":{"0":{"name":"findAvgRating","decl":{"start":{"line":1,"column":24},"end":{"line":1,"column":37}},"loc":{"start":{"line":1,"column":50},"end":{"line":14,"column":1}},"line":1},"1":{"name":"(anonymous_1)","decl":{"start":{"line":6,"column":18},"end":{"line":6,"column":19}},"loc":{"start":{"line":6,"column":33},"end":{"line":9,"column":3}},"line":6}},"branchMap":{},"s":{"0":0,"1":0,"2":0,"3":0,"4":0,"5":0,"6":0,"7":0},"f":{"0":0,"1":0},"b":{},"_coverageSchema":"1a1c01bbd47fc00a2c39e90264f33305004495a9","hash":"66fdb090c6fc0aad392889a29c635b905e288f7d"}
,"/home/benjis-brain/hackreactor/senior/fec/Shoptopia/client/src/components/App.jsx": {"path":"/home/benjis-brain/hackreactor/senior/fec/Shoptopia/client/src/components/App.jsx","statementMap":{"0":{"start":{"line":11,"column":28},"end":{"line":11,"column":53}},"1":{"start":{"line":15,"column":32},"end":{"line":15,"column":64}},"2":{"start":{"line":16,"column":36},"end":{"line":16,"column":53}},"3":{"start":{"line":17,"column":30},"end":{"line":17,"column":48}},"4":{"start":{"line":18,"column":28},"end":{"line":18,"column":46}},"5":{"start":{"line":20,"column":2},"end":{"line":47,"column":9}},"6":{"start":{"line":21,"column":4},"end":{"line":38,"column":9}},"7":{"start":{"line":24,"column":26},"end":{"line":24,"column":53}},"8":{"start":{"line":25,"column":8},"end":{"line":25,"column":41}},"9":{"start":{"line":26,"column":8},"end":{"line":26,"column":39}},"10":{"start":{"line":28,"column":8},"end":{"line":34,"column":11}},"11":{"start":{"line":29,"column":10},"end":{"line":33,"column":11}},"12":{"start":{"line":30,"column":33},"end":{"line":30,"column":39}},"13":{"start":{"line":31,"column":12},"end":{"line":31,"column":35}},"14":{"start":{"line":32,"column":12},"end":{"line":32,"column":35}},"15":{"start":{"line":37,"column":8},"end":{"line":37,"column":25}},"16":{"start":{"line":39,"column":4},"end":{"line":46,"column":9}},"17":{"start":{"line":42,"column":8},"end":{"line":42,"column":58}},"18":{"start":{"line":45,"column":8},"end":{"line":45,"column":25}},"19":{"start":{"line":49,"column":2},"end":{"line":73,"column":4}}},"fnMap":{"0":{"name":"App","decl":{"start":{"line":14,"column":24},"end":{"line":14,"column":27}},"loc":{"start":{"line":14,"column":30},"end":{"line":74,"column":1}},"line":14},"1":{"name":"(anonymous_1)","decl":{"start":{"line":20,"column":18},"end":{"line":20,"column":19}},"loc":{"start":{"line":20,"column":24},"end":{"line":47,"column":3}},"line":20},"2":{"name":"(anonymous_2)","decl":{"start":{"line":23,"column":12},"end":{"line":23,"column":13}},"loc":{"start":{"line":23,"column":25},"end":{"line":35,"column":7}},"line":23},"3":{"name":"(anonymous_3)","decl":{"start":{"line":28,"column":26},"end":{"line":28,"column":27}},"loc":{"start":{"line":28,"column":41},"end":{"line":34,"column":9}},"line":28},"4":{"name":"(anonymous_4)","decl":{"start":{"line":36,"column":13},"end":{"line":36,"column":14}},"loc":{"start":{"line":36,"column":22},"end":{"line":38,"column":7}},"line":36},"5":{"name":"(anonymous_5)","decl":{"start":{"line":41,"column":12},"end":{"line":41,"column":13}},"loc":{"start":{"line":41,"column":25},"end":{"line":43,"column":7}},"line":41},"6":{"name":"(anonymous_6)","decl":{"start":{"line":44,"column":13},"end":{"line":44,"column":14}},"loc":{"start":{"line":44,"column":22},"end":{"line":46,"column":7}},"line":44}},"branchMap":{"0":{"loc":{"start":{"line":29,"column":10},"end":{"line":33,"column":11}},"type":"if","locations":[{"start":{"line":29,"column":10},"end":{"line":33,"column":11}},{"start":{},"end":{}}],"line":29}},"s":{"0":2,"1":1,"2":1,"3":1,"4":1,"5":1,"6":1,"7":0,"8":0,"9":0,"10":0,"11":0,"12":0,"13":0,"14":0,"15":0,"16":1,"17":0,"18":0,"19":1},"f":{"0":1,"1":1,"2":0,"3":0,"4":0,"5":0,"6":0},"b":{"0":[0,0]},"_coverageSchema":"1a1c01bbd47fc00a2c39e90264f33305004495a9","hash":"9b47d62daf91863353dd308932ea763b7dab66b3"}
,"/home/benjis-brain/hackreactor/senior/fec/Shoptopia/client/src/components/fetcher.jsx": {"path":"/home/benjis-brain/hackreactor/senior/fec/Shoptopia/client/src/components/fetcher.jsx","statementMap":{"0":{"start":{"line":11,"column":20},"end":{"line":20,"column":5}},"1":{"start":{"line":21,"column":4},"end":{"line":21,"column":26}},"2":{"start":{"line":25,"column":20},"end":{"line":31,"column":5}},"3":{"start":{"line":32,"column":4},"end":{"line":32,"column":26}},"4":{"start":{"line":46,"column":20},"end":{"line":60,"column":5}},"5":{"start":{"line":61,"column":4},"end":{"line":61,"column":26}},"6":{"start":{"line":65,"column":20},"end":{"line":68,"column":5}},"7":{"start":{"line":69,"column":4},"end":{"line":69,"column":26}},"8":{"start":{"line":73,"column":20},"end":{"line":76,"column":5}},"9":{"start":{"line":77,"column":4},"end":{"line":77,"column":26}}},"fnMap":{"0":{"name":"(anonymous_0)","decl":{"start":{"line":5,"column":18},"end":{"line":5,"column":19}},"loc":{"start":{"line":10,"column":7},"end":{"line":22,"column":3}},"line":10},"1":{"name":"(anonymous_1)","decl":{"start":{"line":24,"column":22},"end":{"line":24,"column":23}},"loc":{"start":{"line":24,"column":46},"end":{"line":33,"column":3}},"line":24},"2":{"name":"(anonymous_2)","decl":{"start":{"line":35,"column":13},"end":{"line":35,"column":14}},"loc":{"start":{"line":45,"column":7},"end":{"line":62,"column":3}},"line":45},"3":{"name":"(anonymous_3)","decl":{"start":{"line":64,"column":23},"end":{"line":64,"column":24}},"loc":{"start":{"line":64,"column":38},"end":{"line":70,"column":3}},"line":64},"4":{"name":"(anonymous_4)","decl":{"start":{"line":72,"column":16},"end":{"line":72,"column":17}},"loc":{"start":{"line":72,"column":31},"end":{"line":78,"column":3}},"line":72}},"branchMap":{"0":{"loc":{"start":{"line":6,"column":4},"end":{"line":6,"column":12}},"type":"default-arg","locations":[{"start":{"line":6,"column":11},"end":{"line":6,"column":12}}],"line":6},"1":{"loc":{"start":{"line":7,"column":4},"end":{"line":7,"column":13}},"type":"default-arg","locations":[{"start":{"line":7,"column":12},"end":{"line":7,"column":13}}],"line":7},"2":{"loc":{"start":{"line":8,"column":4},"end":{"line":8,"column":19}},"type":"default-arg","locations":[{"start":{"line":8,"column":11},"end":{"line":8,"column":19}}],"line":8},"3":{"loc":{"start":{"line":9,"column":4},"end":{"line":9,"column":22}},"type":"default-arg","locations":[{"start":{"line":9,"column":17},"end":{"line":9,"column":22}}],"line":9},"4":{"loc":{"start":{"line":24,"column":23},"end":{"line":24,"column":41}},"type":"default-arg","locations":[{"start":{"line":24,"column":36},"end":{"line":24,"column":41}}],"line":24}},"s":{"0":1,"1":1,"2":1,"3":1,"4":0,"5":0,"6":0,"7":0,"8":0,"9":0},"f":{"0":1,"1":1,"2":0,"3":0,"4":0},"b":{"0":[0],"1":[0],"2":[0],"3":[0],"4":[0]},"_coverageSchema":"1a1c01bbd47fc00a2c39e90264f33305004495a9","hash":"c180d5ef46ae9a0bd18af96edb64e0954450e44e"}
,"/home/benjis-brain/hackreactor/senior/fec/Shoptopia/client/src/components/requests.js": {"path":"/home/benjis-brain/hackreactor/senior/fec/Shoptopia/client/src/components/requests.js","statementMap":{"0":{"start":{"line":4,"column":24},"end":{"line":45,"column":1}},"1":{"start":{"line":6,"column":29},"end":{"line":8,"column":5}},"2":{"start":{"line":9,"column":26},"end":{"line":12,"column":5}},"3":{"start":{"line":13,"column":23},"end":{"line":16,"column":5}},"4":{"start":{"line":17,"column":29},"end":{"line":19,"column":5}},"5":{"start":{"line":22,"column":49},"end":{"line":25,"column":5}},"6":{"start":{"line":26,"column":60},"end":{"line":29,"column":5}},"7":{"start":{"line":32,"column":34},"end":{"line":35,"column":5}},"8":{"start":{"line":36,"column":38},"end":{"line":39,"column":5}},"9":{"start":{"line":40,"column":33},"end":{"line":43,"column":5}}},"fnMap":{"0":{"name":"(anonymous_0)","decl":{"start":{"line":6,"column":13},"end":{"line":6,"column":14}},"loc":{"start":{"line":6,"column":29},"end":{"line":8,"column":5}},"line":6},"1":{"name":"(anonymous_1)","decl":{"start":{"line":9,"column":10},"end":{"line":9,"column":11}},"loc":{"start":{"line":9,"column":26},"end":{"line":12,"column":5}},"line":9},"2":{"name":"(anonymous_2)","decl":{"start":{"line":13,"column":15},"end":{"line":13,"column":16}},"loc":{"start":{"line":13,"column":23},"end":{"line":16,"column":5}},"line":13},"3":{"name":"(anonymous_3)","decl":{"start":{"line":17,"column":13},"end":{"line":17,"column":14}},"loc":{"start":{"line":17,"column":29},"end":{"line":19,"column":5}},"line":17},"4":{"name":"(anonymous_4)","decl":{"start":{"line":22,"column":14},"end":{"line":22,"column":15}},"loc":{"start":{"line":22,"column":49},"end":{"line":25,"column":5}},"line":22},"5":{"name":"(anonymous_5)","decl":{"start":{"line":26,"column":12},"end":{"line":26,"column":13}},"loc":{"start":{"line":26,"column":60},"end":{"line":29,"column":5}},"line":26},"6":{"name":"(anonymous_6)","decl":{"start":{"line":32,"column":19},"end":{"line":32,"column":20}},"loc":{"start":{"line":32,"column":34},"end":{"line":35,"column":5}},"line":32},"7":{"name":"(anonymous_7)","decl":{"start":{"line":36,"column":21},"end":{"line":36,"column":22}},"loc":{"start":{"line":36,"column":38},"end":{"line":39,"column":5}},"line":36},"8":{"name":"(anonymous_8)","decl":{"start":{"line":40,"column":18},"end":{"line":40,"column":19}},"loc":{"start":{"line":40,"column":33},"end":{"line":43,"column":5}},"line":40}},"branchMap":{"0":{"loc":{"start":{"line":6,"column":14},"end":{"line":6,"column":24}},"type":"default-arg","locations":[{"start":{"line":6,"column":19},"end":{"line":6,"column":24}}],"line":6},"1":{"loc":{"start":{"line":9,"column":11},"end":{"line":9,"column":21}},"type":"default-arg","locations":[{"start":{"line":9,"column":16},"end":{"line":9,"column":21}}],"line":9},"2":{"loc":{"start":{"line":17,"column":14},"end":{"line":17,"column":24}},"type":"default-arg","locations":[{"start":{"line":17,"column":19},"end":{"line":17,"column":24}}],"line":17}},"s":{"0":3,"1":1,"2":1,"3":2,"4":1,"5":0,"6":0,"7":0,"8":0,"9":0},"f":{"0":1,"1":1,"2":2,"3":1,"4":0,"5":0,"6":0,"7":0,"8":0},"b":{"0":[1],"1":[1],"2":[1]},"_coverageSchema":"1a1c01bbd47fc00a2c39e90264f33305004495a9","hash":"ad9bcf94fa9fc1118d11fc355c6549d8761c900d"}
,"/home/benjis-brain/hackreactor/senior/fec/Shoptopia/client/src/components/stars.jsx": {"path":"/home/benjis-brain/hackreactor/senior/fec/Shoptopia/client/src/components/stars.jsx","statementMap":{"0":{"start":{"line":6,"column":14},"end":{"line":6,"column":35}},"1":{"start":{"line":7,"column":16},"end":{"line":7,"column":67}},"2":{"start":{"line":8,"column":2},"end":{"line":16,"column":3}},"3":{"start":{"line":9,"column":4},"end":{"line":9,"column":17}},"4":{"start":{"line":10,"column":9},"end":{"line":16,"column":3}},"5":{"start":{"line":11,"column":4},"end":{"line":11,"column":16}},"6":{"start":{"line":12,"column":9},"end":{"line":16,"column":3}},"7":{"start":{"line":13,"column":4},"end":{"line":13,"column":18}},"8":{"start":{"line":15,"column":4},"end":{"line":15,"column":16}},"9":{"start":{"line":17,"column":17},"end":{"line":17,"column":19}},"10":{"start":{"line":18,"column":2},"end":{"line":21,"column":3}},"11":{"start":{"line":19,"column":4},"end":{"line":19,"column":24}},"12":{"start":{"line":20,"column":4},"end":{"line":20,"column":15}},"13":{"start":{"line":23,"column":2},"end":{"line":56,"column":4}},"14":{"start":{"line":28,"column":12},"end":{"line":30,"column":18}},"15":{"start":{"line":35,"column":12},"end":{"line":37,"column":18}}},"fnMap":{"0":{"name":"Stars","decl":{"start":{"line":5,"column":24},"end":{"line":5,"column":29}},"loc":{"start":{"line":5,"column":45},"end":{"line":57,"column":1}},"line":5},"1":{"name":"(anonymous_1)","decl":{"start":{"line":27,"column":31},"end":{"line":27,"column":32}},"loc":{"start":{"line":28,"column":12},"end":{"line":30,"column":18}},"line":28},"2":{"name":"(anonymous_2)","decl":{"start":{"line":34,"column":22},"end":{"line":34,"column":23}},"loc":{"start":{"line":35,"column":12},"end":{"line":37,"column":18}},"line":35}},"branchMap":{"0":{"loc":{"start":{"line":8,"column":2},"end":{"line":16,"column":3}},"type":"if","locations":[{"start":{"line":8,"column":2},"end":{"line":16,"column":3}},{"start":{"line":10,"column":9},"end":{"line":16,"column":3}}],"line":8},"1":{"loc":{"start":{"line":10,"column":9},"end":{"line":16,"column":3}},"type":"if","locations":[{"start":{"line":10,"column":9},"end":{"line":16,"column":3}},{"start":{"line":12,"column":9},"end":{"line":16,"column":3}}],"line":10},"2":{"loc":{"start":{"line":10,"column":13},"end":{"line":10,"column":39}},"type":"binary-expr","locations":[{"start":{"line":10,"column":13},"end":{"line":10,"column":24}},{"start":{"line":10,"column":28},"end":{"line":10,"column":39}}],"line":10},"3":{"loc":{"start":{"line":12,"column":9},"end":{"line":16,"column":3}},"type":"if","locations":[{"start":{"line":12,"column":9},"end":{"line":16,"column":3}},{"start":{"line":14,"column":9},"end":{"line":16,"column":3}}],"line":12},"4":{"loc":{"start":{"line":12,"column":13},"end":{"line":12,"column":39}},"type":"binary-expr","locations":[{"start":{"line":12,"column":13},"end":{"line":12,"column":24}},{"start":{"line":12,"column":28},"end":{"line":12,"column":39}}],"line":12}},"s":{"0":1,"1":1,"2":1,"3":0,"4":1,"5":0,"6":1,"7":0,"8":1,"9":1,"10":1,"11":0,"12":0,"13":1,"14":5,"15":0},"f":{"0":1,"1":5,"2":0},"b":{"0":[0,1],"1":[0,1],"2":[1,0],"3":[0,1],"4":[1,0]},"_coverageSchema":"1a1c01bbd47fc00a2c39e90264f33305004495a9","hash":"4f40e7f4576050f2c65b9fd55cdd370e7adc5078"}
,"/home/benjis-brain/hackreactor/senior/fec/Shoptopia/client/src/components/Overview/index.jsx": {"path":"/home/benjis-brain/hackreactor/senior/fec/Shoptopia/client/src/components/Overview/index.jsx","statementMap":{"0":{"start":{"line":12,"column":38},"end":{"line":12,"column":68}},"1":{"start":{"line":13,"column":32},"end":{"line":13,"column":50}},"2":{"start":{"line":15,"column":32},"end":{"line":15,"column":50}},"3":{"start":{"line":16,"column":28},"end":{"line":16,"column":46}},"4":{"start":{"line":18,"column":2},"end":{"line":39,"column":14}},"5":{"start":{"line":19,"column":4},"end":{"line":19,"column":36}},"6":{"start":{"line":20,"column":4},"end":{"line":23,"column":5}},"7":{"start":{"line":21,"column":6},"end":{"line":21,"column":31}},"8":{"start":{"line":22,"column":6},"end":{"line":22,"column":34}},"9":{"start":{"line":24,"column":4},"end":{"line":38,"column":5}},"10":{"start":{"line":25,"column":23},"end":{"line":25,"column":25}},"11":{"start":{"line":26,"column":6},"end":{"line":36,"column":7}},"12":{"start":{"line":27,"column":8},"end":{"line":35,"column":9}},"13":{"start":{"line":28,"column":10},"end":{"line":34,"column":12}},"14":{"start":{"line":37,"column":6},"end":{"line":37,"column":25}},"15":{"start":{"line":41,"column":2},"end":{"line":67,"column":4}}},"fnMap":{"0":{"name":"Overview","decl":{"start":{"line":11,"column":24},"end":{"line":11,"column":32}},"loc":{"start":{"line":11,"column":57},"end":{"line":68,"column":1}},"line":11},"1":{"name":"(anonymous_1)","decl":{"start":{"line":18,"column":18},"end":{"line":18,"column":19}},"loc":{"start":{"line":18,"column":24},"end":{"line":39,"column":3}},"line":18}},"branchMap":{"0":{"loc":{"start":{"line":20,"column":4},"end":{"line":23,"column":5}},"type":"if","locations":[{"start":{"line":20,"column":4},"end":{"line":23,"column":5}},{"start":{},"end":{}}],"line":20},"1":{"loc":{"start":{"line":24,"column":4},"end":{"line":38,"column":5}},"type":"if","locations":[{"start":{"line":24,"column":4},"end":{"line":38,"column":5}},{"start":{},"end":{}}],"line":24},"2":{"loc":{"start":{"line":27,"column":8},"end":{"line":35,"column":9}},"type":"if","locations":[{"start":{"line":27,"column":8},"end":{"line":35,"column":9}},{"start":{},"end":{}}],"line":27}},"s":{"0":1,"1":1,"2":1,"3":1,"4":1,"5":1,"6":1,"7":0,"8":0,"9":1,"10":0,"11":0,"12":0,"13":0,"14":0,"15":1},"f":{"0":1,"1":1},"b":{"0":[0,1],"1":[0,1],"2":[0,0]},"_coverageSchema":"1a1c01bbd47fc00a2c39e90264f33305004495a9","hash":"9d34603c51b90768b86865e5f24636297e7c44f1"}
,"/home/benjis-brain/hackreactor/senior/fec/Shoptopia/client/src/components/Overview/Gallery/image.jsx": {"path":"/home/benjis-brain/hackreactor/senior/fec/Shoptopia/client/src/components/Overview/Gallery/image.jsx","statementMap":{"0":{"start":{"line":4,"column":2},"end":{"line":6,"column":4}}},"fnMap":{"0":{"name":"Image","decl":{"start":{"line":3,"column":24},"end":{"line":3,"column":29}},"loc":{"start":{"line":3,"column":43},"end":{"line":7,"column":1}},"line":3}},"branchMap":{},"s":{"0":1},"f":{"0":1},"b":{},"_coverageSchema":"1a1c01bbd47fc00a2c39e90264f33305004495a9","hash":"7eb08d8bf4fdcd88a81d7987e08a426408db5791"}
,"/home/benjis-brain/hackreactor/senior/fec/Shoptopia/client/src/components/Overview/Gallery/index.jsx": {"path":"/home/benjis-brain/hackreactor/senior/fec/Shoptopia/client/src/components/Overview/Gallery/index.jsx","statementMap":{"0":{"start":{"line":6,"column":38},"end":{"line":6,"column":55}},"1":{"start":{"line":8,"column":24},"end":{"line":15,"column":3}},"2":{"start":{"line":9,"column":4},"end":{"line":13,"column":5}},"3":{"start":{"line":10,"column":6},"end":{"line":10,"column":23}},"4":{"start":{"line":12,"column":6},"end":{"line":12,"column":36}},"5":{"start":{"line":14,"column":4},"end":{"line":14,"column":36}},"6":{"start":{"line":17,"column":26},"end":{"line":25,"column":3}},"7":{"start":{"line":18,"column":4},"end":{"line":18,"column":27}},"8":{"start":{"line":19,"column":4},"end":{"line":23,"column":5}},"9":{"start":{"line":20,"column":6},"end":{"line":20,"column":40}},"10":{"start":{"line":22,"column":6},"end":{"line":22,"column":36}},"11":{"start":{"line":24,"column":4},"end":{"line":24,"column":36}},"12":{"start":{"line":27,"column":2},"end":{"line":38,"column":4}},"13":{"start":{"line":35,"column":35},"end":{"line":35,"column":94}}},"fnMap":{"0":{"name":"Gallery","decl":{"start":{"line":5,"column":24},"end":{"line":5,"column":31}},"loc":{"start":{"line":5,"column":66},"end":{"line":39,"column":1}},"line":5},"1":{"name":"(anonymous_1)","decl":{"start":{"line":8,"column":24},"end":{"line":8,"column":25}},"loc":{"start":{"line":8,"column":30},"end":{"line":15,"column":3}},"line":8},"2":{"name":"(anonymous_2)","decl":{"start":{"line":17,"column":26},"end":{"line":17,"column":27}},"loc":{"start":{"line":17,"column":32},"end":{"line":25,"column":3}},"line":17},"3":{"name":"(anonymous_3)","decl":{"start":{"line":35,"column":21},"end":{"line":35,"column":22}},"loc":{"start":{"line":35,"column":35},"end":{"line":35,"column":94}},"line":35}},"branchMap":{"0":{"loc":{"start":{"line":9,"column":4},"end":{"line":13,"column":5}},"type":"if","locations":[{"start":{"line":9,"column":4},"end":{"line":13,"column":5}},{"start":{"line":11,"column":11},"end":{"line":13,"column":5}}],"line":9},"1":{"loc":{"start":{"line":19,"column":4},"end":{"line":23,"column":5}},"type":"if","locations":[{"start":{"line":19,"column":4},"end":{"line":23,"column":5}},{"start":{"line":21,"column":11},"end":{"line":23,"column":5}}],"line":19}},"s":{"0":1,"1":1,"2":0,"3":0,"4":0,"5":0,"6":1,"7":0,"8":0,"9":0,"10":0,"11":0,"12":1,"13":0},"f":{"0":1,"1":0,"2":0,"3":0},"b":{"0":[0,0],"1":[0,0]},"_coverageSchema":"1a1c01bbd47fc00a2c39e90264f33305004495a9","hash":"a0cca56b9cc3b9d461535f881ce0f1a292b96d3e"}
,"/home/benjis-brain/hackreactor/senior/fec/Shoptopia/client/src/components/Overview/Gallery/thumbnail.jsx": {"path":"/home/benjis-brain/hackreactor/senior/fec/Shoptopia/client/src/components/Overview/Gallery/thumbnail.jsx","statementMap":{"0":{"start":{"line":5,"column":22},"end":{"line":8,"column":3}},"1":{"start":{"line":6,"column":4},"end":{"line":6,"column":23}},"2":{"start":{"line":7,"column":4},"end":{"line":7,"column":26}},"3":{"start":{"line":10,"column":2},"end":{"line":12,"column":4}}},"fnMap":{"0":{"name":"Thumbnail","decl":{"start":{"line":3,"column":24},"end":{"line":3,"column":33}},"loc":{"start":{"line":3,"column":57},"end":{"line":13,"column":1}},"line":3},"1":{"name":"(anonymous_1)","decl":{"start":{"line":5,"column":22},"end":{"line":5,"column":23}},"loc":{"start":{"line":5,"column":29},"end":{"line":8,"column":3}},"line":5}},"branchMap":{},"s":{"0":0,"1":0,"2":0,"3":0},"f":{"0":0,"1":0},"b":{},"_coverageSchema":"1a1c01bbd47fc00a2c39e90264f33305004495a9","hash":"44da294d956745c39aa00fb73eebf68de477f250"}
,"/home/benjis-brain/hackreactor/senior/fec/Shoptopia/client/src/components/Overview/addToCart/index.jsx": {"path":"/home/benjis-brain/hackreactor/senior/fec/Shoptopia/client/src/components/Overview/addToCart/index.jsx","statementMap":{"0":{"start":{"line":5,"column":32},"end":{"line":5,"column":53}},"1":{"start":{"line":8,"column":22},"end":{"line":10,"column":3}},"2":{"start":{"line":9,"column":4},"end":{"line":9,"column":21}},"3":{"start":{"line":12,"column":2},"end":{"line":23,"column":4}}},"fnMap":{"0":{"name":"AddToCart","decl":{"start":{"line":4,"column":24},"end":{"line":4,"column":33}},"loc":{"start":{"line":4,"column":54},"end":{"line":24,"column":1}},"line":4},"1":{"name":"(anonymous_1)","decl":{"start":{"line":8,"column":22},"end":{"line":8,"column":23}},"loc":{"start":{"line":8,"column":28},"end":{"line":10,"column":3}},"line":8}},"branchMap":{"0":{"loc":{"start":{"line":14,"column":7},"end":{"line":21,"column":74}},"type":"cond-expr","locations":[{"start":{"line":16,"column":10},"end":{"line":19,"column":16}},{"start":{"line":21,"column":10},"end":{"line":21,"column":74}}],"line":14}},"s":{"0":1,"1":1,"2":0,"3":1},"f":{"0":1,"1":0},"b":{"0":[0,1]},"_coverageSchema":"1a1c01bbd47fc00a2c39e90264f33305004495a9","hash":"811bd4229e28f3bb01c3c2abfd13849668ed44f8"}
,"/home/benjis-brain/hackreactor/senior/fec/Shoptopia/client/src/components/Overview/addToCart/selectQuantity.jsx": {"path":"/home/benjis-brain/hackreactor/senior/fec/Shoptopia/client/src/components/Overview/addToCart/selectQuantity.jsx","statementMap":{"0":{"start":{"line":6,"column":2},"end":{"line":14,"column":4}},"1":{"start":{"line":10,"column":38},"end":{"line":10,"column":84}}},"fnMap":{"0":{"name":"SelectQuantity","decl":{"start":{"line":3,"column":24},"end":{"line":3,"column":38}},"loc":{"start":{"line":3,"column":53},"end":{"line":15,"column":1}},"line":3},"1":{"name":"(anonymous_1)","decl":{"start":{"line":10,"column":24},"end":{"line":10,"column":25}},"loc":{"start":{"line":10,"column":38},"end":{"line":10,"column":84}},"line":10}},"branchMap":{"0":{"loc":{"start":{"line":7,"column":4},"end":{"line":13,"column":15}},"type":"cond-expr","locations":[{"start":{"line":9,"column":8},"end":{"line":11,"column":17}},{"start":{"line":13,"column":8},"end":{"line":13,"column":15}}],"line":7}},"s":{"0":0,"1":0},"f":{"0":0,"1":0},"b":{"0":[0,0]},"_coverageSchema":"1a1c01bbd47fc00a2c39e90264f33305004495a9","hash":"0042f55d8933b044592f247cd9bc7febd145b794"}
,"/home/benjis-brain/hackreactor/senior/fec/Shoptopia/client/src/components/Overview/addToCart/selectSize.jsx": {"path":"/home/benjis-brain/hackreactor/senior/fec/Shoptopia/client/src/components/Overview/addToCart/selectSize.jsx","statementMap":{"0":{"start":{"line":7,"column":29},"end":{"line":7,"column":59}},"1":{"start":{"line":8,"column":26},"end":{"line":8,"column":48}},"2":{"start":{"line":9,"column":34},"end":{"line":9,"column":73}},"3":{"start":{"line":10,"column":2},"end":{"line":10,"column":33}},"4":{"start":{"line":11,"column":23},"end":{"line":19,"column":3}},"5":{"start":{"line":12,"column":19},"end":{"line":12,"column":21}},"6":{"start":{"line":13,"column":16},"end":{"line":13,"column":44}},"7":{"start":{"line":14,"column":4},"end":{"line":17,"column":5}},"8":{"start":{"line":15,"column":6},"end":{"line":15,"column":39}},"9":{"start":{"line":16,"column":6},"end":{"line":16,"column":17}},"10":{"start":{"line":18,"column":4},"end":{"line":18,"column":24}},"11":{"start":{"line":21,"column":23},"end":{"line":28,"column":3}},"12":{"start":{"line":22,"column":4},"end":{"line":22,"column":23}},"13":{"start":{"line":23,"column":17},"end":{"line":23,"column":39}},"14":{"start":{"line":24,"column":17},"end":{"line":24,"column":51}},"15":{"start":{"line":25,"column":4},"end":{"line":25,"column":23}},"16":{"start":{"line":26,"column":4},"end":{"line":26,"column":27}},"17":{"start":{"line":27,"column":4},"end":{"line":27,"column":21}},"18":{"start":{"line":30,"column":2},"end":{"line":50,"column":4}},"19":{"start":{"line":37,"column":16},"end":{"line":41,"column":25}}},"fnMap":{"0":{"name":"SelectSize","decl":{"start":{"line":5,"column":24},"end":{"line":5,"column":34}},"loc":{"start":{"line":5,"column":46},"end":{"line":51,"column":1}},"line":5},"1":{"name":"(anonymous_1)","decl":{"start":{"line":11,"column":23},"end":{"line":11,"column":24}},"loc":{"start":{"line":11,"column":30},"end":{"line":19,"column":3}},"line":11},"2":{"name":"(anonymous_2)","decl":{"start":{"line":21,"column":23},"end":{"line":21,"column":24}},"loc":{"start":{"line":21,"column":30},"end":{"line":28,"column":3}},"line":21},"3":{"name":"(anonymous_3)","decl":{"start":{"line":36,"column":25},"end":{"line":36,"column":26}},"loc":{"start":{"line":37,"column":16},"end":{"line":41,"column":25}},"line":37}},"branchMap":{"0":{"loc":{"start":{"line":32,"column":7},"end":{"line":48,"column":31}},"type":"cond-expr","locations":[{"start":{"line":34,"column":10},"end":{"line":46,"column":17}},{"start":{"line":48,"column":10},"end":{"line":48,"column":31}}],"line":32}},"s":{"0":0,"1":0,"2":0,"3":0,"4":0,"5":0,"6":0,"7":0,"8":0,"9":0,"10":0,"11":0,"12":0,"13":0,"14":0,"15":0,"16":0,"17":0,"18":0,"19":0},"f":{"0":0,"1":0,"2":0,"3":0},"b":{"0":[0,0]},"_coverageSchema":"1a1c01bbd47fc00a2c39e90264f33305004495a9","hash":"de7a258f21d4bfe39342e99d55d6fd1f1be13775"}
,"/home/benjis-brain/hackreactor/senior/fec/Shoptopia/client/src/components/Overview/productInfo/description.jsx": {"path":"/home/benjis-brain/hackreactor/senior/fec/Shoptopia/client/src/components/Overview/productInfo/description.jsx","statementMap":{"0":{"start":{"line":4,"column":2},"end":{"line":12,"column":4}},"1":{"start":{"line":9,"column":40},"end":{"line":9,"column":98}}},"fnMap":{"0":{"name":"Description","decl":{"start":{"line":3,"column":24},"end":{"line":3,"column":35}},"loc":{"start":{"line":3,"column":49},"end":{"line":13,"column":1}},"line":3},"1":{"name":"(anonymous_1)","decl":{"start":{"line":9,"column":30},"end":{"line":9,"column":31}},"loc":{"start":{"line":9,"column":40},"end":{"line":9,"column":98}},"line":9}},"branchMap":{},"s":{"0":1,"1":0},"f":{"0":1,"1":0},"b":{},"_coverageSchema":"1a1c01bbd47fc00a2c39e90264f33305004495a9","hash":"7eb0c7c503cd25955fcdb78332039b54bf112f37"}
,"/home/benjis-brain/hackreactor/senior/fec/Shoptopia/client/src/components/Overview/productInfo/index.jsx": {"path":"/home/benjis-brain/hackreactor/senior/fec/Shoptopia/client/src/components/Overview/productInfo/index.jsx","statementMap":{"0":{"start":{"line":8,"column":20},"end":{"line":8,"column":50}},"1":{"start":{"line":10,"column":2},"end":{"line":16,"column":4}}},"fnMap":{"0":{"name":"ProductInfo","decl":{"start":{"line":7,"column":24},"end":{"line":7,"column":35}},"loc":{"start":{"line":7,"column":60},"end":{"line":17,"column":1}},"line":7}},"branchMap":{},"s":{"0":1,"1":1},"f":{"0":1},"b":{},"_coverageSchema":"1a1c01bbd47fc00a2c39e90264f33305004495a9","hash":"ec8dc49210bd64021f782b8ad99563b35d7b1db5"}
,"/home/benjis-brain/hackreactor/senior/fec/Shoptopia/client/src/components/Overview/productInfo/price.jsx": {"path":"/home/benjis-brain/hackreactor/senior/fec/Shoptopia/client/src/components/Overview/productInfo/price.jsx","statementMap":{"0":{"start":{"line":6,"column":20},"end":{"line":6,"column":50}},"1":{"start":{"line":8,"column":2},"end":{"line":12,"column":4}}},"fnMap":{"0":{"name":"Price","decl":{"start":{"line":5,"column":24},"end":{"line":5,"column":29}},"loc":{"start":{"line":5,"column":32},"end":{"line":13,"column":1}},"line":5}},"branchMap":{"0":{"loc":{"start":{"line":9,"column":4},"end":{"line":11,"column":43}},"type":"cond-expr","locations":[{"start":{"line":10,"column":8},"end":{"line":10,"column":39}},{"start":{"line":11,"column":8},"end":{"line":11,"column":43}}],"line":9}},"s":{"0":1,"1":1},"f":{"0":1},"b":{"0":[0,1]},"_coverageSchema":"1a1c01bbd47fc00a2c39e90264f33305004495a9","hash":"a85f7bfdf9444129e9fe34a5e720f91af4fa693d"}
,"/home/benjis-brain/hackreactor/senior/fec/Shoptopia/client/src/components/Overview/productInfo/share.jsx": {"path":"/home/benjis-brain/hackreactor/senior/fec/Shoptopia/client/src/components/Overview/productInfo/share.jsx","statementMap":{"0":{"start":{"line":4,"column":2},"end":{"line":6,"column":4}}},"fnMap":{"0":{"name":"Share","decl":{"start":{"line":3,"column":24},"end":{"line":3,"column":29}},"loc":{"start":{"line":3,"column":32},"end":{"line":7,"column":1}},"line":3}},"branchMap":{},"s":{"0":1},"f":{"0":1},"b":{},"_coverageSchema":"1a1c01bbd47fc00a2c39e90264f33305004495a9","hash":"aff91740a9e9c8a27ea3c04f554a2b188b5b2169"}
,"/home/benjis-brain/hackreactor/senior/fec/Shoptopia/client/src/components/Overview/styleSelect/index.jsx": {"path":"/home/benjis-brain/hackreactor/senior/fec/Shoptopia/client/src/components/Overview/styleSelect/index.jsx","statementMap":{"0":{"start":{"line":5,"column":2},"end":{"line":13,"column":4}},"1":{"start":{"line":9,"column":10},"end":{"line":9,"column":72}}},"fnMap":{"0":{"name":"StyleSelect","decl":{"start":{"line":4,"column":24},"end":{"line":4,"column":35}},"loc":{"start":{"line":4,"column":48},"end":{"line":14,"column":1}},"line":4},"1":{"name":"(anonymous_1)","decl":{"start":{"line":8,"column":29},"end":{"line":8,"column":30}},"loc":{"start":{"line":9,"column":10},"end":{"line":9,"column":72}},"line":9}},"branchMap":{"0":{"loc":{"start":{"line":7,"column":7},"end":{"line":10,"column":41}},"type":"cond-expr","locations":[{"start":{"line":8,"column":10},"end":{"line":9,"column":73}},{"start":{"line":10,"column":10},"end":{"line":10,"column":41}}],"line":7}},"s":{"0":1,"1":0},"f":{"0":1,"1":0},"b":{"0":[0,1]},"_coverageSchema":"1a1c01bbd47fc00a2c39e90264f33305004495a9","hash":"acefa92c0408234427f7bc87fb63d1b0229e3588"}
,"/home/benjis-brain/hackreactor/senior/fec/Shoptopia/client/src/components/Overview/styleSelect/styleOption.jsx": {"path":"/home/benjis-brain/hackreactor/senior/fec/Shoptopia/client/src/components/Overview/styleSelect/styleOption.jsx","statementMap":{"0":{"start":{"line":5,"column":30},"end":{"line":5,"column":60}},"1":{"start":{"line":6,"column":22},"end":{"line":8,"column":3}},"2":{"start":{"line":7,"column":4},"end":{"line":7,"column":24}},"3":{"start":{"line":10,"column":2},"end":{"line":14,"column":4}}},"fnMap":{"0":{"name":"StyleOption","decl":{"start":{"line":4,"column":24},"end":{"line":4,"column":35}},"loc":{"start":{"line":4,"column":51},"end":{"line":15,"column":1}},"line":4},"1":{"name":"(anonymous_1)","decl":{"start":{"line":6,"column":22},"end":{"line":6,"column":23}},"loc":{"start":{"line":6,"column":28},"end":{"line":8,"column":3}},"line":6}},"branchMap":{},"s":{"0":0,"1":0,"2":0,"3":0},"f":{"0":0,"1":0},"b":{},"_coverageSchema":"1a1c01bbd47fc00a2c39e90264f33305004495a9","hash":"58b4454864c436145223314cd60f5a64a1d9a0a3"}
,"/home/benjis-brain/hackreactor/senior/fec/Shoptopia/client/src/components/Questions/Questions.jsx": {"path":"/home/benjis-brain/hackreactor/senior/fec/Shoptopia/client/src/components/Questions/Questions.jsx","statementMap":{"0":{"start":{"line":12,"column":28},"end":{"line":12,"column":40}},"1":{"start":{"line":13,"column":26},"end":{"line":20,"column":4}},"2":{"start":{"line":22,"column":2},"end":{"line":37,"column":9}},"3":{"start":{"line":23,"column":4},"end":{"line":36,"column":7}},"4":{"start":{"line":24,"column":6},"end":{"line":26,"column":9}},"5":{"start":{"line":28,"column":6},"end":{"line":35,"column":9}},"6":{"start":{"line":39,"column":2},"end":{"line":43,"column":14}},"7":{"start":{"line":40,"column":4},"end":{"line":42,"column":5}},"8":{"start":{"line":41,"column":6},"end":{"line":41,"column":69}},"9":{"start":{"line":41,"column":63},"end":{"line":41,"column":64}},"10":{"start":{"line":46,"column":16},"end":{"line":46,"column":30}},"11":{"start":{"line":47,"column":4},"end":{"line":47,"column":40}},"12":{"start":{"line":51,"column":17},"end":{"line":58,"column":6}},"13":{"start":{"line":52,"column":6},"end":{"line":56,"column":7}},"14":{"start":{"line":53,"column":21},"end":{"line":53,"column":29}},"15":{"start":{"line":54,"column":8},"end":{"line":54,"column":39}},"16":{"start":{"line":55,"column":8},"end":{"line":55,"column":20}},"17":{"start":{"line":57,"column":6},"end":{"line":57,"column":15}},"18":{"start":{"line":59,"column":4},"end":{"line":59,"column":34}},"19":{"start":{"line":63,"column":4},"end":{"line":63,"column":42}},"20":{"start":{"line":67,"column":4},"end":{"line":77,"column":5}},"21":{"start":{"line":68,"column":23},"end":{"line":73,"column":8}},"22":{"start":{"line":69,"column":8},"end":{"line":71,"column":9}},"23":{"start":{"line":70,"column":10},"end":{"line":70,"column":22}},"24":{"start":{"line":72,"column":8},"end":{"line":72,"column":21}},"25":{"start":{"line":74,"column":6},"end":{"line":74,"column":47}},"26":{"start":{"line":76,"column":6},"end":{"line":76,"column":68}},"27":{"start":{"line":76,"column":62},"end":{"line":76,"column":63}},"28":{"start":{"line":81,"column":4},"end":{"line":92,"column":7}},"29":{"start":{"line":82,"column":19},"end":{"line":90,"column":8}},"30":{"start":{"line":83,"column":8},"end":{"line":88,"column":9}},"31":{"start":{"line":84,"column":23},"end":{"line":84,"column":31}},"32":{"start":{"line":85,"column":10},"end":{"line":85,"column":36}},"33":{"start":{"line":86,"column":10},"end":{"line":86,"column":41}},"34":{"start":{"line":87,"column":10},"end":{"line":87,"column":22}},"35":{"start":{"line":89,"column":8},"end":{"line":89,"column":17}},"36":{"start":{"line":91,"column":6},"end":{"line":91,"column":36}},"37":{"start":{"line":96,"column":4},"end":{"line":107,"column":7}},"38":{"start":{"line":97,"column":19},"end":{"line":105,"column":8}},"39":{"start":{"line":98,"column":8},"end":{"line":103,"column":9}},"40":{"start":{"line":99,"column":23},"end":{"line":99,"column":31}},"41":{"start":{"line":100,"column":10},"end":{"line":100,"column":49}},"42":{"start":{"line":101,"column":10},"end":{"line":101,"column":45}},"43":{"start":{"line":102,"column":10},"end":{"line":102,"column":22}},"44":{"start":{"line":104,"column":8},"end":{"line":104,"column":17}},"45":{"start":{"line":106,"column":6},"end":{"line":106,"column":36}},"46":{"start":{"line":111,"column":4},"end":{"line":121,"column":7}},"47":{"start":{"line":112,"column":19},"end":{"line":119,"column":8}},"48":{"start":{"line":113,"column":8},"end":{"line":117,"column":9}},"49":{"start":{"line":114,"column":23},"end":{"line":114,"column":31}},"50":{"start":{"line":115,"column":10},"end":{"line":115,"column":44}},"51":{"start":{"line":116,"column":10},"end":{"line":116,"column":22}},"52":{"start":{"line":118,"column":8},"end":{"line":118,"column":17}},"53":{"start":{"line":120,"column":6},"end":{"line":120,"column":36}},"54":{"start":{"line":124,"column":21},"end":{"line":126,"column":3}},"55":{"start":{"line":128,"column":2},"end":{"line":137,"column":4}}},"fnMap":{"0":{"name":"Questions","decl":{"start":{"line":11,"column":9},"end":{"line":11,"column":18}},"loc":{"start":{"line":11,"column":35},"end":{"line":138,"column":1}},"line":11},"1":{"name":"(anonymous_1)","decl":{"start":{"line":22,"column":12},"end":{"line":22,"column":13}},"loc":{"start":{"line":22,"column":18},"end":{"line":37,"column":3}},"line":22},"2":{"name":"(anonymous_2)","decl":{"start":{"line":23,"column":39},"end":{"line":23,"column":40}},"loc":{"start":{"line":23,"column":53},"end":{"line":36,"column":5}},"line":23},"3":{"name":"(anonymous_3)","decl":{"start":{"line":39,"column":12},"end":{"line":39,"column":13}},"loc":{"start":{"line":39,"column":18},"end":{"line":43,"column":3}},"line":39},"4":{"name":"(anonymous_4)","decl":{"start":{"line":41,"column":56},"end":{"line":41,"column":57}},"loc":{"start":{"line":41,"column":63},"end":{"line":41,"column":64}},"line":41},"5":{"name":"toggleExpanded","decl":{"start":{"line":45,"column":11},"end":{"line":45,"column":25}},"loc":{"start":{"line":45,"column":28},"end":{"line":48,"column":3}},"line":45},"6":{"name":"showAnswers","decl":{"start":{"line":50,"column":11},"end":{"line":50,"column":22}},"loc":{"start":{"line":50,"column":27},"end":{"line":60,"column":3}},"line":50},"7":{"name":"(anonymous_7)","decl":{"start":{"line":51,"column":37},"end":{"line":51,"column":38}},"loc":{"start":{"line":51,"column":44},"end":{"line":58,"column":5}},"line":51},"8":{"name":"changeMode","decl":{"start":{"line":62,"column":11},"end":{"line":62,"column":21}},"loc":{"start":{"line":62,"column":39},"end":{"line":64,"column":3}},"line":62},"9":{"name":"textSearch","decl":{"start":{"line":66,"column":11},"end":{"line":66,"column":21}},"loc":{"start":{"line":66,"column":27},"end":{"line":78,"column":3}},"line":66},"10":{"name":"(anonymous_10)","decl":{"start":{"line":68,"column":46},"end":{"line":68,"column":47}},"loc":{"start":{"line":68,"column":53},"end":{"line":73,"column":7}},"line":68},"11":{"name":"(anonymous_11)","decl":{"start":{"line":76,"column":55},"end":{"line":76,"column":56}},"loc":{"start":{"line":76,"column":62},"end":{"line":76,"column":63}},"line":76},"12":{"name":"markQHelpful","decl":{"start":{"line":80,"column":11},"end":{"line":80,"column":23}},"loc":{"start":{"line":80,"column":28},"end":{"line":93,"column":3}},"line":80},"13":{"name":"(anonymous_13)","decl":{"start":{"line":81,"column":42},"end":{"line":81,"column":43}},"loc":{"start":{"line":81,"column":48},"end":{"line":92,"column":5}},"line":81},"14":{"name":"(anonymous_14)","decl":{"start":{"line":82,"column":39},"end":{"line":82,"column":40}},"loc":{"start":{"line":82,"column":46},"end":{"line":90,"column":7}},"line":82},"15":{"name":"markAHelpful","decl":{"start":{"line":95,"column":11},"end":{"line":95,"column":23}},"loc":{"start":{"line":95,"column":34},"end":{"line":108,"column":3}},"line":95},"16":{"name":"(anonymous_16)","decl":{"start":{"line":96,"column":41},"end":{"line":96,"column":42}},"loc":{"start":{"line":96,"column":45},"end":{"line":107,"column":5}},"line":96},"17":{"name":"(anonymous_17)","decl":{"start":{"line":97,"column":39},"end":{"line":97,"column":40}},"loc":{"start":{"line":97,"column":46},"end":{"line":105,"column":7}},"line":97},"18":{"name":"reportAnswer","decl":{"start":{"line":110,"column":11},"end":{"line":110,"column":23}},"loc":{"start":{"line":110,"column":34},"end":{"line":122,"column":3}},"line":110},"19":{"name":"(anonymous_19)","decl":{"start":{"line":111,"column":40},"end":{"line":111,"column":41}},"loc":{"start":{"line":111,"column":46},"end":{"line":121,"column":5}},"line":111},"20":{"name":"(anonymous_20)","decl":{"start":{"line":112,"column":39},"end":{"line":112,"column":40}},"loc":{"start":{"line":112,"column":46},"end":{"line":119,"column":7}},"line":112}},"branchMap":{"0":{"loc":{"start":{"line":19,"column":9},"end":{"line":19,"column":28}},"type":"binary-expr","locations":[{"start":{"line":19,"column":9},"end":{"line":19,"column":19}},{"start":{"line":19,"column":23},"end":{"line":19,"column":28}}],"line":19},"1":{"loc":{"start":{"line":34,"column":13},"end":{"line":34,"column":32}},"type":"binary-expr","locations":[{"start":{"line":34,"column":13},"end":{"line":34,"column":23}},{"start":{"line":34,"column":27},"end":{"line":34,"column":32}}],"line":34},"2":{"loc":{"start":{"line":40,"column":4},"end":{"line":42,"column":5}},"type":"if","locations":[{"start":{"line":40,"column":4},"end":{"line":42,"column":5}},{"start":{},"end":{}}],"line":40},"3":{"loc":{"start":{"line":52,"column":6},"end":{"line":56,"column":7}},"type":"if","locations":[{"start":{"line":52,"column":6},"end":{"line":56,"column":7}},{"start":{},"end":{}}],"line":52},"4":{"loc":{"start":{"line":67,"column":4},"end":{"line":77,"column":5}},"type":"if","locations":[{"start":{"line":67,"column":4},"end":{"line":77,"column":5}},{"start":{"line":75,"column":11},"end":{"line":77,"column":5}}],"line":67},"5":{"loc":{"start":{"line":69,"column":8},"end":{"line":71,"column":9}},"type":"if","locations":[{"start":{"line":69,"column":8},"end":{"line":71,"column":9}},{"start":{},"end":{}}],"line":69},"6":{"loc":{"start":{"line":83,"column":8},"end":{"line":88,"column":9}},"type":"if","locations":[{"start":{"line":83,"column":8},"end":{"line":88,"column":9}},{"start":{},"end":{}}],"line":83},"7":{"loc":{"start":{"line":98,"column":8},"end":{"line":103,"column":9}},"type":"if","locations":[{"start":{"line":98,"column":8},"end":{"line":103,"column":9}},{"start":{},"end":{}}],"line":98},"8":{"loc":{"start":{"line":113,"column":8},"end":{"line":117,"column":9}},"type":"if","locations":[{"start":{"line":113,"column":8},"end":{"line":117,"column":9}},{"start":{},"end":{}}],"line":113},"9":{"loc":{"start":{"line":134,"column":7},"end":{"line":134,"column":103}},"type":"binary-expr","locations":[{"start":{"line":134,"column":7},"end":{"line":134,"column":33}},{"start":{"line":134,"column":37},"end":{"line":134,"column":103}}],"line":134},"10":{"loc":{"start":{"line":135,"column":7},"end":{"line":135,"column":109}},"type":"binary-expr","locations":[{"start":{"line":135,"column":7},"end":{"line":135,"column":35}},{"start":{"line":135,"column":39},"end":{"line":135,"column":109}}],"line":135}},"s":{"0":2,"1":2,"2":2,"3":2,"4":0,"5":0,"6":2,"7":2,"8":0,"9":0,"10":0,"11":0,"12":0,"13":0,"14":0,"15":0,"16":0,"17":0,"18":0,"19":0,"20":0,"21":0,"22":0,"23":0,"24":0,"25":0,"26":0,"27":0,"28":0,"29":0,"30":0,"31":0,"32":0,"33":0,"34":0,"35":0,"36":0,"37":0,"38":0,"39":0,"40":0,"41":0,"42":0,"43":0,"44":0,"45":0,"46":0,"47":0,"48":0,"49":0,"50":0,"51":0,"52":0,"53":0,"54":2,"55":2},"f":{"0":2,"1":2,"2":0,"3":2,"4":0,"5":0,"6":0,"7":0,"8":0,"9":0,"10":0,"11":0,"12":0,"13":0,"14":0,"15":0,"16":0,"17":0,"18":0,"19":0,"20":0},"b":{"0":[2,1],"1":[0,0],"2":[0,2],"3":[0,0],"4":[0,0],"5":[0,0],"6":[0,0],"7":[0,0],"8":[0,0],"9":[2,0],"10":[2,0]},"_coverageSchema":"1a1c01bbd47fc00a2c39e90264f33305004495a9","hash":"84e5899f8cf7713fe7fb70d2bf4766248db1a8cc"}
,"/home/benjis-brain/hackreactor/senior/fec/Shoptopia/client/src/components/Questions/Modals/AddAnswerModal.jsx": {"path":"/home/benjis-brain/hackreactor/senior/fec/Shoptopia/client/src/components/Questions/Modals/AddAnswerModal.jsx","statementMap":{"0":{"start":{"line":5,"column":30},"end":{"line":5,"column":42}},"1":{"start":{"line":6,"column":34},"end":{"line":6,"column":46}},"2":{"start":{"line":7,"column":28},"end":{"line":7,"column":40}},"3":{"start":{"line":8,"column":30},"end":{"line":8,"column":42}},"4":{"start":{"line":11,"column":22},"end":{"line":11,"column":69}},"5":{"start":{"line":14,"column":4},"end":{"line":17,"column":5}},"6":{"start":{"line":15,"column":6},"end":{"line":15,"column":67}},"7":{"start":{"line":16,"column":6},"end":{"line":16,"column":19}},"8":{"start":{"line":18,"column":4},"end":{"line":21,"column":5}},"9":{"start":{"line":19,"column":6},"end":{"line":19,"column":77}},"10":{"start":{"line":20,"column":6},"end":{"line":20,"column":19}},"11":{"start":{"line":22,"column":4},"end":{"line":22,"column":16}},"12":{"start":{"line":26,"column":4},"end":{"line":26,"column":14}},"13":{"start":{"line":30,"column":4},"end":{"line":35,"column":5}},"14":{"start":{"line":31,"column":6},"end":{"line":31,"column":35}},"15":{"start":{"line":32,"column":6},"end":{"line":34,"column":9}},"16":{"start":{"line":33,"column":8},"end":{"line":33,"column":29}},"17":{"start":{"line":39,"column":4},"end":{"line":39,"column":25}},"18":{"start":{"line":42,"column":13},"end":{"line":42,"column":56}},"19":{"start":{"line":43,"column":13},"end":{"line":43,"column":56}},"20":{"start":{"line":44,"column":13},"end":{"line":44,"column":33}},"21":{"start":{"line":46,"column":2},"end":{"line":58,"column":4}},"22":{"start":{"line":50,"column":76},"end":{"line":50,"column":109}},"23":{"start":{"line":51,"column":78},"end":{"line":51,"column":113}},"24":{"start":{"line":52,"column":75},"end":{"line":52,"column":107}}},"fnMap":{"0":{"name":"AddAnswerModal","decl":{"start":{"line":4,"column":9},"end":{"line":4,"column":23}},"loc":{"start":{"line":4,"column":34},"end":{"line":59,"column":1}},"line":4},"1":{"name":"onUpload","decl":{"start":{"line":9,"column":11},"end":{"line":9,"column":19}},"loc":{"start":{"line":9,"column":22},"end":{"line":9,"column":24}},"line":9},"2":{"name":"validate","decl":{"start":{"line":13,"column":11},"end":{"line":13,"column":19}},"loc":{"start":{"line":13,"column":22},"end":{"line":23,"column":3}},"line":13},"3":{"name":"change","decl":{"start":{"line":25,"column":11},"end":{"line":25,"column":17}},"loc":{"start":{"line":25,"column":29},"end":{"line":27,"column":3}},"line":25},"4":{"name":"onSubmit","decl":{"start":{"line":29,"column":11},"end":{"line":29,"column":19}},"loc":{"start":{"line":29,"column":22},"end":{"line":36,"column":3}},"line":29},"5":{"name":"(anonymous_5)","decl":{"start":{"line":32,"column":81},"end":{"line":32,"column":82}},"loc":{"start":{"line":32,"column":87},"end":{"line":34,"column":7}},"line":32},"6":{"name":"onBack","decl":{"start":{"line":38,"column":11},"end":{"line":38,"column":17}},"loc":{"start":{"line":38,"column":20},"end":{"line":40,"column":3}},"line":38},"7":{"name":"(anonymous_7)","decl":{"start":{"line":50,"column":69},"end":{"line":50,"column":70}},"loc":{"start":{"line":50,"column":76},"end":{"line":50,"column":109}},"line":50},"8":{"name":"(anonymous_8)","decl":{"start":{"line":51,"column":71},"end":{"line":51,"column":72}},"loc":{"start":{"line":51,"column":78},"end":{"line":51,"column":113}},"line":51},"9":{"name":"(anonymous_9)","decl":{"start":{"line":52,"column":68},"end":{"line":52,"column":69}},"loc":{"start":{"line":52,"column":75},"end":{"line":52,"column":107}},"line":52}},"branchMap":{"0":{"loc":{"start":{"line":14,"column":4},"end":{"line":17,"column":5}},"type":"if","locations":[{"start":{"line":14,"column":4},"end":{"line":17,"column":5}},{"start":{},"end":{}}],"line":14},"1":{"loc":{"start":{"line":14,"column":8},"end":{"line":14,"column":56}},"type":"binary-expr","locations":[{"start":{"line":14,"column":8},"end":{"line":14,"column":21}},{"start":{"line":14,"column":25},"end":{"line":14,"column":40}},{"start":{"line":14,"column":44},"end":{"line":14,"column":56}}],"line":14},"2":{"loc":{"start":{"line":18,"column":4},"end":{"line":21,"column":5}},"type":"if","locations":[{"start":{"line":18,"column":4},"end":{"line":21,"column":5}},{"start":{},"end":{}}],"line":18},"3":{"loc":{"start":{"line":30,"column":4},"end":{"line":35,"column":5}},"type":"if","locations":[{"start":{"line":30,"column":4},"end":{"line":35,"column":5}},{"start":{},"end":{}}],"line":30}},"s":{"0":0,"1":0,"2":0,"3":0,"4":0,"5":0,"6":0,"7":0,"8":0,"9":0,"10":0,"11":0,"12":0,"13":0,"14":0,"15":0,"16":0,"17":0,"18":0,"19":0,"20":0,"21":0,"22":0,"23":0,"24":0},"f":{"0":0,"1":0,"2":0,"3":0,"4":0,"5":0,"6":0,"7":0,"8":0,"9":0},"b":{"0":[0,0],"1":[0,0,0],"2":[0,0],"3":[0,0]},"_coverageSchema":"1a1c01bbd47fc00a2c39e90264f33305004495a9","hash":"f1f04d7e4993ad9d965a790057c9235dc580b024"}
,"/home/benjis-brain/hackreactor/senior/fec/Shoptopia/client/src/components/Questions/Modals/AddQuestionModal.jsx": {"path":"/home/benjis-brain/hackreactor/senior/fec/Shoptopia/client/src/components/Questions/Modals/AddQuestionModal.jsx","statementMap":{"0":{"start":{"line":5,"column":34},"end":{"line":5,"column":46}},"1":{"start":{"line":6,"column":34},"end":{"line":6,"column":46}},"2":{"start":{"line":7,"column":28},"end":{"line":7,"column":40}},"3":{"start":{"line":9,"column":22},"end":{"line":9,"column":69}},"4":{"start":{"line":11,"column":4},"end":{"line":14,"column":5}},"5":{"start":{"line":12,"column":6},"end":{"line":12,"column":67}},"6":{"start":{"line":13,"column":6},"end":{"line":13,"column":19}},"7":{"start":{"line":14,"column":6},"end":{"line":17,"column":5}},"8":{"start":{"line":15,"column":6},"end":{"line":15,"column":77}},"9":{"start":{"line":16,"column":6},"end":{"line":16,"column":19}},"10":{"start":{"line":18,"column":4},"end":{"line":18,"column":16}},"11":{"start":{"line":22,"column":4},"end":{"line":22,"column":14}},"12":{"start":{"line":25,"column":4},"end":{"line":29,"column":5}},"13":{"start":{"line":26,"column":6},"end":{"line":28,"column":9}},"14":{"start":{"line":27,"column":8},"end":{"line":27,"column":29}},"15":{"start":{"line":33,"column":4},"end":{"line":33,"column":25}},"16":{"start":{"line":36,"column":13},"end":{"line":36,"column":60}},"17":{"start":{"line":37,"column":13},"end":{"line":37,"column":56}},"18":{"start":{"line":38,"column":13},"end":{"line":38,"column":33}},"19":{"start":{"line":39,"column":2},"end":{"line":50,"column":4}},"20":{"start":{"line":43,"column":78},"end":{"line":43,"column":113}},"21":{"start":{"line":44,"column":78},"end":{"line":44,"column":113}},"22":{"start":{"line":45,"column":75},"end":{"line":45,"column":107}}},"fnMap":{"0":{"name":"AddQuestionModal","decl":{"start":{"line":4,"column":9},"end":{"line":4,"column":25}},"loc":{"start":{"line":4,"column":36},"end":{"line":51,"column":1}},"line":4},"1":{"name":"validate","decl":{"start":{"line":10,"column":11},"end":{"line":10,"column":19}},"loc":{"start":{"line":10,"column":22},"end":{"line":19,"column":3}},"line":10},"2":{"name":"change","decl":{"start":{"line":21,"column":11},"end":{"line":21,"column":17}},"loc":{"start":{"line":21,"column":29},"end":{"line":23,"column":3}},"line":21},"3":{"name":"onSubmit","decl":{"start":{"line":24,"column":11},"end":{"line":24,"column":19}},"loc":{"start":{"line":24,"column":22},"end":{"line":30,"column":3}},"line":24},"4":{"name":"(anonymous_4)","decl":{"start":{"line":26,"column":68},"end":{"line":26,"column":69}},"loc":{"start":{"line":26,"column":74},"end":{"line":28,"column":7}},"line":26},"5":{"name":"onBack","decl":{"start":{"line":32,"column":11},"end":{"line":32,"column":17}},"loc":{"start":{"line":32,"column":20},"end":{"line":34,"column":3}},"line":32},"6":{"name":"(anonymous_6)","decl":{"start":{"line":43,"column":71},"end":{"line":43,"column":72}},"loc":{"start":{"line":43,"column":78},"end":{"line":43,"column":113}},"line":43},"7":{"name":"(anonymous_7)","decl":{"start":{"line":44,"column":71},"end":{"line":44,"column":72}},"loc":{"start":{"line":44,"column":78},"end":{"line":44,"column":113}},"line":44},"8":{"name":"(anonymous_8)","decl":{"start":{"line":45,"column":68},"end":{"line":45,"column":69}},"loc":{"start":{"line":45,"column":75},"end":{"line":45,"column":107}},"line":45}},"branchMap":{"0":{"loc":{"start":{"line":11,"column":4},"end":{"line":14,"column":5}},"type":"if","locations":[{"start":{"line":11,"column":4},"end":{"line":14,"column":5}},{"start":{},"end":{}}],"line":11},"1":{"loc":{"start":{"line":11,"column":8},"end":{"line":11,"column":58}},"type":"binary-expr","locations":[{"start":{"line":11,"column":8},"end":{"line":11,"column":23}},{"start":{"line":11,"column":27},"end":{"line":11,"column":42}},{"start":{"line":11,"column":46},"end":{"line":11,"column":58}}],"line":11},"2":{"loc":{"start":{"line":14,"column":6},"end":{"line":17,"column":5}},"type":"if","locations":[{"start":{"line":14,"column":6},"end":{"line":17,"column":5}},{"start":{},"end":{}}],"line":14},"3":{"loc":{"start":{"line":25,"column":4},"end":{"line":29,"column":5}},"type":"if","locations":[{"start":{"line":25,"column":4},"end":{"line":29,"column":5}},{"start":{},"end":{}}],"line":25}},"s":{"0":0,"1":0,"2":0,"3":0,"4":0,"5":0,"6":0,"7":0,"8":0,"9":0,"10":0,"11":0,"12":0,"13":0,"14":0,"15":0,"16":0,"17":0,"18":0,"19":0,"20":0,"21":0,"22":0},"f":{"0":0,"1":0,"2":0,"3":0,"4":0,"5":0,"6":0,"7":0,"8":0},"b":{"0":[0,0],"1":[0,0,0],"2":[0,0],"3":[0,0]},"_coverageSchema":"1a1c01bbd47fc00a2c39e90264f33305004495a9","hash":"ff54ef56f997efaa483b2cfc69ca94da399f1058"}
,"/home/benjis-brain/hackreactor/senior/fec/Shoptopia/client/src/components/Questions/Modals/ImageModal.jsx": {"path":"/home/benjis-brain/hackreactor/senior/fec/Shoptopia/client/src/components/Questions/Modals/ImageModal.jsx","statementMap":{},"fnMap":{},"branchMap":{},"s":{},"f":{},"b":{},"_coverageSchema":"1a1c01bbd47fc00a2c39e90264f33305004495a9","hash":"3ebbe1b2bd21b0663eeff4f43123f0b19f38e09a"}
,"/home/benjis-brain/hackreactor/senior/fec/Shoptopia/client/src/components/Questions/Navigation/NavigationButtons.jsx": {"path":"/home/benjis-brain/hackreactor/senior/fec/Shoptopia/client/src/components/Questions/Navigation/NavigationButtons.jsx","statementMap":{"0":{"start":{"line":4,"column":40},"end":{"line":4,"column":41}},"1":{"start":{"line":6,"column":4},"end":{"line":6,"column":35}},"2":{"start":{"line":8,"column":21},"end":{"line":8,"column":88}},"3":{"start":{"line":9,"column":2},"end":{"line":14,"column":4}}},"fnMap":{"0":{"name":"NavigationButtons","decl":{"start":{"line":3,"column":9},"end":{"line":3,"column":26}},"loc":{"start":{"line":3,"column":38},"end":{"line":15,"column":1}},"line":3},"1":{"name":"onAddQuestion","decl":{"start":{"line":5,"column":11},"end":{"line":5,"column":24}},"loc":{"start":{"line":5,"column":27},"end":{"line":7,"column":3}},"line":5}},"branchMap":{"0":{"loc":{"start":{"line":8,"column":21},"end":{"line":8,"column":88}},"type":"cond-expr","locations":[{"start":{"line":8,"column":35},"end":{"line":8,"column":60}},{"start":{"line":8,"column":63},"end":{"line":8,"column":88}}],"line":8},"1":{"loc":{"start":{"line":12,"column":7},"end":{"line":12,"column":73}},"type":"binary-expr","locations":[{"start":{"line":12,"column":7},"end":{"line":12,"column":14}},{"start":{"line":12,"column":18},"end":{"line":12,"column":73}}],"line":12}},"s":{"0":2,"1":0,"2":2,"3":2},"f":{"0":2,"1":0},"b":{"0":[2,0],"1":[2,2]},"_coverageSchema":"1a1c01bbd47fc00a2c39e90264f33305004495a9","hash":"b67bc0f8cf35958efe8e5a1e33334f03a796e230"}
,"/home/benjis-brain/hackreactor/senior/fec/Shoptopia/client/src/components/Questions/Navigation/SearchBar.jsx": {"path":"/home/benjis-brain/hackreactor/senior/fec/Shoptopia/client/src/components/Questions/Navigation/SearchBar.jsx","statementMap":{"0":{"start":{"line":4,"column":38},"end":{"line":4,"column":50}},"1":{"start":{"line":7,"column":4},"end":{"line":7,"column":33}},"2":{"start":{"line":10,"column":2},"end":{"line":17,"column":4}}},"fnMap":{"0":{"name":"SearchBar","decl":{"start":{"line":3,"column":9},"end":{"line":3,"column":18}},"loc":{"start":{"line":3,"column":26},"end":{"line":18,"column":1}},"line":3},"1":{"name":"onTextChange","decl":{"start":{"line":6,"column":11},"end":{"line":6,"column":23}},"loc":{"start":{"line":6,"column":27},"end":{"line":8,"column":3}},"line":6}},"branchMap":{},"s":{"0":2,"1":0,"2":2},"f":{"0":2,"1":0},"b":{},"_coverageSchema":"1a1c01bbd47fc00a2c39e90264f33305004495a9","hash":"683cd1bdeb988e7ad966810e9f88669baabd84b3"}
,"/home/benjis-brain/hackreactor/senior/fec/Shoptopia/client/src/components/Questions/QuestionList/Answer.jsx": {"path":"/home/benjis-brain/hackreactor/senior/fec/Shoptopia/client/src/components/Questions/QuestionList/Answer.jsx","statementMap":{"0":{"start":{"line":4,"column":41},"end":{"line":4,"column":42}},"1":{"start":{"line":6,"column":4},"end":{"line":6,"column":27}},"2":{"start":{"line":9,"column":4},"end":{"line":9,"column":27}},"3":{"start":{"line":12,"column":2},"end":{"line":19,"column":4}}},"fnMap":{"0":{"name":"Answer","decl":{"start":{"line":3,"column":9},"end":{"line":3,"column":15}},"loc":{"start":{"line":3,"column":43},"end":{"line":20,"column":1}},"line":3},"1":{"name":"onHelpful","decl":{"start":{"line":5,"column":11},"end":{"line":5,"column":20}},"loc":{"start":{"line":5,"column":23},"end":{"line":7,"column":3}},"line":5},"2":{"name":"onReport","decl":{"start":{"line":8,"column":11},"end":{"line":8,"column":19}},"loc":{"start":{"line":8,"column":22},"end":{"line":10,"column":3}},"line":8}},"branchMap":{"0":{"loc":{"start":{"line":17,"column":20},"end":{"line":17,"column":114}},"type":"cond-expr","locations":[{"start":{"line":17,"column":42},"end":{"line":17,"column":82}},{"start":{"line":17,"column":83},"end":{"line":17,"column":114}}],"line":17},"1":{"loc":{"start":{"line":17,"column":142},"end":{"line":17,"column":227}},"type":"cond-expr","locations":[{"start":{"line":17,"column":159},"end":{"line":17,"column":201}},{"start":{"line":17,"column":202},"end":{"line":17,"column":227}}],"line":17}},"s":{"0":0,"1":0,"2":0,"3":0},"f":{"0":0,"1":0,"2":0},"b":{"0":[0,0],"1":[0,0]},"_coverageSchema":"1a1c01bbd47fc00a2c39e90264f33305004495a9","hash":"90828b21b1627a56802727a47ab0fe845eebcafe"}
,"/home/benjis-brain/hackreactor/senior/fec/Shoptopia/client/src/components/Questions/QuestionList/AnswerList.jsx": {"path":"/home/benjis-brain/hackreactor/senior/fec/Shoptopia/client/src/components/Questions/QuestionList/AnswerList.jsx","statementMap":{"0":{"start":{"line":6,"column":23},"end":{"line":6,"column":69}},"1":{"start":{"line":6,"column":47},"end":{"line":6,"column":68}},"2":{"start":{"line":7,"column":2},"end":{"line":11,"column":3}},"3":{"start":{"line":8,"column":4},"end":{"line":8,"column":32}},"4":{"start":{"line":10,"column":4},"end":{"line":10,"column":20}},"5":{"start":{"line":12,"column":16},"end":{"line":16,"column":3}},"6":{"start":{"line":17,"column":2},"end":{"line":21,"column":4}},"7":{"start":{"line":19,"column":25},"end":{"line":19,"column":90}}},"fnMap":{"0":{"name":"AnswerList","decl":{"start":{"line":4,"column":9},"end":{"line":4,"column":19}},"loc":{"start":{"line":4,"column":44},"end":{"line":22,"column":1}},"line":4},"1":{"name":"(anonymous_1)","decl":{"start":{"line":6,"column":40},"end":{"line":6,"column":41}},"loc":{"start":{"line":6,"column":47},"end":{"line":6,"column":68}},"line":6},"2":{"name":"(anonymous_2)","decl":{"start":{"line":19,"column":17},"end":{"line":19,"column":18}},"loc":{"start":{"line":19,"column":25},"end":{"line":19,"column":90}},"line":19}},"branchMap":{"0":{"loc":{"start":{"line":7,"column":2},"end":{"line":11,"column":3}},"type":"if","locations":[{"start":{"line":7,"column":2},"end":{"line":11,"column":3}},{"start":{"line":9,"column":9},"end":{"line":11,"column":3}}],"line":7},"1":{"loc":{"start":{"line":7,"column":6},"end":{"line":7,"column":41}},"type":"binary-expr","locations":[{"start":{"line":7,"column":6},"end":{"line":7,"column":15}},{"start":{"line":7,"column":19},"end":{"line":7,"column":41}}],"line":7}},"s":{"0":0,"1":0,"2":0,"3":0,"4":0,"5":0,"6":0,"7":0},"f":{"0":0,"1":0,"2":0},"b":{"0":[0,0],"1":[0,0]},"_coverageSchema":"1a1c01bbd47fc00a2c39e90264f33305004495a9","hash":"8faa182ccb3390bdae99623b98112641f263e355"}
,"/home/benjis-brain/hackreactor/senior/fec/Shoptopia/client/src/components/Questions/QuestionList/Question.jsx": {"path":"/home/benjis-brain/hackreactor/senior/fec/Shoptopia/client/src/components/Questions/QuestionList/Question.jsx","statementMap":{"0":{"start":{"line":5,"column":52},"end":{"line":5,"column":53}},"1":{"start":{"line":8,"column":4},"end":{"line":8,"column":22}},"2":{"start":{"line":12,"column":4},"end":{"line":12,"column":21}},"3":{"start":{"line":15,"column":4},"end":{"line":15,"column":48}},"4":{"start":{"line":18,"column":16},"end":{"line":18,"column":81}},"5":{"start":{"line":18,"column":59},"end":{"line":18,"column":80}},"6":{"start":{"line":20,"column":2},"end":{"line":28,"column":5}},"7":{"start":{"line":21,"column":4},"end":{"line":23,"column":5}},"8":{"start":{"line":22,"column":6},"end":{"line":22,"column":15}},"9":{"start":{"line":24,"column":4},"end":{"line":26,"column":5}},"10":{"start":{"line":25,"column":6},"end":{"line":25,"column":16}},"11":{"start":{"line":27,"column":4},"end":{"line":27,"column":13}},"12":{"start":{"line":30,"column":2},"end":{"line":39,"column":4}}},"fnMap":{"0":{"name":"Question","decl":{"start":{"line":4,"column":9},"end":{"line":4,"column":17}},"loc":{"start":{"line":4,"column":43},"end":{"line":40,"column":1}},"line":4},"1":{"name":"onHelpful","decl":{"start":{"line":7,"column":11},"end":{"line":7,"column":20}},"loc":{"start":{"line":7,"column":23},"end":{"line":9,"column":3}},"line":7},"2":{"name":"onToggle","decl":{"start":{"line":11,"column":11},"end":{"line":11,"column":19}},"loc":{"start":{"line":11,"column":22},"end":{"line":13,"column":3}},"line":11},"3":{"name":"onAddAnswer","decl":{"start":{"line":14,"column":11},"end":{"line":14,"column":22}},"loc":{"start":{"line":14,"column":25},"end":{"line":16,"column":3}},"line":14},"4":{"name":"(anonymous_4)","decl":{"start":{"line":18,"column":50},"end":{"line":18,"column":51}},"loc":{"start":{"line":18,"column":59},"end":{"line":18,"column":80}},"line":18},"5":{"name":"(anonymous_5)","decl":{"start":{"line":20,"column":25},"end":{"line":20,"column":26}},"loc":{"start":{"line":20,"column":35},"end":{"line":28,"column":3}},"line":20}},"branchMap":{"0":{"loc":{"start":{"line":21,"column":4},"end":{"line":23,"column":5}},"type":"if","locations":[{"start":{"line":21,"column":4},"end":{"line":23,"column":5}},{"start":{},"end":{}}],"line":21},"1":{"loc":{"start":{"line":24,"column":4},"end":{"line":26,"column":5}},"type":"if","locations":[{"start":{"line":24,"column":4},"end":{"line":26,"column":5}},{"start":{},"end":{}}],"line":24},"2":{"loc":{"start":{"line":35,"column":18},"end":{"line":35,"column":121}},"type":"cond-expr","locations":[{"start":{"line":35,"column":43},"end":{"line":35,"column":75}},{"start":{"line":35,"column":78},"end":{"line":35,"column":121}}],"line":35},"3":{"loc":{"start":{"line":37,"column":5},"end":{"line":37,"column":128}},"type":"binary-expr","locations":[{"start":{"line":37,"column":5},"end":{"line":37,"column":23}},{"start":{"line":37,"column":27},"end":{"line":37,"column":128}}],"line":37},"4":{"loc":{"start":{"line":37,"column":56},"end":{"line":37,"column":117}},"type":"cond-expr","locations":[{"start":{"line":37,"column":76},"end":{"line":37,"column":95}},{"start":{"line":37,"column":98},"end":{"line":37,"column":117}}],"line":37}},"s":{"0":0,"1":0,"2":0,"3":0,"4":0,"5":0,"6":0,"7":0,"8":0,"9":0,"10":0,"11":0,"12":0},"f":{"0":0,"1":0,"2":0,"3":0,"4":0,"5":0},"b":{"0":[0,0],"1":[0,0],"2":[0,0],"3":[0,0],"4":[0,0]},"_coverageSchema":"1a1c01bbd47fc00a2c39e90264f33305004495a9","hash":"69c7aef07037fc45c37c8670313feb1505c453cd"}
,"/home/benjis-brain/hackreactor/senior/fec/Shoptopia/client/src/components/Questions/QuestionList/QuestionList.jsx": {"path":"/home/benjis-brain/hackreactor/senior/fec/Shoptopia/client/src/components/Questions/QuestionList/QuestionList.jsx","statementMap":{"0":{"start":{"line":5,"column":24},"end":{"line":5,"column":25}},"1":{"start":{"line":7,"column":13},"end":{"line":15,"column":4}},"2":{"start":{"line":8,"column":4},"end":{"line":10,"column":5}},"3":{"start":{"line":9,"column":6},"end":{"line":9,"column":15}},"4":{"start":{"line":11,"column":4},"end":{"line":13,"column":5}},"5":{"start":{"line":12,"column":6},"end":{"line":12,"column":16}},"6":{"start":{"line":14,"column":4},"end":{"line":14,"column":13}},"7":{"start":{"line":16,"column":2},"end":{"line":18,"column":3}},"8":{"start":{"line":17,"column":4},"end":{"line":17,"column":28}},"9":{"start":{"line":20,"column":16},"end":{"line":24,"column":3}},"10":{"start":{"line":26,"column":2},"end":{"line":32,"column":4}},"11":{"start":{"line":29,"column":26},"end":{"line":29,"column":103}}},"fnMap":{"0":{"name":"QuestionList","decl":{"start":{"line":4,"column":9},"end":{"line":4,"column":21}},"loc":{"start":{"line":4,"column":32},"end":{"line":33,"column":1}},"line":4},"1":{"name":"(anonymous_1)","decl":{"start":{"line":7,"column":28},"end":{"line":7,"column":29}},"loc":{"start":{"line":7,"column":38},"end":{"line":15,"column":3}},"line":7},"2":{"name":"(anonymous_2)","decl":{"start":{"line":29,"column":18},"end":{"line":29,"column":19}},"loc":{"start":{"line":29,"column":26},"end":{"line":29,"column":103}},"line":29}},"branchMap":{"0":{"loc":{"start":{"line":8,"column":4},"end":{"line":10,"column":5}},"type":"if","locations":[{"start":{"line":8,"column":4},"end":{"line":10,"column":5}},{"start":{},"end":{}}],"line":8},"1":{"loc":{"start":{"line":11,"column":4},"end":{"line":13,"column":5}},"type":"if","locations":[{"start":{"line":11,"column":4},"end":{"line":13,"column":5}},{"start":{},"end":{}}],"line":11},"2":{"loc":{"start":{"line":16,"column":2},"end":{"line":18,"column":3}},"type":"if","locations":[{"start":{"line":16,"column":2},"end":{"line":18,"column":3}},{"start":{},"end":{}}],"line":16}},"s":{"0":2,"1":2,"2":0,"3":0,"4":0,"5":0,"6":0,"7":2,"8":2,"9":2,"10":2,"11":0},"f":{"0":2,"1":0,"2":0},"b":{"0":[0,0],"1":[0,0],"2":[2,0]},"_coverageSchema":"1a1c01bbd47fc00a2c39e90264f33305004495a9","hash":"90f1f2f0892f8bf5c741423288c8462f6c5c4406"}
,"/home/benjis-brain/hackreactor/senior/fec/Shoptopia/client/src/components/Ratings/Ratings.jsx": {"path":"/home/benjis-brain/hackreactor/senior/fec/Shoptopia/client/src/components/Ratings/Ratings.jsx","statementMap":{"0":{"start":{"line":8,"column":32},"end":{"line":8,"column":42}},"1":{"start":{"line":9,"column":34},"end":{"line":9,"column":44}},"2":{"start":{"line":10,"column":40},"end":{"line":10,"column":55}},"3":{"start":{"line":11,"column":40},"end":{"line":11,"column":60}},"4":{"start":{"line":12,"column":32},"end":{"line":12,"column":44}},"5":{"start":{"line":14,"column":2},"end":{"line":25,"column":20}},"6":{"start":{"line":15,"column":4},"end":{"line":20,"column":72}},"7":{"start":{"line":18,"column":8},"end":{"line":18,"column":40}},"8":{"start":{"line":20,"column":22},"end":{"line":20,"column":70}},"9":{"start":{"line":21,"column":4},"end":{"line":24,"column":69}},"10":{"start":{"line":23,"column":24},"end":{"line":23,"column":48}},"11":{"start":{"line":24,"column":22},"end":{"line":24,"column":67}},"12":{"start":{"line":26,"column":2},"end":{"line":58,"column":4}},"13":{"start":{"line":41,"column":33},"end":{"line":41,"column":63}},"14":{"start":{"line":53,"column":45},"end":{"line":53,"column":65}}},"fnMap":{"0":{"name":"Ratings","decl":{"start":{"line":7,"column":9},"end":{"line":7,"column":16}},"loc":{"start":{"line":7,"column":44},"end":{"line":59,"column":1}},"line":7},"1":{"name":"(anonymous_1)","decl":{"start":{"line":14,"column":12},"end":{"line":14,"column":13}},"loc":{"start":{"line":14,"column":18},"end":{"line":25,"column":3}},"line":14},"2":{"name":"(anonymous_2)","decl":{"start":{"line":17,"column":12},"end":{"line":17,"column":13}},"loc":{"start":{"line":17,"column":24},"end":{"line":19,"column":7}},"line":17},"3":{"name":"(anonymous_3)","decl":{"start":{"line":20,"column":13},"end":{"line":20,"column":14}},"loc":{"start":{"line":20,"column":22},"end":{"line":20,"column":70}},"line":20},"4":{"name":"(anonymous_4)","decl":{"start":{"line":23,"column":12},"end":{"line":23,"column":13}},"loc":{"start":{"line":23,"column":24},"end":{"line":23,"column":48}},"line":23},"5":{"name":"(anonymous_5)","decl":{"start":{"line":24,"column":13},"end":{"line":24,"column":14}},"loc":{"start":{"line":24,"column":22},"end":{"line":24,"column":67}},"line":24},"6":{"name":"(anonymous_6)","decl":{"start":{"line":41,"column":26},"end":{"line":41,"column":27}},"loc":{"start":{"line":41,"column":33},"end":{"line":41,"column":63}},"line":41},"7":{"name":"(anonymous_7)","decl":{"start":{"line":53,"column":39},"end":{"line":53,"column":40}},"loc":{"start":{"line":53,"column":45},"end":{"line":53,"column":65}},"line":53}},"branchMap":{"0":{"loc":{"start":{"line":30,"column":9},"end":{"line":36,"column":9}},"type":"binary-expr","locations":[{"start":{"line":30,"column":9},"end":{"line":30,"column":17}},{"start":{"line":31,"column":10},"end":{"line":35,"column":12}}],"line":30},"1":{"loc":{"start":{"line":40,"column":13},"end":{"line":40,"column":62}},"type":"binary-expr","locations":[{"start":{"line":40,"column":13},"end":{"line":40,"column":20}},{"start":{"line":40,"column":24},"end":{"line":40,"column":62}}],"line":40},"2":{"loc":{"start":{"line":47,"column":9},"end":{"line":52,"column":9}},"type":"binary-expr","locations":[{"start":{"line":47,"column":9},"end":{"line":47,"column":16}},{"start":{"line":48,"column":10},"end":{"line":51,"column":12}}],"line":47},"3":{"loc":{"start":{"line":49,"column":21},"end":{"line":49,"column":64}},"type":"cond-expr","locations":[{"start":{"line":49,"column":35},"end":{"line":49,"column":42}},{"start":{"line":49,"column":45},"end":{"line":49,"column":64}}],"line":49}},"s":{"0":1,"1":1,"2":1,"3":1,"4":1,"5":1,"6":1,"7":0,"8":0,"9":1,"10":0,"11":0,"12":1,"13":0,"14":0},"f":{"0":1,"1":1,"2":0,"3":0,"4":0,"5":0,"6":0,"7":0},"b":{"0":[1,0],"1":[1,0],"2":[1,0],"3":[0,0]},"_coverageSchema":"1a1c01bbd47fc00a2c39e90264f33305004495a9","hash":"b1ae16b62da1181589c803be8b1338de1756bfa2"}
,"/home/benjis-brain/hackreactor/senior/fec/Shoptopia/client/src/components/Ratings/sub-comps/RatingBreakdown.jsx": {"path":"/home/benjis-brain/hackreactor/senior/fec/Shoptopia/client/src/components/Ratings/sub-comps/RatingBreakdown.jsx","statementMap":{"0":{"start":{"line":11,"column":23},"end":{"line":14,"column":3}},"1":{"start":{"line":12,"column":19},"end":{"line":12,"column":45}},"2":{"start":{"line":16,"column":28},"end":{"line":24,"column":3}},"3":{"start":{"line":18,"column":4},"end":{"line":22,"column":5}},"4":{"start":{"line":19,"column":6},"end":{"line":19,"column":68}},"5":{"start":{"line":19,"column":49},"end":{"line":19,"column":66}},"6":{"start":{"line":21,"column":6},"end":{"line":21,"column":43}},"7":{"start":{"line":23,"column":4},"end":{"line":23,"column":30}},"8":{"start":{"line":25,"column":2},"end":{"line":64,"column":4}},"9":{"start":{"line":31,"column":10},"end":{"line":56,"column":16}},"10":{"start":{"line":31,"column":58},"end":{"line":31,"column":82}},"11":{"start":{"line":61,"column":30},"end":{"line":61,"column":44}}},"fnMap":{"0":{"name":"RatingBreakdown","decl":{"start":{"line":10,"column":9},"end":{"line":10,"column":24}},"loc":{"start":{"line":10,"column":60},"end":{"line":65,"column":1}},"line":10},"1":{"name":"(anonymous_1)","decl":{"start":{"line":12,"column":4},"end":{"line":12,"column":5}},"loc":{"start":{"line":12,"column":19},"end":{"line":12,"column":45}},"line":12},"2":{"name":"(anonymous_2)","decl":{"start":{"line":16,"column":28},"end":{"line":16,"column":29}},"loc":{"start":{"line":16,"column":40},"end":{"line":24,"column":3}},"line":16},"3":{"name":"(anonymous_3)","decl":{"start":{"line":19,"column":37},"end":{"line":19,"column":38}},"loc":{"start":{"line":19,"column":49},"end":{"line":19,"column":66}},"line":19},"4":{"name":"(anonymous_4)","decl":{"start":{"line":30,"column":45},"end":{"line":30,"column":46}},"loc":{"start":{"line":31,"column":10},"end":{"line":56,"column":16}},"line":31},"5":{"name":"(anonymous_5)","decl":{"start":{"line":31,"column":52},"end":{"line":31,"column":53}},"loc":{"start":{"line":31,"column":58},"end":{"line":31,"column":82}},"line":31},"6":{"name":"(anonymous_6)","decl":{"start":{"line":61,"column":24},"end":{"line":61,"column":25}},"loc":{"start":{"line":61,"column":30},"end":{"line":61,"column":44}},"line":61}},"branchMap":{"0":{"loc":{"start":{"line":18,"column":4},"end":{"line":22,"column":5}},"type":"if","locations":[{"start":{"line":18,"column":4},"end":{"line":22,"column":5}},{"start":{"line":20,"column":11},"end":{"line":22,"column":5}}],"line":18},"1":{"loc":{"start":{"line":60,"column":9},"end":{"line":61,"column":75}},"type":"cond-expr","locations":[{"start":{"line":61,"column":12},"end":{"line":61,"column":68}},{"start":{"line":61,"column":71},"end":{"line":61,"column":75}}],"line":60}},"s":{"0":0,"1":0,"2":0,"3":0,"4":0,"5":0,"6":0,"7":0,"8":0,"9":0,"10":0,"11":0},"f":{"0":0,"1":0,"2":0,"3":0,"4":0,"5":0,"6":0},"b":{"0":[0,0],"1":[0,0]},"_coverageSchema":"1a1c01bbd47fc00a2c39e90264f33305004495a9","hash":"145ce809d48f7cfcd3b0005cacf7e6617fcf8894"}
,"/home/benjis-brain/hackreactor/senior/fec/Shoptopia/client/src/components/Ratings/sub-comps/ReviewTile.jsx": {"path":"/home/benjis-brain/hackreactor/senior/fec/Shoptopia/client/src/components/Ratings/sub-comps/ReviewTile.jsx","statementMap":{"0":{"start":{"line":14,"column":16},"end":{"line":18,"column":3}},"1":{"start":{"line":20,"column":28},"end":{"line":20,"column":40}},"2":{"start":{"line":21,"column":34},"end":{"line":23,"column":3}},"3":{"start":{"line":22,"column":10},"end":{"line":22,"column":57}},"4":{"start":{"line":24,"column":34},"end":{"line":24,"column":49}},"5":{"start":{"line":26,"column":31},"end":{"line":32,"column":3}},"6":{"start":{"line":27,"column":4},"end":{"line":31,"column":5}},"7":{"start":{"line":28,"column":6},"end":{"line":28,"column":53}},"8":{"start":{"line":29,"column":6},"end":{"line":29,"column":24}},"9":{"start":{"line":30,"column":6},"end":{"line":30,"column":52}},"10":{"start":{"line":34,"column":31},"end":{"line":40,"column":3}},"11":{"start":{"line":35,"column":4},"end":{"line":39,"column":5}},"12":{"start":{"line":36,"column":6},"end":{"line":36,"column":53}},"13":{"start":{"line":37,"column":6},"end":{"line":37,"column":24}},"14":{"start":{"line":38,"column":6},"end":{"line":38,"column":45}},"15":{"start":{"line":41,"column":2},"end":{"line":44,"column":25}},"16":{"start":{"line":42,"column":26},"end":{"line":42,"column":75}},"17":{"start":{"line":43,"column":4},"end":{"line":43,"column":31}},"18":{"start":{"line":46,"column":2},"end":{"line":101,"column":4}},"19":{"start":{"line":59,"column":26},"end":{"line":59,"column":43}},"20":{"start":{"line":62,"column":8},"end":{"line":67,"column":10}},"21":{"start":{"line":66,"column":25},"end":{"line":66,"column":44}},"22":{"start":{"line":79,"column":33},"end":{"line":79,"column":45}},"23":{"start":{"line":93,"column":26},"end":{"line":93,"column":64}},"24":{"start":{"line":98,"column":26},"end":{"line":98,"column":64}}},"fnMap":{"0":{"name":"ReviewTile","decl":{"start":{"line":13,"column":9},"end":{"line":13,"column":19}},"loc":{"start":{"line":13,"column":32},"end":{"line":102,"column":1}},"line":13},"1":{"name":"(anonymous_1)","decl":{"start":{"line":22,"column":4},"end":{"line":22,"column":5}},"loc":{"start":{"line":22,"column":10},"end":{"line":22,"column":57}},"line":22},"2":{"name":"(anonymous_2)","decl":{"start":{"line":26,"column":31},"end":{"line":26,"column":32}},"loc":{"start":{"line":26,"column":37},"end":{"line":32,"column":3}},"line":26},"3":{"name":"(anonymous_3)","decl":{"start":{"line":34,"column":31},"end":{"line":34,"column":32}},"loc":{"start":{"line":34,"column":37},"end":{"line":40,"column":3}},"line":34},"4":{"name":"(anonymous_4)","decl":{"start":{"line":41,"column":12},"end":{"line":41,"column":13}},"loc":{"start":{"line":41,"column":18},"end":{"line":44,"column":3}},"line":41},"5":{"name":"(anonymous_5)","decl":{"start":{"line":59,"column":20},"end":{"line":59,"column":21}},"loc":{"start":{"line":59,"column":26},"end":{"line":59,"column":43}},"line":59},"6":{"name":"(anonymous_6)","decl":{"start":{"line":61,"column":25},"end":{"line":61,"column":26}},"loc":{"start":{"line":62,"column":8},"end":{"line":67,"column":10}},"line":62},"7":{"name":"(anonymous_7)","decl":{"start":{"line":66,"column":19},"end":{"line":66,"column":20}},"loc":{"start":{"line":66,"column":25},"end":{"line":66,"column":44}},"line":66},"8":{"name":"(anonymous_8)","decl":{"start":{"line":79,"column":27},"end":{"line":79,"column":28}},"loc":{"start":{"line":79,"column":33},"end":{"line":79,"column":45}},"line":79},"9":{"name":"(anonymous_9)","decl":{"start":{"line":93,"column":20},"end":{"line":93,"column":21}},"loc":{"start":{"line":93,"column":26},"end":{"line":93,"column":64}},"line":93},"10":{"name":"(anonymous_10)","decl":{"start":{"line":98,"column":20},"end":{"line":98,"column":21}},"loc":{"start":{"line":98,"column":26},"end":{"line":98,"column":64}},"line":98}},"branchMap":{"0":{"loc":{"start":{"line":27,"column":4},"end":{"line":31,"column":5}},"type":"if","locations":[{"start":{"line":27,"column":4},"end":{"line":31,"column":5}},{"start":{},"end":{}}],"line":27},"1":{"loc":{"start":{"line":35,"column":4},"end":{"line":39,"column":5}},"type":"if","locations":[{"start":{"line":35,"column":4},"end":{"line":39,"column":5}},{"start":{},"end":{}}],"line":35},"2":{"loc":{"start":{"line":55,"column":9},"end":{"line":55,"column":77}},"type":"cond-expr","locations":[{"start":{"line":55,"column":38},"end":{"line":55,"column":60}},{"start":{"line":55,"column":63},"end":{"line":55,"column":77}}],"line":55},"3":{"loc":{"start":{"line":57,"column":10},"end":{"line":57,"column":60}},"type":"cond-expr","locations":[{"start":{"line":57,"column":21},"end":{"line":57,"column":32}},{"start":{"line":57,"column":35},"end":{"line":57,"column":60}}],"line":57},"4":{"loc":{"start":{"line":58,"column":7},"end":{"line":60,"column":7}},"type":"binary-expr","locations":[{"start":{"line":58,"column":7},"end":{"line":58,"column":31}},{"start":{"line":59,"column":8},"end":{"line":59,"column":58}}],"line":58},"5":{"loc":{"start":{"line":69,"column":7},"end":{"line":81,"column":7}},"type":"binary-expr","locations":[{"start":{"line":69,"column":7},"end":{"line":69,"column":12}},{"start":{"line":70,"column":8},"end":{"line":80,"column":11}}],"line":69},"6":{"loc":{"start":{"line":83,"column":7},"end":{"line":88,"column":7}},"type":"binary-expr","locations":[{"start":{"line":83,"column":7},"end":{"line":83,"column":22}},{"start":{"line":84,"column":8},"end":{"line":87,"column":11}}],"line":83},"7":{"loc":{"start":{"line":89,"column":10},"end":{"line":89,"column":43}},"type":"binary-expr","locations":[{"start":{"line":89,"column":10},"end":{"line":89,"column":25}},{"start":{"line":89,"column":29},"end":{"line":89,"column":43}}],"line":89},"8":{"loc":{"start":{"line":90,"column":10},"end":{"line":90,"column":56}},"type":"binary-expr","locations":[{"start":{"line":90,"column":10},"end":{"line":90,"column":26}},{"start":{"line":90,"column":30},"end":{"line":90,"column":56}}],"line":90}},"s":{"0":0,"1":0,"2":0,"3":0,"4":0,"5":0,"6":0,"7":0,"8":0,"9":0,"10":0,"11":0,"12":0,"13":0,"14":0,"15":0,"16":0,"17":0,"18":0,"19":0,"20":0,"21":0,"22":0,"23":0,"24":0},"f":{"0":0,"1":0,"2":0,"3":0,"4":0,"5":0,"6":0,"7":0,"8":0,"9":0,"10":0},"b":{"0":[0,0],"1":[0,0],"2":[0,0],"3":[0,0],"4":[0,0],"5":[0,0],"6":[0,0],"7":[0,0],"8":[0,0]},"_coverageSchema":"1a1c01bbd47fc00a2c39e90264f33305004495a9","hash":"7b1afd1069d20db8470fcecdc268ba862027c495"}
,"/home/benjis-brain/hackreactor/senior/fec/Shoptopia/client/src/components/Ratings/sub-comps/ReviewsList.jsx": {"path":"/home/benjis-brain/hackreactor/senior/fec/Shoptopia/client/src/components/Ratings/sub-comps/ReviewsList.jsx","statementMap":{"0":{"start":{"line":8,"column":36},"end":{"line":8,"column":47}},"1":{"start":{"line":9,"column":48},"end":{"line":9,"column":65}},"2":{"start":{"line":11,"column":16},"end":{"line":16,"column":3}},"3":{"start":{"line":17,"column":23},"end":{"line":19,"column":3}},"4":{"start":{"line":18,"column":4},"end":{"line":18,"column":48}},"5":{"start":{"line":21,"column":23},"end":{"line":28,"column":3}},"6":{"start":{"line":22,"column":4},"end":{"line":25,"column":5}},"7":{"start":{"line":23,"column":6},"end":{"line":23,"column":34}},"8":{"start":{"line":24,"column":6},"end":{"line":24,"column":13}},"9":{"start":{"line":26,"column":21},"end":{"line":26,"column":80}},"10":{"start":{"line":26,"column":48},"end":{"line":26,"column":79}},"11":{"start":{"line":27,"column":4},"end":{"line":27,"column":33}},"12":{"start":{"line":30,"column":2},"end":{"line":32,"column":16}},"13":{"start":{"line":31,"column":4},"end":{"line":31,"column":19}},"14":{"start":{"line":33,"column":2},"end":{"line":39,"column":4}},"15":{"start":{"line":36,"column":8},"end":{"line":36,"column":46}}},"fnMap":{"0":{"name":"ReviewsList","decl":{"start":{"line":7,"column":9},"end":{"line":7,"column":20}},"loc":{"start":{"line":7,"column":43},"end":{"line":40,"column":1}},"line":7},"1":{"name":"(anonymous_1)","decl":{"start":{"line":17,"column":23},"end":{"line":17,"column":24}},"loc":{"start":{"line":17,"column":34},"end":{"line":19,"column":3}},"line":17},"2":{"name":"(anonymous_2)","decl":{"start":{"line":21,"column":23},"end":{"line":21,"column":24}},"loc":{"start":{"line":21,"column":29},"end":{"line":28,"column":3}},"line":21},"3":{"name":"(anonymous_3)","decl":{"start":{"line":26,"column":36},"end":{"line":26,"column":37}},"loc":{"start":{"line":26,"column":48},"end":{"line":26,"column":79}},"line":26},"4":{"name":"(anonymous_4)","decl":{"start":{"line":30,"column":12},"end":{"line":30,"column":13}},"loc":{"start":{"line":30,"column":18},"end":{"line":32,"column":3}},"line":30},"5":{"name":"(anonymous_5)","decl":{"start":{"line":35,"column":27},"end":{"line":35,"column":28}},"loc":{"start":{"line":36,"column":8},"end":{"line":36,"column":46}},"line":36}},"branchMap":{"0":{"loc":{"start":{"line":22,"column":4},"end":{"line":25,"column":5}},"type":"if","locations":[{"start":{"line":22,"column":4},"end":{"line":25,"column":5}},{"start":{},"end":{}}],"line":22}},"s":{"0":0,"1":0,"2":0,"3":0,"4":0,"5":0,"6":0,"7":0,"8":0,"9":0,"10":0,"11":0,"12":0,"13":0,"14":0,"15":0},"f":{"0":0,"1":0,"2":0,"3":0,"4":0,"5":0},"b":{"0":[0,0]},"_coverageSchema":"1a1c01bbd47fc00a2c39e90264f33305004495a9","hash":"ca5641df07e9d8012b72e72af5b3551a14a07d5b"}
,"/home/benjis-brain/hackreactor/senior/fec/Shoptopia/client/src/components/Related/Related.jsx": {"path":"/home/benjis-brain/hackreactor/senior/fec/Shoptopia/client/src/components/Related/Related.jsx","statementMap":{"0":{"start":{"line":7,"column":2},"end":{"line":12,"column":4}},"1":{"start":{"line":15,"column":0},"end":{"line":31,"column":2}},"2":{"start":{"line":33,"column":0},"end":{"line":35,"column":2}}},"fnMap":{"0":{"name":"RelatedItemsSection","decl":{"start":{"line":6,"column":24},"end":{"line":6,"column":43}},"loc":{"start":{"line":6,"column":76},"end":{"line":13,"column":1}},"line":6}},"branchMap":{},"s":{"0":1,"1":2,"2":2},"f":{"0":1},"b":{},"_coverageSchema":"1a1c01bbd47fc00a2c39e90264f33305004495a9","hash":"a6419cfd369b74379df6555211d32cd968dd3d0e"}
,"/home/benjis-brain/hackreactor/senior/fec/Shoptopia/client/src/components/Related/subcomponents/ComparisonModal.jsx": {"path":"/home/benjis-brain/hackreactor/senior/fec/Shoptopia/client/src/components/Related/subcomponents/ComparisonModal.jsx","statementMap":{"0":{"start":{"line":6,"column":2},"end":{"line":29,"column":4}},"1":{"start":{"line":32,"column":0},"end":{"line":64,"column":2}}},"fnMap":{"0":{"name":"ComparisonModal","decl":{"start":{"line":5,"column":24},"end":{"line":5,"column":39}},"loc":{"start":{"line":5,"column":50},"end":{"line":30,"column":1}},"line":5}},"branchMap":{},"s":{"0":0,"1":2},"f":{"0":0},"b":{},"_coverageSchema":"1a1c01bbd47fc00a2c39e90264f33305004495a9","hash":"7351cb5e8e7a9ef32cf4cb7b5be57ee644725ab6"}
,"/home/benjis-brain/hackreactor/senior/fec/Shoptopia/client/src/components/Related/subcomponents/ItemCard.jsx": {"path":"/home/benjis-brain/hackreactor/senior/fec/Shoptopia/client/src/components/Related/subcomponents/ItemCard.jsx","statementMap":{"0":{"start":{"line":12,"column":6},"end":{"line":12,"column":30}},"1":{"start":{"line":13,"column":23},"end":{"line":13,"column":88}},"2":{"start":{"line":13,"column":57},"end":{"line":13,"column":87}},"3":{"start":{"line":14,"column":22},"end":{"line":14,"column":96}},"4":{"start":{"line":15,"column":20},"end":{"line":16,"column":44}},"5":{"start":{"line":17,"column":2},"end":{"line":84,"column":4}},"6":{"start":{"line":24,"column":10},"end":{"line":24,"column":35}},"7":{"start":{"line":25,"column":10},"end":{"line":25,"column":33}},"8":{"start":{"line":26,"column":10},"end":{"line":26,"column":70}},"9":{"start":{"line":27,"column":10},"end":{"line":27,"column":36}},"10":{"start":{"line":30,"column":10},"end":{"line":35,"column":11}},"11":{"start":{"line":31,"column":12},"end":{"line":31,"column":37}},"12":{"start":{"line":32,"column":12},"end":{"line":32,"column":35}},"13":{"start":{"line":33,"column":12},"end":{"line":33,"column":72}},"14":{"start":{"line":34,"column":12},"end":{"line":34,"column":38}},"15":{"start":{"line":66,"column":10},"end":{"line":75,"column":11}},"16":{"start":{"line":67,"column":38},"end":{"line":69,"column":13}},"17":{"start":{"line":68,"column":30},"end":{"line":68,"column":71}},"18":{"start":{"line":70,"column":12},"end":{"line":70,"column":46}},"19":{"start":{"line":71,"column":12},"end":{"line":71,"column":83}},"20":{"start":{"line":73,"column":25},"end":{"line":73,"column":76}},"21":{"start":{"line":74,"column":12},"end":{"line":74,"column":39}},"22":{"start":{"line":87,"column":0},"end":{"line":125,"column":2}},"23":{"start":{"line":123,"column":4},"end":{"line":123,"column":40}},"24":{"start":{"line":127,"column":0},"end":{"line":131,"column":2}}},"fnMap":{"0":{"name":"ItemCard","decl":{"start":{"line":7,"column":24},"end":{"line":7,"column":32}},"loc":{"start":{"line":9,"column":3},"end":{"line":85,"column":1}},"line":9},"1":{"name":"(anonymous_1)","decl":{"start":{"line":13,"column":42},"end":{"line":13,"column":43}},"loc":{"start":{"line":13,"column":57},"end":{"line":13,"column":87}},"line":13},"2":{"name":"(anonymous_2)","decl":{"start":{"line":23,"column":17},"end":{"line":23,"column":18}},"loc":{"start":{"line":23,"column":24},"end":{"line":28,"column":9}},"line":23},"3":{"name":"(anonymous_3)","decl":{"start":{"line":29,"column":19},"end":{"line":29,"column":20}},"loc":{"start":{"line":29,"column":26},"end":{"line":36,"column":9}},"line":29},"4":{"name":"(anonymous_4)","decl":{"start":{"line":65,"column":17},"end":{"line":65,"column":18}},"loc":{"start":{"line":65,"column":24},"end":{"line":76,"column":9}},"line":65},"5":{"name":"(anonymous_5)","decl":{"start":{"line":68,"column":14},"end":{"line":68,"column":15}},"loc":{"start":{"line":68,"column":30},"end":{"line":68,"column":71}},"line":68},"6":{"name":"(anonymous_6)","decl":{"start":{"line":122,"column":2},"end":{"line":122,"column":3}},"loc":{"start":{"line":122,"column":20},"end":{"line":124,"column":3}},"line":122},"7":{"name":"(anonymous_7)","decl":{"start":{"line":130,"column":18},"end":{"line":130,"column":19}},"loc":{"start":{"line":130,"column":24},"end":{"line":130,"column":26}},"line":130}},"branchMap":{"0":{"loc":{"start":{"line":15,"column":20},"end":{"line":16,"column":44}},"type":"cond-expr","locations":[{"start":{"line":15,"column":46},"end":{"line":15,"column":85}},{"start":{"line":16,"column":6},"end":{"line":16,"column":44}}],"line":15},"1":{"loc":{"start":{"line":30,"column":10},"end":{"line":35,"column":11}},"type":"if","locations":[{"start":{"line":30,"column":10},"end":{"line":35,"column":11}},{"start":{},"end":{}}],"line":30},"2":{"loc":{"start":{"line":40,"column":15},"end":{"line":40,"column":39}},"type":"binary-expr","locations":[{"start":{"line":40,"column":15},"end":{"line":40,"column":24}},{"start":{"line":40,"column":28},"end":{"line":40,"column":39}}],"line":40},"3":{"loc":{"start":{"line":60,"column":11},"end":{"line":60,"column":69}},"type":"cond-expr","locations":[{"start":{"line":60,"column":26},"end":{"line":60,"column":53}},{"start":{"line":60,"column":56},"end":{"line":60,"column":69}}],"line":60},"4":{"loc":{"start":{"line":66,"column":10},"end":{"line":75,"column":11}},"type":"if","locations":[{"start":{"line":66,"column":10},"end":{"line":75,"column":11}},{"start":{"line":72,"column":17},"end":{"line":75,"column":11}}],"line":66},"5":{"loc":{"start":{"line":78,"column":9},"end":{"line":78,"column":42}},"type":"cond-expr","locations":[{"start":{"line":78,"column":22},"end":{"line":78,"column":30}},{"start":{"line":78,"column":33},"end":{"line":78,"column":42}}],"line":78}},"s":{"0":0,"1":0,"2":0,"3":0,"4":0,"5":0,"6":0,"7":0,"8":0,"9":0,"10":0,"11":0,"12":0,"13":0,"14":0,"15":0,"16":0,"17":0,"18":0,"19":0,"20":0,"21":0,"22":2,"23":0,"24":2},"f":{"0":0,"1":0,"2":0,"3":0,"4":0,"5":0,"6":0,"7":0},"b":{"0":[0,0],"1":[0,0],"2":[0,0],"3":[0,0],"4":[0,0],"5":[0,0]},"_coverageSchema":"1a1c01bbd47fc00a2c39e90264f33305004495a9","hash":"6442682f882b15bfb5b552ab308480e27698d993"}
,"/home/benjis-brain/hackreactor/senior/fec/Shoptopia/client/src/components/Related/subcomponents/OutfitItemsList.jsx": {"path":"/home/benjis-brain/hackreactor/senior/fec/Shoptopia/client/src/components/Related/subcomponents/OutfitItemsList.jsx","statementMap":{"0":{"start":{"line":8,"column":21},"end":{"line":8,"column":45}},"1":{"start":{"line":9,"column":40},"end":{"line":11,"column":3}},"2":{"start":{"line":12,"column":40},"end":{"line":12,"column":51}},"3":{"start":{"line":14,"column":2},"end":{"line":48,"column":4}},"4":{"start":{"line":22,"column":29},"end":{"line":22,"column":71}},"5":{"start":{"line":22,"column":55},"end":{"line":22,"column":70}},"6":{"start":{"line":23,"column":10},"end":{"line":26,"column":11}},"7":{"start":{"line":24,"column":12},"end":{"line":24,"column":82}},"8":{"start":{"line":25,"column":12},"end":{"line":25,"column":119}},"9":{"start":{"line":33,"column":10},"end":{"line":42,"column":16}},"10":{"start":{"line":45,"column":71},"end":{"line":45,"column":102}},"11":{"start":{"line":46,"column":44},"end":{"line":46,"column":75}},"12":{"start":{"line":51,"column":0},"end":{"line":67,"column":2}}},"fnMap":{"0":{"name":"OutfitItemsList","decl":{"start":{"line":7,"column":24},"end":{"line":7,"column":39}},"loc":{"start":{"line":7,"column":72},"end":{"line":49,"column":1}},"line":7},"1":{"name":"(anonymous_1)","decl":{"start":{"line":21,"column":17},"end":{"line":21,"column":18}},"loc":{"start":{"line":21,"column":24},"end":{"line":27,"column":9}},"line":21},"2":{"name":"(anonymous_2)","decl":{"start":{"line":22,"column":45},"end":{"line":22,"column":46}},"loc":{"start":{"line":22,"column":55},"end":{"line":22,"column":70}},"line":22},"3":{"name":"(anonymous_3)","decl":{"start":{"line":32,"column":25},"end":{"line":32,"column":26}},"loc":{"start":{"line":33,"column":10},"end":{"line":42,"column":16}},"line":33},"4":{"name":"(anonymous_4)","decl":{"start":{"line":45,"column":64},"end":{"line":45,"column":65}},"loc":{"start":{"line":45,"column":71},"end":{"line":45,"column":102}},"line":45},"5":{"name":"(anonymous_5)","decl":{"start":{"line":46,"column":37},"end":{"line":46,"column":38}},"loc":{"start":{"line":46,"column":44},"end":{"line":46,"column":75}},"line":46}},"branchMap":{"0":{"loc":{"start":{"line":10,"column":4},"end":{"line":10,"column":57}},"type":"binary-expr","locations":[{"start":{"line":10,"column":4},"end":{"line":10,"column":51}},{"start":{"line":10,"column":55},"end":{"line":10,"column":57}}],"line":10},"1":{"loc":{"start":{"line":23,"column":10},"end":{"line":26,"column":11}},"type":"if","locations":[{"start":{"line":23,"column":10},"end":{"line":26,"column":11}},{"start":{},"end":{}}],"line":23}},"s":{"0":1,"1":1,"2":1,"3":1,"4":0,"5":0,"6":0,"7":0,"8":0,"9":0,"10":0,"11":0,"12":2},"f":{"0":1,"1":0,"2":0,"3":0,"4":0,"5":0},"b":{"0":[1,1],"1":[0,0]},"_coverageSchema":"1a1c01bbd47fc00a2c39e90264f33305004495a9","hash":"2280594ae863f1f037b42da396f3e050595c8364"}
,"/home/benjis-brain/hackreactor/senior/fec/Shoptopia/client/src/components/Related/subcomponents/RelatedItemsList.jsx": {"path":"/home/benjis-brain/hackreactor/senior/fec/Shoptopia/client/src/components/Related/subcomponents/RelatedItemsList.jsx","statementMap":{"0":{"start":{"line":9,"column":40},"end":{"line":9,"column":51}},"1":{"start":{"line":10,"column":42},"end":{"line":10,"column":90}},"2":{"start":{"line":12,"column":2},"end":{"line":24,"column":23}},"3":{"start":{"line":13,"column":17},"end":{"line":13,"column":22}},"4":{"start":{"line":14,"column":4},"end":{"line":20,"column":9}},"5":{"start":{"line":16,"column":8},"end":{"line":16,"column":55}},"6":{"start":{"line":17,"column":8},"end":{"line":19,"column":9}},"7":{"start":{"line":18,"column":10},"end":{"line":18,"column":39}},"8":{"start":{"line":21,"column":4},"end":{"line":23,"column":6}},"9":{"start":{"line":22,"column":6},"end":{"line":22,"column":20}},"10":{"start":{"line":26,"column":2},"end":{"line":48,"column":4}},"11":{"start":{"line":31,"column":10},"end":{"line":42,"column":16}},"12":{"start":{"line":45,"column":71},"end":{"line":45,"column":102}},"13":{"start":{"line":46,"column":44},"end":{"line":46,"column":75}},"14":{"start":{"line":51,"column":0},"end":{"line":67,"column":2}}},"fnMap":{"0":{"name":"RelatedItemsList","decl":{"start":{"line":8,"column":24},"end":{"line":8,"column":40}},"loc":{"start":{"line":8,"column":73},"end":{"line":49,"column":1}},"line":8},"1":{"name":"(anonymous_1)","decl":{"start":{"line":12,"column":12},"end":{"line":12,"column":13}},"loc":{"start":{"line":12,"column":18},"end":{"line":24,"column":3}},"line":12},"2":{"name":"(anonymous_2)","decl":{"start":{"line":15,"column":12},"end":{"line":15,"column":13}},"loc":{"start":{"line":15,"column":24},"end":{"line":20,"column":7}},"line":15},"3":{"name":"(anonymous_3)","decl":{"start":{"line":21,"column":11},"end":{"line":21,"column":12}},"loc":{"start":{"line":21,"column":17},"end":{"line":23,"column":5}},"line":21},"4":{"name":"(anonymous_4)","decl":{"start":{"line":30,"column":35},"end":{"line":30,"column":36}},"loc":{"start":{"line":31,"column":10},"end":{"line":42,"column":16}},"line":31},"5":{"name":"(anonymous_5)","decl":{"start":{"line":45,"column":64},"end":{"line":45,"column":65}},"loc":{"start":{"line":45,"column":71},"end":{"line":45,"column":102}},"line":45},"6":{"name":"(anonymous_6)","decl":{"start":{"line":46,"column":37},"end":{"line":46,"column":38}},"loc":{"start":{"line":46,"column":44},"end":{"line":46,"column":75}},"line":46}},"branchMap":{"0":{"loc":{"start":{"line":17,"column":8},"end":{"line":19,"column":9}},"type":"if","locations":[{"start":{"line":17,"column":8},"end":{"line":19,"column":9}},{"start":{},"end":{}}],"line":17}},"s":{"0":1,"1":1,"2":1,"3":1,"4":1,"5":0,"6":0,"7":0,"8":1,"9":1,"10":1,"11":0,"12":0,"13":0,"14":2},"f":{"0":1,"1":1,"2":0,"3":1,"4":0,"5":0,"6":0},"b":{"0":[0,0]},"_coverageSchema":"1a1c01bbd47fc00a2c39e90264f33305004495a9","hash":"e450749ba14678d094530c19935b42487da18001"}
,"/home/benjis-brain/hackreactor/senior/fec/Shoptopia/client/src/components/Related/subcomponents/exampleData.js": {"path":"/home/benjis-brain/hackreactor/senior/fec/Shoptopia/client/src/components/Related/subcomponents/exampleData.js","statementMap":{"0":{"start":{"line":1,"column":27},"end":{"line":382,"column":1}},"1":{"start":{"line":384,"column":28},"end":{"line":2069,"column":1}}},"fnMap":{},"branchMap":{},"s":{"0":2,"1":2},"f":{},"b":{},"_coverageSchema":"1a1c01bbd47fc00a2c39e90264f33305004495a9","hash":"b8ba9373c7b3c58e10f48185cff96673a5c749a1"}
}
