{"/Users/tammamtautou/rfp2303/Shoptopia/client/src/calculateAvgRating.js": {"path":"/Users/tammamtautou/rfp2303/Shoptopia/client/src/calculateAvgRating.js","statementMap":{"0":{"start":{"line":2,"column":18},"end":{"line":2,"column":19}},"1":{"start":{"line":3,"column":14},"end":{"line":3,"column":15}},"2":{"start":{"line":4,"column":18},"end":{"line":4,"column":43}},"3":{"start":{"line":6,"column":2},"end":{"line":9,"column":5}},"4":{"start":{"line":7,"column":4},"end":{"line":7,"column":34}},"5":{"start":{"line":8,"column":4},"end":{"line":8,"column":32}},"6":{"start":{"line":11,"column":18},"end":{"line":11,"column":35}},"7":{"start":{"line":13,"column":2},"end":{"line":13,"column":39}}},"fnMap":{"0":{"name":"findAvgRating","decl":{"start":{"line":1,"column":24},"end":{"line":1,"column":37}},"loc":{"start":{"line":1,"column":50},"end":{"line":14,"column":1}},"line":1},"1":{"name":"(anonymous_1)","decl":{"start":{"line":6,"column":18},"end":{"line":6,"column":19}},"loc":{"start":{"line":6,"column":33},"end":{"line":9,"column":3}},"line":6}},"branchMap":{},"s":{"0":2,"1":2,"2":2,"3":2,"4":10,"5":10,"6":2,"7":2},"f":{"0":2,"1":10},"b":{},"_coverageSchema":"1a1c01bbd47fc00a2c39e90264f33305004495a9","hash":"c6551cad33351712f47136a2f759481babffcb37"}
,"/Users/tammamtautou/rfp2303/Shoptopia/client/src/components/App.jsx": {"path":"/Users/tammamtautou/rfp2303/Shoptopia/client/src/components/App.jsx","statementMap":{"0":{"start":{"line":11,"column":28},"end":{"line":11,"column":51}},"1":{"start":{"line":15,"column":32},"end":{"line":15,"column":64}},"2":{"start":{"line":16,"column":36},"end":{"line":16,"column":53}},"3":{"start":{"line":17,"column":30},"end":{"line":17,"column":48}},"4":{"start":{"line":18,"column":28},"end":{"line":18,"column":46}},"5":{"start":{"line":20,"column":2},"end":{"line":47,"column":9}},"6":{"start":{"line":21,"column":4},"end":{"line":38,"column":9}},"7":{"start":{"line":24,"column":26},"end":{"line":24,"column":53}},"8":{"start":{"line":25,"column":8},"end":{"line":25,"column":41}},"9":{"start":{"line":26,"column":8},"end":{"line":26,"column":39}},"10":{"start":{"line":28,"column":8},"end":{"line":34,"column":11}},"11":{"start":{"line":29,"column":10},"end":{"line":33,"column":11}},"12":{"start":{"line":30,"column":33},"end":{"line":30,"column":39}},"13":{"start":{"line":31,"column":12},"end":{"line":31,"column":35}},"14":{"start":{"line":32,"column":12},"end":{"line":32,"column":35}},"15":{"start":{"line":37,"column":8},"end":{"line":37,"column":25}},"16":{"start":{"line":39,"column":4},"end":{"line":46,"column":9}},"17":{"start":{"line":42,"column":8},"end":{"line":42,"column":58}},"18":{"start":{"line":45,"column":8},"end":{"line":45,"column":25}},"19":{"start":{"line":49,"column":2},"end":{"line":73,"column":4}}},"fnMap":{"0":{"name":"App","decl":{"start":{"line":14,"column":24},"end":{"line":14,"column":27}},"loc":{"start":{"line":14,"column":30},"end":{"line":74,"column":1}},"line":14},"1":{"name":"(anonymous_1)","decl":{"start":{"line":20,"column":18},"end":{"line":20,"column":19}},"loc":{"start":{"line":20,"column":24},"end":{"line":47,"column":3}},"line":20},"2":{"name":"(anonymous_2)","decl":{"start":{"line":23,"column":12},"end":{"line":23,"column":13}},"loc":{"start":{"line":23,"column":25},"end":{"line":35,"column":7}},"line":23},"3":{"name":"(anonymous_3)","decl":{"start":{"line":28,"column":26},"end":{"line":28,"column":27}},"loc":{"start":{"line":28,"column":41},"end":{"line":34,"column":9}},"line":28},"4":{"name":"(anonymous_4)","decl":{"start":{"line":36,"column":13},"end":{"line":36,"column":14}},"loc":{"start":{"line":36,"column":22},"end":{"line":38,"column":7}},"line":36},"5":{"name":"(anonymous_5)","decl":{"start":{"line":41,"column":12},"end":{"line":41,"column":13}},"loc":{"start":{"line":41,"column":25},"end":{"line":43,"column":7}},"line":41},"6":{"name":"(anonymous_6)","decl":{"start":{"line":44,"column":13},"end":{"line":44,"column":14}},"loc":{"start":{"line":44,"column":22},"end":{"line":46,"column":7}},"line":44}},"branchMap":{"0":{"loc":{"start":{"line":29,"column":10},"end":{"line":33,"column":11}},"type":"if","locations":[{"start":{"line":29,"column":10},"end":{"line":33,"column":11}},{"start":{},"end":{}}],"line":29}},"s":{"0":1,"1":4,"2":4,"3":4,"4":4,"5":4,"6":4,"7":0,"8":0,"9":0,"10":0,"11":0,"12":0,"13":0,"14":0,"15":0,"16":4,"17":0,"18":0,"19":4},"f":{"0":4,"1":4,"2":0,"3":0,"4":0,"5":0,"6":0},"b":{"0":[0,0]},"_coverageSchema":"1a1c01bbd47fc00a2c39e90264f33305004495a9","hash":"2845c1064018fdfed2669d52dfacf30bf2f349c1"}
,"/Users/tammamtautou/rfp2303/Shoptopia/client/src/components/fetcher.jsx": {"path":"/Users/tammamtautou/rfp2303/Shoptopia/client/src/components/fetcher.jsx","statementMap":{"0":{"start":{"line":11,"column":20},"end":{"line":20,"column":5}},"1":{"start":{"line":21,"column":4},"end":{"line":21,"column":26}},"2":{"start":{"line":25,"column":20},"end":{"line":31,"column":5}},"3":{"start":{"line":32,"column":4},"end":{"line":32,"column":26}},"4":{"start":{"line":46,"column":20},"end":{"line":60,"column":5}},"5":{"start":{"line":61,"column":4},"end":{"line":61,"column":26}},"6":{"start":{"line":65,"column":20},"end":{"line":68,"column":5}},"7":{"start":{"line":69,"column":4},"end":{"line":69,"column":26}},"8":{"start":{"line":73,"column":20},"end":{"line":76,"column":5}},"9":{"start":{"line":77,"column":4},"end":{"line":77,"column":26}}},"fnMap":{"0":{"name":"(anonymous_0)","decl":{"start":{"line":5,"column":18},"end":{"line":5,"column":19}},"loc":{"start":{"line":10,"column":7},"end":{"line":22,"column":3}},"line":10},"1":{"name":"(anonymous_1)","decl":{"start":{"line":24,"column":22},"end":{"line":24,"column":23}},"loc":{"start":{"line":24,"column":46},"end":{"line":33,"column":3}},"line":24},"2":{"name":"(anonymous_2)","decl":{"start":{"line":35,"column":13},"end":{"line":35,"column":14}},"loc":{"start":{"line":45,"column":7},"end":{"line":62,"column":3}},"line":45},"3":{"name":"(anonymous_3)","decl":{"start":{"line":64,"column":23},"end":{"line":64,"column":24}},"loc":{"start":{"line":64,"column":38},"end":{"line":70,"column":3}},"line":64},"4":{"name":"(anonymous_4)","decl":{"start":{"line":72,"column":16},"end":{"line":72,"column":17}},"loc":{"start":{"line":72,"column":31},"end":{"line":78,"column":3}},"line":72}},"branchMap":{"0":{"loc":{"start":{"line":6,"column":4},"end":{"line":6,"column":12}},"type":"default-arg","locations":[{"start":{"line":6,"column":11},"end":{"line":6,"column":12}}],"line":6},"1":{"loc":{"start":{"line":7,"column":4},"end":{"line":7,"column":13}},"type":"default-arg","locations":[{"start":{"line":7,"column":12},"end":{"line":7,"column":13}}],"line":7},"2":{"loc":{"start":{"line":8,"column":4},"end":{"line":8,"column":19}},"type":"default-arg","locations":[{"start":{"line":8,"column":11},"end":{"line":8,"column":19}}],"line":8},"3":{"loc":{"start":{"line":9,"column":4},"end":{"line":9,"column":22}},"type":"default-arg","locations":[{"start":{"line":9,"column":17},"end":{"line":9,"column":22}}],"line":9},"4":{"loc":{"start":{"line":24,"column":23},"end":{"line":24,"column":41}},"type":"default-arg","locations":[{"start":{"line":24,"column":36},"end":{"line":24,"column":41}}],"line":24}},"s":{"0":4,"1":4,"2":4,"3":4,"4":0,"5":0,"6":0,"7":0,"8":0,"9":0},"f":{"0":4,"1":4,"2":0,"3":0,"4":0},"b":{"0":[0],"1":[0],"2":[0],"3":[0],"4":[0]},"_coverageSchema":"1a1c01bbd47fc00a2c39e90264f33305004495a9","hash":"7b97617837349252bcc24d80017f58b2259427d3"}
,"/Users/tammamtautou/rfp2303/Shoptopia/client/src/components/requests.js": {"path":"/Users/tammamtautou/rfp2303/Shoptopia/client/src/components/requests.js","statementMap":{"0":{"start":{"line":4,"column":24},"end":{"line":45,"column":1}},"1":{"start":{"line":6,"column":29},"end":{"line":8,"column":5}},"2":{"start":{"line":9,"column":26},"end":{"line":12,"column":5}},"3":{"start":{"line":13,"column":23},"end":{"line":16,"column":5}},"4":{"start":{"line":17,"column":29},"end":{"line":19,"column":5}},"5":{"start":{"line":22,"column":49},"end":{"line":25,"column":5}},"6":{"start":{"line":26,"column":60},"end":{"line":29,"column":5}},"7":{"start":{"line":32,"column":34},"end":{"line":35,"column":5}},"8":{"start":{"line":36,"column":38},"end":{"line":39,"column":5}},"9":{"start":{"line":40,"column":33},"end":{"line":43,"column":5}}},"fnMap":{"0":{"name":"(anonymous_0)","decl":{"start":{"line":6,"column":13},"end":{"line":6,"column":14}},"loc":{"start":{"line":6,"column":29},"end":{"line":8,"column":5}},"line":6},"1":{"name":"(anonymous_1)","decl":{"start":{"line":9,"column":10},"end":{"line":9,"column":11}},"loc":{"start":{"line":9,"column":26},"end":{"line":12,"column":5}},"line":9},"2":{"name":"(anonymous_2)","decl":{"start":{"line":13,"column":15},"end":{"line":13,"column":16}},"loc":{"start":{"line":13,"column":23},"end":{"line":16,"column":5}},"line":13},"3":{"name":"(anonymous_3)","decl":{"start":{"line":17,"column":13},"end":{"line":17,"column":14}},"loc":{"start":{"line":17,"column":29},"end":{"line":19,"column":5}},"line":17},"4":{"name":"(anonymous_4)","decl":{"start":{"line":22,"column":14},"end":{"line":22,"column":15}},"loc":{"start":{"line":22,"column":49},"end":{"line":25,"column":5}},"line":22},"5":{"name":"(anonymous_5)","decl":{"start":{"line":26,"column":12},"end":{"line":26,"column":13}},"loc":{"start":{"line":26,"column":60},"end":{"line":29,"column":5}},"line":26},"6":{"name":"(anonymous_6)","decl":{"start":{"line":32,"column":19},"end":{"line":32,"column":20}},"loc":{"start":{"line":32,"column":34},"end":{"line":35,"column":5}},"line":32},"7":{"name":"(anonymous_7)","decl":{"start":{"line":36,"column":21},"end":{"line":36,"column":22}},"loc":{"start":{"line":36,"column":38},"end":{"line":39,"column":5}},"line":36},"8":{"name":"(anonymous_8)","decl":{"start":{"line":40,"column":18},"end":{"line":40,"column":19}},"loc":{"start":{"line":40,"column":33},"end":{"line":43,"column":5}},"line":40}},"branchMap":{"0":{"loc":{"start":{"line":6,"column":14},"end":{"line":6,"column":24}},"type":"default-arg","locations":[{"start":{"line":6,"column":19},"end":{"line":6,"column":24}}],"line":6},"1":{"loc":{"start":{"line":9,"column":11},"end":{"line":9,"column":21}},"type":"default-arg","locations":[{"start":{"line":9,"column":16},"end":{"line":9,"column":21}}],"line":9},"2":{"loc":{"start":{"line":17,"column":14},"end":{"line":17,"column":24}},"type":"default-arg","locations":[{"start":{"line":17,"column":19},"end":{"line":17,"column":24}}],"line":17}},"s":{"0":2,"1":4,"2":4,"3":4,"4":5,"5":0,"6":0,"7":0,"8":0,"9":0},"f":{"0":4,"1":4,"2":4,"3":5,"4":0,"5":0,"6":0,"7":0,"8":0},"b":{"0":[4],"1":[4],"2":[5]},"_coverageSchema":"1a1c01bbd47fc00a2c39e90264f33305004495a9","hash":"76fb66041288c85504f104e7ac03230e2b2918fa"}
,"/Users/tammamtautou/rfp2303/Shoptopia/client/src/components/stars.jsx": {"path":"/Users/tammamtautou/rfp2303/Shoptopia/client/src/components/stars.jsx","statementMap":{"0":{"start":{"line":6,"column":14},"end":{"line":6,"column":35}},"1":{"start":{"line":7,"column":16},"end":{"line":7,"column":67}},"2":{"start":{"line":8,"column":2},"end":{"line":16,"column":3}},"3":{"start":{"line":9,"column":4},"end":{"line":9,"column":17}},"4":{"start":{"line":10,"column":9},"end":{"line":16,"column":3}},"5":{"start":{"line":11,"column":4},"end":{"line":11,"column":16}},"6":{"start":{"line":12,"column":9},"end":{"line":16,"column":3}},"7":{"start":{"line":13,"column":4},"end":{"line":13,"column":18}},"8":{"start":{"line":15,"column":4},"end":{"line":15,"column":16}},"9":{"start":{"line":17,"column":17},"end":{"line":17,"column":19}},"10":{"start":{"line":18,"column":2},"end":{"line":21,"column":3}},"11":{"start":{"line":19,"column":4},"end":{"line":19,"column":24}},"12":{"start":{"line":20,"column":4},"end":{"line":20,"column":15}},"13":{"start":{"line":23,"column":2},"end":{"line":56,"column":4}},"14":{"start":{"line":28,"column":12},"end":{"line":30,"column":18}},"15":{"start":{"line":35,"column":12},"end":{"line":37,"column":18}}},"fnMap":{"0":{"name":"Stars","decl":{"start":{"line":5,"column":24},"end":{"line":5,"column":29}},"loc":{"start":{"line":5,"column":45},"end":{"line":57,"column":1}},"line":5},"1":{"name":"(anonymous_1)","decl":{"start":{"line":27,"column":31},"end":{"line":27,"column":32}},"loc":{"start":{"line":28,"column":12},"end":{"line":30,"column":18}},"line":28},"2":{"name":"(anonymous_2)","decl":{"start":{"line":34,"column":22},"end":{"line":34,"column":23}},"loc":{"start":{"line":35,"column":12},"end":{"line":37,"column":18}},"line":35}},"branchMap":{"0":{"loc":{"start":{"line":8,"column":2},"end":{"line":16,"column":3}},"type":"if","locations":[{"start":{"line":8,"column":2},"end":{"line":16,"column":3}},{"start":{"line":10,"column":9},"end":{"line":16,"column":3}}],"line":8},"1":{"loc":{"start":{"line":10,"column":9},"end":{"line":16,"column":3}},"type":"if","locations":[{"start":{"line":10,"column":9},"end":{"line":16,"column":3}},{"start":{"line":12,"column":9},"end":{"line":16,"column":3}}],"line":10},"2":{"loc":{"start":{"line":10,"column":13},"end":{"line":10,"column":39}},"type":"binary-expr","locations":[{"start":{"line":10,"column":13},"end":{"line":10,"column":24}},{"start":{"line":10,"column":28},"end":{"line":10,"column":39}}],"line":10},"3":{"loc":{"start":{"line":12,"column":9},"end":{"line":16,"column":3}},"type":"if","locations":[{"start":{"line":12,"column":9},"end":{"line":16,"column":3}},{"start":{"line":14,"column":9},"end":{"line":16,"column":3}}],"line":12},"4":{"loc":{"start":{"line":12,"column":13},"end":{"line":12,"column":39}},"type":"binary-expr","locations":[{"start":{"line":12,"column":13},"end":{"line":12,"column":24}},{"start":{"line":12,"column":28},"end":{"line":12,"column":39}}],"line":12}},"s":{"0":13,"1":13,"2":13,"3":0,"4":13,"5":0,"6":13,"7":1,"8":12,"9":13,"10":13,"11":18,"12":18,"13":13,"14":65,"15":18},"f":{"0":13,"1":65,"2":18},"b":{"0":[0,13],"1":[0,13],"2":[13,0],"3":[1,12],"4":[13,1]},"_coverageSchema":"1a1c01bbd47fc00a2c39e90264f33305004495a9","hash":"09b313328dc0556281e8b6b0e78fcdfdf00db69f"}
,"/Users/tammamtautou/rfp2303/Shoptopia/client/src/components/Overview/index.jsx": {"path":"/Users/tammamtautou/rfp2303/Shoptopia/client/src/components/Overview/index.jsx","statementMap":{"0":{"start":{"line":12,"column":38},"end":{"line":12,"column":68}},"1":{"start":{"line":13,"column":32},"end":{"line":13,"column":50}},"2":{"start":{"line":15,"column":32},"end":{"line":15,"column":50}},"3":{"start":{"line":16,"column":28},"end":{"line":16,"column":46}},"4":{"start":{"line":18,"column":2},"end":{"line":39,"column":14}},"5":{"start":{"line":19,"column":4},"end":{"line":19,"column":36}},"6":{"start":{"line":20,"column":4},"end":{"line":23,"column":5}},"7":{"start":{"line":21,"column":6},"end":{"line":21,"column":31}},"8":{"start":{"line":22,"column":6},"end":{"line":22,"column":34}},"9":{"start":{"line":24,"column":4},"end":{"line":38,"column":5}},"10":{"start":{"line":25,"column":23},"end":{"line":25,"column":25}},"11":{"start":{"line":26,"column":6},"end":{"line":36,"column":7}},"12":{"start":{"line":27,"column":8},"end":{"line":35,"column":9}},"13":{"start":{"line":28,"column":10},"end":{"line":34,"column":12}},"14":{"start":{"line":37,"column":6},"end":{"line":37,"column":25}},"15":{"start":{"line":41,"column":2},"end":{"line":67,"column":4}}},"fnMap":{"0":{"name":"Overview","decl":{"start":{"line":11,"column":24},"end":{"line":11,"column":32}},"loc":{"start":{"line":11,"column":57},"end":{"line":68,"column":1}},"line":11},"1":{"name":"(anonymous_1)","decl":{"start":{"line":18,"column":18},"end":{"line":18,"column":19}},"loc":{"start":{"line":18,"column":24},"end":{"line":39,"column":3}},"line":18}},"branchMap":{"0":{"loc":{"start":{"line":20,"column":4},"end":{"line":23,"column":5}},"type":"if","locations":[{"start":{"line":20,"column":4},"end":{"line":23,"column":5}},{"start":{},"end":{}}],"line":20},"1":{"loc":{"start":{"line":24,"column":4},"end":{"line":38,"column":5}},"type":"if","locations":[{"start":{"line":24,"column":4},"end":{"line":38,"column":5}},{"start":{},"end":{}}],"line":24},"2":{"loc":{"start":{"line":27,"column":8},"end":{"line":35,"column":9}},"type":"if","locations":[{"start":{"line":27,"column":8},"end":{"line":35,"column":9}},{"start":{},"end":{}}],"line":27}},"s":{"0":4,"1":4,"2":4,"3":4,"4":4,"5":4,"6":4,"7":0,"8":0,"9":4,"10":0,"11":0,"12":0,"13":0,"14":0,"15":4},"f":{"0":4,"1":4},"b":{"0":[0,4],"1":[0,4],"2":[0,0]},"_coverageSchema":"1a1c01bbd47fc00a2c39e90264f33305004495a9","hash":"dcfd33ba72a77fda469d25245b5822c80d637c99"}
,"/Users/tammamtautou/rfp2303/Shoptopia/client/src/components/Overview/Gallery/image.jsx": {"path":"/Users/tammamtautou/rfp2303/Shoptopia/client/src/components/Overview/Gallery/image.jsx","statementMap":{"0":{"start":{"line":4,"column":2},"end":{"line":6,"column":4}}},"fnMap":{"0":{"name":"Image","decl":{"start":{"line":3,"column":24},"end":{"line":3,"column":29}},"loc":{"start":{"line":3,"column":43},"end":{"line":7,"column":1}},"line":3}},"branchMap":{},"s":{"0":7},"f":{"0":7},"b":{},"_coverageSchema":"1a1c01bbd47fc00a2c39e90264f33305004495a9","hash":"23377308acce939b5cb73b05d62eea04230d8762"}
,"/Users/tammamtautou/rfp2303/Shoptopia/client/src/components/Overview/Gallery/index.jsx": {"path":"/Users/tammamtautou/rfp2303/Shoptopia/client/src/components/Overview/Gallery/index.jsx","statementMap":{"0":{"start":{"line":6,"column":38},"end":{"line":6,"column":55}},"1":{"start":{"line":8,"column":24},"end":{"line":15,"column":3}},"2":{"start":{"line":9,"column":4},"end":{"line":13,"column":5}},"3":{"start":{"line":10,"column":6},"end":{"line":10,"column":23}},"4":{"start":{"line":12,"column":6},"end":{"line":12,"column":36}},"5":{"start":{"line":14,"column":4},"end":{"line":14,"column":36}},"6":{"start":{"line":17,"column":26},"end":{"line":25,"column":3}},"7":{"start":{"line":18,"column":4},"end":{"line":18,"column":28}},"8":{"start":{"line":19,"column":4},"end":{"line":23,"column":5}},"9":{"start":{"line":20,"column":6},"end":{"line":20,"column":40}},"10":{"start":{"line":22,"column":6},"end":{"line":22,"column":36}},"11":{"start":{"line":24,"column":4},"end":{"line":24,"column":36}},"12":{"start":{"line":27,"column":2},"end":{"line":38,"column":4}},"13":{"start":{"line":35,"column":35},"end":{"line":35,"column":94}}},"fnMap":{"0":{"name":"Gallery","decl":{"start":{"line":5,"column":24},"end":{"line":5,"column":31}},"loc":{"start":{"line":5,"column":66},"end":{"line":39,"column":1}},"line":5},"1":{"name":"(anonymous_1)","decl":{"start":{"line":8,"column":24},"end":{"line":8,"column":25}},"loc":{"start":{"line":8,"column":30},"end":{"line":15,"column":3}},"line":8},"2":{"name":"(anonymous_2)","decl":{"start":{"line":17,"column":26},"end":{"line":17,"column":27}},"loc":{"start":{"line":17,"column":32},"end":{"line":25,"column":3}},"line":17},"3":{"name":"(anonymous_3)","decl":{"start":{"line":35,"column":21},"end":{"line":35,"column":22}},"loc":{"start":{"line":35,"column":35},"end":{"line":35,"column":94}},"line":35}},"branchMap":{"0":{"loc":{"start":{"line":9,"column":4},"end":{"line":13,"column":5}},"type":"if","locations":[{"start":{"line":9,"column":4},"end":{"line":13,"column":5}},{"start":{"line":11,"column":11},"end":{"line":13,"column":5}}],"line":9},"1":{"loc":{"start":{"line":19,"column":4},"end":{"line":23,"column":5}},"type":"if","locations":[{"start":{"line":19,"column":4},"end":{"line":23,"column":5}},{"start":{"line":21,"column":11},"end":{"line":23,"column":5}}],"line":19}},"s":{"0":7,"1":7,"2":0,"3":0,"4":0,"5":0,"6":7,"7":0,"8":0,"9":0,"10":0,"11":0,"12":7,"13":18},"f":{"0":7,"1":0,"2":0,"3":18},"b":{"0":[0,0],"1":[0,0]},"_coverageSchema":"1a1c01bbd47fc00a2c39e90264f33305004495a9","hash":"db81e52db0459ea4ef888e67fd23f8c0b0df81ea"}
,"/Users/tammamtautou/rfp2303/Shoptopia/client/src/components/Overview/Gallery/thumbnail.jsx": {"path":"/Users/tammamtautou/rfp2303/Shoptopia/client/src/components/Overview/Gallery/thumbnail.jsx","statementMap":{"0":{"start":{"line":5,"column":22},"end":{"line":8,"column":3}},"1":{"start":{"line":6,"column":4},"end":{"line":6,"column":23}},"2":{"start":{"line":7,"column":4},"end":{"line":7,"column":26}},"3":{"start":{"line":10,"column":2},"end":{"line":12,"column":4}}},"fnMap":{"0":{"name":"Thumbnail","decl":{"start":{"line":3,"column":24},"end":{"line":3,"column":33}},"loc":{"start":{"line":3,"column":57},"end":{"line":13,"column":1}},"line":3},"1":{"name":"(anonymous_1)","decl":{"start":{"line":5,"column":22},"end":{"line":5,"column":23}},"loc":{"start":{"line":5,"column":29},"end":{"line":8,"column":3}},"line":5}},"branchMap":{},"s":{"0":18,"1":0,"2":0,"3":18},"f":{"0":18,"1":0},"b":{},"_coverageSchema":"1a1c01bbd47fc00a2c39e90264f33305004495a9","hash":"40c3427792ea3a1efeef638477360c1f6cfc78b6"}
,"/Users/tammamtautou/rfp2303/Shoptopia/client/src/components/Overview/addToCart/index.jsx": {"path":"/Users/tammamtautou/rfp2303/Shoptopia/client/src/components/Overview/addToCart/index.jsx","statementMap":{"0":{"start":{"line":5,"column":32},"end":{"line":5,"column":53}},"1":{"start":{"line":8,"column":22},"end":{"line":10,"column":3}},"2":{"start":{"line":9,"column":4},"end":{"line":9,"column":21}},"3":{"start":{"line":12,"column":2},"end":{"line":23,"column":4}}},"fnMap":{"0":{"name":"AddToCart","decl":{"start":{"line":4,"column":24},"end":{"line":4,"column":33}},"loc":{"start":{"line":4,"column":54},"end":{"line":24,"column":1}},"line":4},"1":{"name":"(anonymous_1)","decl":{"start":{"line":8,"column":22},"end":{"line":8,"column":23}},"loc":{"start":{"line":8,"column":28},"end":{"line":10,"column":3}},"line":8}},"branchMap":{"0":{"loc":{"start":{"line":14,"column":7},"end":{"line":21,"column":74}},"type":"cond-expr","locations":[{"start":{"line":16,"column":10},"end":{"line":19,"column":16}},{"start":{"line":21,"column":10},"end":{"line":21,"column":74}}],"line":14}},"s":{"0":4,"1":4,"2":0,"3":4},"f":{"0":4,"1":0},"b":{"0":[0,4]},"_coverageSchema":"1a1c01bbd47fc00a2c39e90264f33305004495a9","hash":"bedb08c98b9fe0ad9cb3802dbb4685bb7eb28f27"}
,"/Users/tammamtautou/rfp2303/Shoptopia/client/src/components/Overview/addToCart/selectQuantity.jsx": {"path":"/Users/tammamtautou/rfp2303/Shoptopia/client/src/components/Overview/addToCart/selectQuantity.jsx","statementMap":{"0":{"start":{"line":6,"column":2},"end":{"line":14,"column":4}},"1":{"start":{"line":10,"column":38},"end":{"line":10,"column":84}}},"fnMap":{"0":{"name":"SelectQuantity","decl":{"start":{"line":3,"column":24},"end":{"line":3,"column":38}},"loc":{"start":{"line":3,"column":53},"end":{"line":15,"column":1}},"line":3},"1":{"name":"(anonymous_1)","decl":{"start":{"line":10,"column":24},"end":{"line":10,"column":25}},"loc":{"start":{"line":10,"column":38},"end":{"line":10,"column":84}},"line":10}},"branchMap":{"0":{"loc":{"start":{"line":7,"column":4},"end":{"line":13,"column":15}},"type":"cond-expr","locations":[{"start":{"line":9,"column":8},"end":{"line":11,"column":17}},{"start":{"line":13,"column":8},"end":{"line":13,"column":15}}],"line":7}},"s":{"0":0,"1":0},"f":{"0":0,"1":0},"b":{"0":[0,0]},"_coverageSchema":"1a1c01bbd47fc00a2c39e90264f33305004495a9","hash":"9fc0cf1e0e9d69876a6180e65814c6d81ef5de1c"}
,"/Users/tammamtautou/rfp2303/Shoptopia/client/src/components/Overview/addToCart/selectSize.jsx": {"path":"/Users/tammamtautou/rfp2303/Shoptopia/client/src/components/Overview/addToCart/selectSize.jsx","statementMap":{"0":{"start":{"line":7,"column":29},"end":{"line":7,"column":59}},"1":{"start":{"line":8,"column":26},"end":{"line":8,"column":48}},"2":{"start":{"line":9,"column":34},"end":{"line":9,"column":73}},"3":{"start":{"line":10,"column":2},"end":{"line":10,"column":33}},"4":{"start":{"line":11,"column":23},"end":{"line":19,"column":3}},"5":{"start":{"line":12,"column":19},"end":{"line":12,"column":21}},"6":{"start":{"line":13,"column":16},"end":{"line":13,"column":44}},"7":{"start":{"line":14,"column":4},"end":{"line":17,"column":5}},"8":{"start":{"line":15,"column":6},"end":{"line":15,"column":39}},"9":{"start":{"line":16,"column":6},"end":{"line":16,"column":17}},"10":{"start":{"line":18,"column":4},"end":{"line":18,"column":24}},"11":{"start":{"line":21,"column":23},"end":{"line":28,"column":3}},"12":{"start":{"line":22,"column":4},"end":{"line":22,"column":23}},"13":{"start":{"line":23,"column":17},"end":{"line":23,"column":39}},"14":{"start":{"line":24,"column":17},"end":{"line":24,"column":51}},"15":{"start":{"line":25,"column":4},"end":{"line":25,"column":23}},"16":{"start":{"line":26,"column":4},"end":{"line":26,"column":27}},"17":{"start":{"line":27,"column":4},"end":{"line":27,"column":21}},"18":{"start":{"line":30,"column":2},"end":{"line":50,"column":4}},"19":{"start":{"line":37,"column":16},"end":{"line":41,"column":25}}},"fnMap":{"0":{"name":"SelectSize","decl":{"start":{"line":5,"column":24},"end":{"line":5,"column":34}},"loc":{"start":{"line":5,"column":46},"end":{"line":51,"column":1}},"line":5},"1":{"name":"(anonymous_1)","decl":{"start":{"line":11,"column":23},"end":{"line":11,"column":24}},"loc":{"start":{"line":11,"column":30},"end":{"line":19,"column":3}},"line":11},"2":{"name":"(anonymous_2)","decl":{"start":{"line":21,"column":23},"end":{"line":21,"column":24}},"loc":{"start":{"line":21,"column":30},"end":{"line":28,"column":3}},"line":21},"3":{"name":"(anonymous_3)","decl":{"start":{"line":36,"column":25},"end":{"line":36,"column":26}},"loc":{"start":{"line":37,"column":16},"end":{"line":41,"column":25}},"line":37}},"branchMap":{"0":{"loc":{"start":{"line":32,"column":7},"end":{"line":48,"column":31}},"type":"cond-expr","locations":[{"start":{"line":34,"column":10},"end":{"line":46,"column":17}},{"start":{"line":48,"column":10},"end":{"line":48,"column":31}}],"line":32}},"s":{"0":0,"1":0,"2":0,"3":0,"4":0,"5":0,"6":0,"7":0,"8":0,"9":0,"10":0,"11":0,"12":0,"13":0,"14":0,"15":0,"16":0,"17":0,"18":0,"19":0},"f":{"0":0,"1":0,"2":0,"3":0},"b":{"0":[0,0]},"_coverageSchema":"1a1c01bbd47fc00a2c39e90264f33305004495a9","hash":"198a822154d16b6e41c32d6e38529f3f98e6458f"}
,"/Users/tammamtautou/rfp2303/Shoptopia/client/src/components/Overview/productInfo/description.jsx": {"path":"/Users/tammamtautou/rfp2303/Shoptopia/client/src/components/Overview/productInfo/description.jsx","statementMap":{"0":{"start":{"line":4,"column":2},"end":{"line":12,"column":4}},"1":{"start":{"line":9,"column":40},"end":{"line":9,"column":98}}},"fnMap":{"0":{"name":"Description","decl":{"start":{"line":3,"column":24},"end":{"line":3,"column":35}},"loc":{"start":{"line":3,"column":49},"end":{"line":13,"column":1}},"line":3},"1":{"name":"(anonymous_1)","decl":{"start":{"line":9,"column":30},"end":{"line":9,"column":31}},"loc":{"start":{"line":9,"column":40},"end":{"line":9,"column":98}},"line":9}},"branchMap":{},"s":{"0":4,"1":0},"f":{"0":4,"1":0},"b":{},"_coverageSchema":"1a1c01bbd47fc00a2c39e90264f33305004495a9","hash":"1ec1dcd2a5d09252775572ed58bd2cdf2af5a727"}
,"/Users/tammamtautou/rfp2303/Shoptopia/client/src/components/Overview/productInfo/index.jsx": {"path":"/Users/tammamtautou/rfp2303/Shoptopia/client/src/components/Overview/productInfo/index.jsx","statementMap":{"0":{"start":{"line":8,"column":20},"end":{"line":8,"column":50}},"1":{"start":{"line":10,"column":2},"end":{"line":16,"column":4}}},"fnMap":{"0":{"name":"ProductInfo","decl":{"start":{"line":7,"column":24},"end":{"line":7,"column":35}},"loc":{"start":{"line":7,"column":60},"end":{"line":17,"column":1}},"line":7}},"branchMap":{},"s":{"0":4,"1":4},"f":{"0":4},"b":{},"_coverageSchema":"1a1c01bbd47fc00a2c39e90264f33305004495a9","hash":"2a3ebd0a889b029976c6e0919a579d9ee28ced36"}
,"/Users/tammamtautou/rfp2303/Shoptopia/client/src/components/Overview/productInfo/price.jsx": {"path":"/Users/tammamtautou/rfp2303/Shoptopia/client/src/components/Overview/productInfo/price.jsx","statementMap":{"0":{"start":{"line":6,"column":20},"end":{"line":6,"column":50}},"1":{"start":{"line":8,"column":2},"end":{"line":12,"column":4}}},"fnMap":{"0":{"name":"Price","decl":{"start":{"line":5,"column":24},"end":{"line":5,"column":29}},"loc":{"start":{"line":5,"column":32},"end":{"line":13,"column":1}},"line":5}},"branchMap":{"0":{"loc":{"start":{"line":9,"column":4},"end":{"line":11,"column":43}},"type":"cond-expr","locations":[{"start":{"line":10,"column":8},"end":{"line":10,"column":39}},{"start":{"line":11,"column":8},"end":{"line":11,"column":43}}],"line":9}},"s":{"0":4,"1":4},"f":{"0":4},"b":{"0":[0,4]},"_coverageSchema":"1a1c01bbd47fc00a2c39e90264f33305004495a9","hash":"8eb53753832004062567226327459aa85fc411dc"}
,"/Users/tammamtautou/rfp2303/Shoptopia/client/src/components/Overview/productInfo/share.jsx": {"path":"/Users/tammamtautou/rfp2303/Shoptopia/client/src/components/Overview/productInfo/share.jsx","statementMap":{"0":{"start":{"line":4,"column":38},"end":{"line":4,"column":59}},"1":{"start":{"line":5,"column":14},"end":{"line":5,"column":59}},"2":{"start":{"line":6,"column":16},"end":{"line":6,"column":39}},"3":{"start":{"line":7,"column":17},"end":{"line":7,"column":92}},"4":{"start":{"line":8,"column":18},"end":{"line":8,"column":65}},"5":{"start":{"line":10,"column":2},"end":{"line":10,"column":21}},"6":{"start":{"line":11,"column":22},"end":{"line":14,"column":3}},"7":{"start":{"line":12,"column":4},"end":{"line":12,"column":23}},"8":{"start":{"line":13,"column":4},"end":{"line":13,"column":24}},"9":{"start":{"line":15,"column":2},"end":{"line":56,"column":4}}},"fnMap":{"0":{"name":"Share","decl":{"start":{"line":3,"column":24},"end":{"line":3,"column":29}},"loc":{"start":{"line":3,"column":32},"end":{"line":57,"column":1}},"line":3},"1":{"name":"(anonymous_1)","decl":{"start":{"line":11,"column":22},"end":{"line":11,"column":23}},"loc":{"start":{"line":11,"column":29},"end":{"line":14,"column":3}},"line":11}},"branchMap":{"0":{"loc":{"start":{"line":16,"column":4},"end":{"line":54,"column":66}},"type":"cond-expr","locations":[{"start":{"line":18,"column":8},"end":{"line":52,"column":14}},{"start":{"line":54,"column":8},"end":{"line":54,"column":66}}],"line":16}},"s":{"0":4,"1":4,"2":4,"3":4,"4":4,"5":4,"6":4,"7":0,"8":0,"9":4},"f":{"0":4,"1":0},"b":{"0":[0,4]},"_coverageSchema":"1a1c01bbd47fc00a2c39e90264f33305004495a9","hash":"75bff731ce66bef4a0e2b2e78de9ae7f005e460a"}
,"/Users/tammamtautou/rfp2303/Shoptopia/client/src/components/Overview/styleSelect/index.jsx": {"path":"/Users/tammamtautou/rfp2303/Shoptopia/client/src/components/Overview/styleSelect/index.jsx","statementMap":{"0":{"start":{"line":5,"column":2},"end":{"line":13,"column":4}},"1":{"start":{"line":9,"column":10},"end":{"line":9,"column":72}}},"fnMap":{"0":{"name":"StyleSelect","decl":{"start":{"line":4,"column":24},"end":{"line":4,"column":35}},"loc":{"start":{"line":4,"column":48},"end":{"line":14,"column":1}},"line":4},"1":{"name":"(anonymous_1)","decl":{"start":{"line":8,"column":29},"end":{"line":8,"column":30}},"loc":{"start":{"line":9,"column":10},"end":{"line":9,"column":72}},"line":9}},"branchMap":{"0":{"loc":{"start":{"line":7,"column":7},"end":{"line":10,"column":41}},"type":"cond-expr","locations":[{"start":{"line":8,"column":10},"end":{"line":9,"column":73}},{"start":{"line":10,"column":10},"end":{"line":10,"column":41}}],"line":7}},"s":{"0":4,"1":0},"f":{"0":4,"1":0},"b":{"0":[0,4]},"_coverageSchema":"1a1c01bbd47fc00a2c39e90264f33305004495a9","hash":"2b23b297d9d328765b1cf585ccc0a2ce0fd698a1"}
,"/Users/tammamtautou/rfp2303/Shoptopia/client/src/components/Overview/styleSelect/styleOption.jsx": {"path":"/Users/tammamtautou/rfp2303/Shoptopia/client/src/components/Overview/styleSelect/styleOption.jsx","statementMap":{"0":{"start":{"line":5,"column":30},"end":{"line":5,"column":60}},"1":{"start":{"line":6,"column":22},"end":{"line":8,"column":3}},"2":{"start":{"line":7,"column":4},"end":{"line":7,"column":24}},"3":{"start":{"line":10,"column":2},"end":{"line":14,"column":4}}},"fnMap":{"0":{"name":"StyleOption","decl":{"start":{"line":4,"column":24},"end":{"line":4,"column":35}},"loc":{"start":{"line":4,"column":51},"end":{"line":15,"column":1}},"line":4},"1":{"name":"(anonymous_1)","decl":{"start":{"line":6,"column":22},"end":{"line":6,"column":23}},"loc":{"start":{"line":6,"column":28},"end":{"line":8,"column":3}},"line":6}},"branchMap":{},"s":{"0":0,"1":0,"2":0,"3":0},"f":{"0":0,"1":0},"b":{},"_coverageSchema":"1a1c01bbd47fc00a2c39e90264f33305004495a9","hash":"55252343ff1a799b1202b18537fd6d6cb0d97cd0"}
,"/Users/tammamtautou/rfp2303/Shoptopia/client/src/components/Questions/Questions.jsx": {"path":"/Users/tammamtautou/rfp2303/Shoptopia/client/src/components/Questions/Questions.jsx","statementMap":{"0":{"start":{"line":12,"column":28},"end":{"line":12,"column":40}},"1":{"start":{"line":13,"column":26},"end":{"line":20,"column":4}},"2":{"start":{"line":22,"column":2},"end":{"line":37,"column":9}},"3":{"start":{"line":23,"column":4},"end":{"line":36,"column":7}},"4":{"start":{"line":24,"column":6},"end":{"line":26,"column":9}},"5":{"start":{"line":28,"column":6},"end":{"line":35,"column":9}},"6":{"start":{"line":39,"column":2},"end":{"line":43,"column":14}},"7":{"start":{"line":40,"column":4},"end":{"line":42,"column":5}},"8":{"start":{"line":41,"column":6},"end":{"line":41,"column":69}},"9":{"start":{"line":41,"column":63},"end":{"line":41,"column":64}},"10":{"start":{"line":46,"column":16},"end":{"line":46,"column":30}},"11":{"start":{"line":47,"column":4},"end":{"line":47,"column":40}},"12":{"start":{"line":51,"column":17},"end":{"line":58,"column":6}},"13":{"start":{"line":52,"column":6},"end":{"line":56,"column":7}},"14":{"start":{"line":53,"column":21},"end":{"line":53,"column":29}},"15":{"start":{"line":54,"column":8},"end":{"line":54,"column":39}},"16":{"start":{"line":55,"column":8},"end":{"line":55,"column":20}},"17":{"start":{"line":57,"column":6},"end":{"line":57,"column":15}},"18":{"start":{"line":59,"column":4},"end":{"line":59,"column":34}},"19":{"start":{"line":63,"column":4},"end":{"line":63,"column":42}},"20":{"start":{"line":67,"column":4},"end":{"line":77,"column":5}},"21":{"start":{"line":68,"column":23},"end":{"line":73,"column":8}},"22":{"start":{"line":69,"column":8},"end":{"line":71,"column":9}},"23":{"start":{"line":70,"column":10},"end":{"line":70,"column":22}},"24":{"start":{"line":72,"column":8},"end":{"line":72,"column":21}},"25":{"start":{"line":74,"column":6},"end":{"line":74,"column":47}},"26":{"start":{"line":76,"column":6},"end":{"line":76,"column":68}},"27":{"start":{"line":76,"column":62},"end":{"line":76,"column":63}},"28":{"start":{"line":81,"column":4},"end":{"line":92,"column":7}},"29":{"start":{"line":82,"column":19},"end":{"line":90,"column":8}},"30":{"start":{"line":83,"column":8},"end":{"line":88,"column":9}},"31":{"start":{"line":84,"column":23},"end":{"line":84,"column":31}},"32":{"start":{"line":85,"column":10},"end":{"line":85,"column":36}},"33":{"start":{"line":86,"column":10},"end":{"line":86,"column":41}},"34":{"start":{"line":87,"column":10},"end":{"line":87,"column":22}},"35":{"start":{"line":89,"column":8},"end":{"line":89,"column":17}},"36":{"start":{"line":91,"column":6},"end":{"line":91,"column":36}},"37":{"start":{"line":96,"column":4},"end":{"line":107,"column":7}},"38":{"start":{"line":97,"column":19},"end":{"line":105,"column":8}},"39":{"start":{"line":98,"column":8},"end":{"line":103,"column":9}},"40":{"start":{"line":99,"column":23},"end":{"line":99,"column":31}},"41":{"start":{"line":100,"column":10},"end":{"line":100,"column":49}},"42":{"start":{"line":101,"column":10},"end":{"line":101,"column":45}},"43":{"start":{"line":102,"column":10},"end":{"line":102,"column":22}},"44":{"start":{"line":104,"column":8},"end":{"line":104,"column":17}},"45":{"start":{"line":106,"column":6},"end":{"line":106,"column":36}},"46":{"start":{"line":111,"column":4},"end":{"line":121,"column":7}},"47":{"start":{"line":112,"column":19},"end":{"line":119,"column":8}},"48":{"start":{"line":113,"column":8},"end":{"line":117,"column":9}},"49":{"start":{"line":114,"column":23},"end":{"line":114,"column":31}},"50":{"start":{"line":115,"column":10},"end":{"line":115,"column":44}},"51":{"start":{"line":116,"column":10},"end":{"line":116,"column":22}},"52":{"start":{"line":118,"column":8},"end":{"line":118,"column":17}},"53":{"start":{"line":120,"column":6},"end":{"line":120,"column":36}},"54":{"start":{"line":124,"column":21},"end":{"line":126,"column":3}},"55":{"start":{"line":128,"column":2},"end":{"line":137,"column":4}}},"fnMap":{"0":{"name":"Questions","decl":{"start":{"line":11,"column":9},"end":{"line":11,"column":18}},"loc":{"start":{"line":11,"column":35},"end":{"line":138,"column":1}},"line":11},"1":{"name":"(anonymous_1)","decl":{"start":{"line":22,"column":12},"end":{"line":22,"column":13}},"loc":{"start":{"line":22,"column":18},"end":{"line":37,"column":3}},"line":22},"2":{"name":"(anonymous_2)","decl":{"start":{"line":23,"column":39},"end":{"line":23,"column":40}},"loc":{"start":{"line":23,"column":53},"end":{"line":36,"column":5}},"line":23},"3":{"name":"(anonymous_3)","decl":{"start":{"line":39,"column":12},"end":{"line":39,"column":13}},"loc":{"start":{"line":39,"column":18},"end":{"line":43,"column":3}},"line":39},"4":{"name":"(anonymous_4)","decl":{"start":{"line":41,"column":56},"end":{"line":41,"column":57}},"loc":{"start":{"line":41,"column":63},"end":{"line":41,"column":64}},"line":41},"5":{"name":"toggleExpanded","decl":{"start":{"line":45,"column":11},"end":{"line":45,"column":25}},"loc":{"start":{"line":45,"column":28},"end":{"line":48,"column":3}},"line":45},"6":{"name":"showAnswers","decl":{"start":{"line":50,"column":11},"end":{"line":50,"column":22}},"loc":{"start":{"line":50,"column":27},"end":{"line":60,"column":3}},"line":50},"7":{"name":"(anonymous_7)","decl":{"start":{"line":51,"column":37},"end":{"line":51,"column":38}},"loc":{"start":{"line":51,"column":44},"end":{"line":58,"column":5}},"line":51},"8":{"name":"changeMode","decl":{"start":{"line":62,"column":11},"end":{"line":62,"column":21}},"loc":{"start":{"line":62,"column":39},"end":{"line":64,"column":3}},"line":62},"9":{"name":"textSearch","decl":{"start":{"line":66,"column":11},"end":{"line":66,"column":21}},"loc":{"start":{"line":66,"column":27},"end":{"line":78,"column":3}},"line":66},"10":{"name":"(anonymous_10)","decl":{"start":{"line":68,"column":46},"end":{"line":68,"column":47}},"loc":{"start":{"line":68,"column":53},"end":{"line":73,"column":7}},"line":68},"11":{"name":"(anonymous_11)","decl":{"start":{"line":76,"column":55},"end":{"line":76,"column":56}},"loc":{"start":{"line":76,"column":62},"end":{"line":76,"column":63}},"line":76},"12":{"name":"markQHelpful","decl":{"start":{"line":80,"column":11},"end":{"line":80,"column":23}},"loc":{"start":{"line":80,"column":28},"end":{"line":93,"column":3}},"line":80},"13":{"name":"(anonymous_13)","decl":{"start":{"line":81,"column":42},"end":{"line":81,"column":43}},"loc":{"start":{"line":81,"column":48},"end":{"line":92,"column":5}},"line":81},"14":{"name":"(anonymous_14)","decl":{"start":{"line":82,"column":39},"end":{"line":82,"column":40}},"loc":{"start":{"line":82,"column":46},"end":{"line":90,"column":7}},"line":82},"15":{"name":"markAHelpful","decl":{"start":{"line":95,"column":11},"end":{"line":95,"column":23}},"loc":{"start":{"line":95,"column":34},"end":{"line":108,"column":3}},"line":95},"16":{"name":"(anonymous_16)","decl":{"start":{"line":96,"column":41},"end":{"line":96,"column":42}},"loc":{"start":{"line":96,"column":45},"end":{"line":107,"column":5}},"line":96},"17":{"name":"(anonymous_17)","decl":{"start":{"line":97,"column":39},"end":{"line":97,"column":40}},"loc":{"start":{"line":97,"column":46},"end":{"line":105,"column":7}},"line":97},"18":{"name":"reportAnswer","decl":{"start":{"line":110,"column":11},"end":{"line":110,"column":23}},"loc":{"start":{"line":110,"column":34},"end":{"line":122,"column":3}},"line":110},"19":{"name":"(anonymous_19)","decl":{"start":{"line":111,"column":40},"end":{"line":111,"column":41}},"loc":{"start":{"line":111,"column":46},"end":{"line":121,"column":5}},"line":111},"20":{"name":"(anonymous_20)","decl":{"start":{"line":112,"column":39},"end":{"line":112,"column":40}},"loc":{"start":{"line":112,"column":46},"end":{"line":119,"column":7}},"line":112}},"branchMap":{"0":{"loc":{"start":{"line":19,"column":9},"end":{"line":19,"column":28}},"type":"binary-expr","locations":[{"start":{"line":19,"column":9},"end":{"line":19,"column":19}},{"start":{"line":19,"column":23},"end":{"line":19,"column":28}}],"line":19},"1":{"loc":{"start":{"line":34,"column":13},"end":{"line":34,"column":32}},"type":"binary-expr","locations":[{"start":{"line":34,"column":13},"end":{"line":34,"column":23}},{"start":{"line":34,"column":27},"end":{"line":34,"column":32}}],"line":34},"2":{"loc":{"start":{"line":40,"column":4},"end":{"line":42,"column":5}},"type":"if","locations":[{"start":{"line":40,"column":4},"end":{"line":42,"column":5}},{"start":{},"end":{}}],"line":40},"3":{"loc":{"start":{"line":52,"column":6},"end":{"line":56,"column":7}},"type":"if","locations":[{"start":{"line":52,"column":6},"end":{"line":56,"column":7}},{"start":{},"end":{}}],"line":52},"4":{"loc":{"start":{"line":67,"column":4},"end":{"line":77,"column":5}},"type":"if","locations":[{"start":{"line":67,"column":4},"end":{"line":77,"column":5}},{"start":{"line":75,"column":11},"end":{"line":77,"column":5}}],"line":67},"5":{"loc":{"start":{"line":69,"column":8},"end":{"line":71,"column":9}},"type":"if","locations":[{"start":{"line":69,"column":8},"end":{"line":71,"column":9}},{"start":{},"end":{}}],"line":69},"6":{"loc":{"start":{"line":83,"column":8},"end":{"line":88,"column":9}},"type":"if","locations":[{"start":{"line":83,"column":8},"end":{"line":88,"column":9}},{"start":{},"end":{}}],"line":83},"7":{"loc":{"start":{"line":98,"column":8},"end":{"line":103,"column":9}},"type":"if","locations":[{"start":{"line":98,"column":8},"end":{"line":103,"column":9}},{"start":{},"end":{}}],"line":98},"8":{"loc":{"start":{"line":113,"column":8},"end":{"line":117,"column":9}},"type":"if","locations":[{"start":{"line":113,"column":8},"end":{"line":117,"column":9}},{"start":{},"end":{}}],"line":113},"9":{"loc":{"start":{"line":134,"column":7},"end":{"line":134,"column":79}},"type":"binary-expr","locations":[{"start":{"line":134,"column":7},"end":{"line":134,"column":33}},{"start":{"line":134,"column":37},"end":{"line":134,"column":79}}],"line":134},"10":{"loc":{"start":{"line":135,"column":7},"end":{"line":135,"column":83}},"type":"binary-expr","locations":[{"start":{"line":135,"column":7},"end":{"line":135,"column":35}},{"start":{"line":135,"column":39},"end":{"line":135,"column":83}}],"line":135}},"s":{"0":4,"1":4,"2":4,"3":4,"4":0,"5":0,"6":4,"7":4,"8":0,"9":0,"10":0,"11":0,"12":0,"13":0,"14":0,"15":0,"16":0,"17":0,"18":0,"19":0,"20":0,"21":0,"22":0,"23":0,"24":0,"25":0,"26":0,"27":0,"28":0,"29":0,"30":0,"31":0,"32":0,"33":0,"34":0,"35":0,"36":0,"37":0,"38":0,"39":0,"40":0,"41":0,"42":0,"43":0,"44":0,"45":0,"46":0,"47":0,"48":0,"49":0,"50":0,"51":0,"52":0,"53":0,"54":4,"55":4},"f":{"0":4,"1":4,"2":0,"3":4,"4":0,"5":0,"6":0,"7":0,"8":0,"9":0,"10":0,"11":0,"12":0,"13":0,"14":0,"15":0,"16":0,"17":0,"18":0,"19":0,"20":0},"b":{"0":[4,4],"1":[0,0],"2":[0,4],"3":[0,0],"4":[0,0],"5":[0,0],"6":[0,0],"7":[0,0],"8":[0,0],"9":[4,0],"10":[4,0]},"_coverageSchema":"1a1c01bbd47fc00a2c39e90264f33305004495a9","hash":"b0807c24a877b026d34994a862266175b402a531"}
,"/Users/tammamtautou/rfp2303/Shoptopia/client/src/components/Questions/Modals/AddAnswerModal.jsx": {"path":"/Users/tammamtautou/rfp2303/Shoptopia/client/src/components/Questions/Modals/AddAnswerModal.jsx","statementMap":{"0":{"start":{"line":5,"column":30},"end":{"line":5,"column":42}},"1":{"start":{"line":6,"column":34},"end":{"line":6,"column":46}},"2":{"start":{"line":7,"column":28},"end":{"line":7,"column":40}},"3":{"start":{"line":8,"column":30},"end":{"line":8,"column":42}},"4":{"start":{"line":11,"column":22},"end":{"line":11,"column":69}},"5":{"start":{"line":14,"column":4},"end":{"line":17,"column":5}},"6":{"start":{"line":15,"column":6},"end":{"line":15,"column":67}},"7":{"start":{"line":16,"column":6},"end":{"line":16,"column":19}},"8":{"start":{"line":18,"column":4},"end":{"line":21,"column":5}},"9":{"start":{"line":19,"column":6},"end":{"line":19,"column":77}},"10":{"start":{"line":20,"column":6},"end":{"line":20,"column":19}},"11":{"start":{"line":22,"column":4},"end":{"line":22,"column":16}},"12":{"start":{"line":26,"column":4},"end":{"line":26,"column":14}},"13":{"start":{"line":30,"column":4},"end":{"line":35,"column":5}},"14":{"start":{"line":31,"column":6},"end":{"line":31,"column":35}},"15":{"start":{"line":32,"column":6},"end":{"line":34,"column":9}},"16":{"start":{"line":33,"column":8},"end":{"line":33,"column":29}},"17":{"start":{"line":39,"column":4},"end":{"line":39,"column":25}},"18":{"start":{"line":42,"column":13},"end":{"line":42,"column":56}},"19":{"start":{"line":43,"column":13},"end":{"line":43,"column":56}},"20":{"start":{"line":44,"column":13},"end":{"line":44,"column":33}},"21":{"start":{"line":46,"column":2},"end":{"line":58,"column":4}},"22":{"start":{"line":50,"column":76},"end":{"line":50,"column":109}},"23":{"start":{"line":51,"column":78},"end":{"line":51,"column":113}},"24":{"start":{"line":52,"column":75},"end":{"line":52,"column":107}}},"fnMap":{"0":{"name":"AddAnswerModal","decl":{"start":{"line":4,"column":9},"end":{"line":4,"column":23}},"loc":{"start":{"line":4,"column":34},"end":{"line":59,"column":1}},"line":4},"1":{"name":"onUpload","decl":{"start":{"line":9,"column":11},"end":{"line":9,"column":19}},"loc":{"start":{"line":9,"column":22},"end":{"line":9,"column":24}},"line":9},"2":{"name":"validate","decl":{"start":{"line":13,"column":11},"end":{"line":13,"column":19}},"loc":{"start":{"line":13,"column":22},"end":{"line":23,"column":3}},"line":13},"3":{"name":"change","decl":{"start":{"line":25,"column":11},"end":{"line":25,"column":17}},"loc":{"start":{"line":25,"column":29},"end":{"line":27,"column":3}},"line":25},"4":{"name":"onSubmit","decl":{"start":{"line":29,"column":11},"end":{"line":29,"column":19}},"loc":{"start":{"line":29,"column":22},"end":{"line":36,"column":3}},"line":29},"5":{"name":"(anonymous_5)","decl":{"start":{"line":32,"column":81},"end":{"line":32,"column":82}},"loc":{"start":{"line":32,"column":87},"end":{"line":34,"column":7}},"line":32},"6":{"name":"onBack","decl":{"start":{"line":38,"column":11},"end":{"line":38,"column":17}},"loc":{"start":{"line":38,"column":20},"end":{"line":40,"column":3}},"line":38},"7":{"name":"(anonymous_7)","decl":{"start":{"line":50,"column":69},"end":{"line":50,"column":70}},"loc":{"start":{"line":50,"column":76},"end":{"line":50,"column":109}},"line":50},"8":{"name":"(anonymous_8)","decl":{"start":{"line":51,"column":71},"end":{"line":51,"column":72}},"loc":{"start":{"line":51,"column":78},"end":{"line":51,"column":113}},"line":51},"9":{"name":"(anonymous_9)","decl":{"start":{"line":52,"column":68},"end":{"line":52,"column":69}},"loc":{"start":{"line":52,"column":75},"end":{"line":52,"column":107}},"line":52}},"branchMap":{"0":{"loc":{"start":{"line":14,"column":4},"end":{"line":17,"column":5}},"type":"if","locations":[{"start":{"line":14,"column":4},"end":{"line":17,"column":5}},{"start":{},"end":{}}],"line":14},"1":{"loc":{"start":{"line":14,"column":8},"end":{"line":14,"column":56}},"type":"binary-expr","locations":[{"start":{"line":14,"column":8},"end":{"line":14,"column":21}},{"start":{"line":14,"column":25},"end":{"line":14,"column":40}},{"start":{"line":14,"column":44},"end":{"line":14,"column":56}}],"line":14},"2":{"loc":{"start":{"line":18,"column":4},"end":{"line":21,"column":5}},"type":"if","locations":[{"start":{"line":18,"column":4},"end":{"line":21,"column":5}},{"start":{},"end":{}}],"line":18},"3":{"loc":{"start":{"line":30,"column":4},"end":{"line":35,"column":5}},"type":"if","locations":[{"start":{"line":30,"column":4},"end":{"line":35,"column":5}},{"start":{},"end":{}}],"line":30}},"s":{"0":0,"1":0,"2":0,"3":0,"4":0,"5":0,"6":0,"7":0,"8":0,"9":0,"10":0,"11":0,"12":0,"13":0,"14":0,"15":0,"16":0,"17":0,"18":0,"19":0,"20":0,"21":0,"22":0,"23":0,"24":0},"f":{"0":0,"1":0,"2":0,"3":0,"4":0,"5":0,"6":0,"7":0,"8":0,"9":0},"b":{"0":[0,0],"1":[0,0,0],"2":[0,0],"3":[0,0]},"_coverageSchema":"1a1c01bbd47fc00a2c39e90264f33305004495a9","hash":"c70c30b2818e2ed9ce6abd1e76cb03b61fb8737a"}
,"/Users/tammamtautou/rfp2303/Shoptopia/client/src/components/Questions/Modals/AddQuestionModal.jsx": {"path":"/Users/tammamtautou/rfp2303/Shoptopia/client/src/components/Questions/Modals/AddQuestionModal.jsx","statementMap":{"0":{"start":{"line":5,"column":34},"end":{"line":5,"column":46}},"1":{"start":{"line":6,"column":34},"end":{"line":6,"column":46}},"2":{"start":{"line":7,"column":28},"end":{"line":7,"column":40}},"3":{"start":{"line":9,"column":22},"end":{"line":9,"column":69}},"4":{"start":{"line":11,"column":4},"end":{"line":14,"column":5}},"5":{"start":{"line":12,"column":6},"end":{"line":12,"column":67}},"6":{"start":{"line":13,"column":6},"end":{"line":13,"column":19}},"7":{"start":{"line":14,"column":6},"end":{"line":17,"column":5}},"8":{"start":{"line":15,"column":6},"end":{"line":15,"column":77}},"9":{"start":{"line":16,"column":6},"end":{"line":16,"column":19}},"10":{"start":{"line":18,"column":4},"end":{"line":18,"column":16}},"11":{"start":{"line":22,"column":4},"end":{"line":22,"column":14}},"12":{"start":{"line":25,"column":4},"end":{"line":29,"column":5}},"13":{"start":{"line":26,"column":6},"end":{"line":28,"column":9}},"14":{"start":{"line":27,"column":8},"end":{"line":27,"column":29}},"15":{"start":{"line":33,"column":4},"end":{"line":33,"column":25}},"16":{"start":{"line":36,"column":13},"end":{"line":36,"column":60}},"17":{"start":{"line":37,"column":13},"end":{"line":37,"column":56}},"18":{"start":{"line":38,"column":13},"end":{"line":38,"column":33}},"19":{"start":{"line":39,"column":2},"end":{"line":50,"column":4}},"20":{"start":{"line":43,"column":78},"end":{"line":43,"column":113}},"21":{"start":{"line":44,"column":78},"end":{"line":44,"column":113}},"22":{"start":{"line":45,"column":75},"end":{"line":45,"column":107}}},"fnMap":{"0":{"name":"AddQuestionModal","decl":{"start":{"line":4,"column":9},"end":{"line":4,"column":25}},"loc":{"start":{"line":4,"column":36},"end":{"line":51,"column":1}},"line":4},"1":{"name":"validate","decl":{"start":{"line":10,"column":11},"end":{"line":10,"column":19}},"loc":{"start":{"line":10,"column":22},"end":{"line":19,"column":3}},"line":10},"2":{"name":"change","decl":{"start":{"line":21,"column":11},"end":{"line":21,"column":17}},"loc":{"start":{"line":21,"column":29},"end":{"line":23,"column":3}},"line":21},"3":{"name":"onSubmit","decl":{"start":{"line":24,"column":11},"end":{"line":24,"column":19}},"loc":{"start":{"line":24,"column":22},"end":{"line":30,"column":3}},"line":24},"4":{"name":"(anonymous_4)","decl":{"start":{"line":26,"column":68},"end":{"line":26,"column":69}},"loc":{"start":{"line":26,"column":74},"end":{"line":28,"column":7}},"line":26},"5":{"name":"onBack","decl":{"start":{"line":32,"column":11},"end":{"line":32,"column":17}},"loc":{"start":{"line":32,"column":20},"end":{"line":34,"column":3}},"line":32},"6":{"name":"(anonymous_6)","decl":{"start":{"line":43,"column":71},"end":{"line":43,"column":72}},"loc":{"start":{"line":43,"column":78},"end":{"line":43,"column":113}},"line":43},"7":{"name":"(anonymous_7)","decl":{"start":{"line":44,"column":71},"end":{"line":44,"column":72}},"loc":{"start":{"line":44,"column":78},"end":{"line":44,"column":113}},"line":44},"8":{"name":"(anonymous_8)","decl":{"start":{"line":45,"column":68},"end":{"line":45,"column":69}},"loc":{"start":{"line":45,"column":75},"end":{"line":45,"column":107}},"line":45}},"branchMap":{"0":{"loc":{"start":{"line":11,"column":4},"end":{"line":14,"column":5}},"type":"if","locations":[{"start":{"line":11,"column":4},"end":{"line":14,"column":5}},{"start":{},"end":{}}],"line":11},"1":{"loc":{"start":{"line":11,"column":8},"end":{"line":11,"column":58}},"type":"binary-expr","locations":[{"start":{"line":11,"column":8},"end":{"line":11,"column":23}},{"start":{"line":11,"column":27},"end":{"line":11,"column":42}},{"start":{"line":11,"column":46},"end":{"line":11,"column":58}}],"line":11},"2":{"loc":{"start":{"line":14,"column":6},"end":{"line":17,"column":5}},"type":"if","locations":[{"start":{"line":14,"column":6},"end":{"line":17,"column":5}},{"start":{},"end":{}}],"line":14},"3":{"loc":{"start":{"line":25,"column":4},"end":{"line":29,"column":5}},"type":"if","locations":[{"start":{"line":25,"column":4},"end":{"line":29,"column":5}},{"start":{},"end":{}}],"line":25}},"s":{"0":0,"1":0,"2":0,"3":0,"4":0,"5":0,"6":0,"7":0,"8":0,"9":0,"10":0,"11":0,"12":0,"13":0,"14":0,"15":0,"16":0,"17":0,"18":0,"19":0,"20":0,"21":0,"22":0},"f":{"0":0,"1":0,"2":0,"3":0,"4":0,"5":0,"6":0,"7":0,"8":0},"b":{"0":[0,0],"1":[0,0,0],"2":[0,0],"3":[0,0]},"_coverageSchema":"1a1c01bbd47fc00a2c39e90264f33305004495a9","hash":"ca5cf3703419af18c431dfb0ffe4b172e9930b7c"}
,"/Users/tammamtautou/rfp2303/Shoptopia/client/src/components/Questions/Modals/ImageModal.jsx": {"path":"/Users/tammamtautou/rfp2303/Shoptopia/client/src/components/Questions/Modals/ImageModal.jsx","statementMap":{},"fnMap":{},"branchMap":{},"s":{},"f":{},"b":{},"_coverageSchema":"1a1c01bbd47fc00a2c39e90264f33305004495a9","hash":"b7ee54a222d579cec286183af16516d8bbd79a86"}
,"/Users/tammamtautou/rfp2303/Shoptopia/client/src/components/Questions/Navigation/NavigationButtons.jsx": {"path":"/Users/tammamtautou/rfp2303/Shoptopia/client/src/components/Questions/Navigation/NavigationButtons.jsx","statementMap":{"0":{"start":{"line":4,"column":40},"end":{"line":4,"column":41}},"1":{"start":{"line":6,"column":4},"end":{"line":6,"column":35}},"2":{"start":{"line":8,"column":21},"end":{"line":8,"column":88}},"3":{"start":{"line":9,"column":2},"end":{"line":14,"column":4}}},"fnMap":{"0":{"name":"NavigationButtons","decl":{"start":{"line":3,"column":9},"end":{"line":3,"column":26}},"loc":{"start":{"line":3,"column":38},"end":{"line":15,"column":1}},"line":3},"1":{"name":"onAddQuestion","decl":{"start":{"line":5,"column":11},"end":{"line":5,"column":24}},"loc":{"start":{"line":5,"column":27},"end":{"line":7,"column":3}},"line":5}},"branchMap":{"0":{"loc":{"start":{"line":8,"column":21},"end":{"line":8,"column":88}},"type":"cond-expr","locations":[{"start":{"line":8,"column":35},"end":{"line":8,"column":60}},{"start":{"line":8,"column":63},"end":{"line":8,"column":88}}],"line":8},"1":{"loc":{"start":{"line":12,"column":7},"end":{"line":12,"column":72}},"type":"binary-expr","locations":[{"start":{"line":12,"column":7},"end":{"line":12,"column":14}},{"start":{"line":12,"column":18},"end":{"line":12,"column":72}}],"line":12}},"s":{"0":4,"1":0,"2":4,"3":4},"f":{"0":4,"1":0},"b":{"0":[4,0],"1":[4,4]},"_coverageSchema":"1a1c01bbd47fc00a2c39e90264f33305004495a9","hash":"e4365c50d7832fbc9c5f17481c9867640795a0e7"}
,"/Users/tammamtautou/rfp2303/Shoptopia/client/src/components/Questions/Navigation/SearchBar.jsx": {"path":"/Users/tammamtautou/rfp2303/Shoptopia/client/src/components/Questions/Navigation/SearchBar.jsx","statementMap":{"0":{"start":{"line":4,"column":38},"end":{"line":4,"column":50}},"1":{"start":{"line":7,"column":4},"end":{"line":7,"column":33}},"2":{"start":{"line":10,"column":2},"end":{"line":17,"column":4}}},"fnMap":{"0":{"name":"SearchBar","decl":{"start":{"line":3,"column":9},"end":{"line":3,"column":18}},"loc":{"start":{"line":3,"column":26},"end":{"line":18,"column":1}},"line":3},"1":{"name":"onTextChange","decl":{"start":{"line":6,"column":11},"end":{"line":6,"column":23}},"loc":{"start":{"line":6,"column":27},"end":{"line":8,"column":3}},"line":6}},"branchMap":{},"s":{"0":4,"1":0,"2":4},"f":{"0":4,"1":0},"b":{},"_coverageSchema":"1a1c01bbd47fc00a2c39e90264f33305004495a9","hash":"0f3f0855af8b127d31fc6e6f9e8300683cc182fc"}
,"/Users/tammamtautou/rfp2303/Shoptopia/client/src/components/Questions/QuestionList/Answer.jsx": {"path":"/Users/tammamtautou/rfp2303/Shoptopia/client/src/components/Questions/QuestionList/Answer.jsx","statementMap":{"0":{"start":{"line":4,"column":41},"end":{"line":4,"column":42}},"1":{"start":{"line":6,"column":4},"end":{"line":6,"column":27}},"2":{"start":{"line":9,"column":4},"end":{"line":9,"column":27}},"3":{"start":{"line":13,"column":2},"end":{"line":20,"column":4}}},"fnMap":{"0":{"name":"Answer","decl":{"start":{"line":3,"column":9},"end":{"line":3,"column":15}},"loc":{"start":{"line":3,"column":43},"end":{"line":21,"column":1}},"line":3},"1":{"name":"onHelpful","decl":{"start":{"line":5,"column":11},"end":{"line":5,"column":20}},"loc":{"start":{"line":5,"column":23},"end":{"line":7,"column":3}},"line":5},"2":{"name":"onReport","decl":{"start":{"line":8,"column":11},"end":{"line":8,"column":19}},"loc":{"start":{"line":8,"column":22},"end":{"line":10,"column":3}},"line":8},"3":{"name":"onImage","decl":{"start":{"line":11,"column":11},"end":{"line":11,"column":18}},"loc":{"start":{"line":11,"column":21},"end":{"line":11,"column":23}},"line":11}},"branchMap":{"0":{"loc":{"start":{"line":18,"column":20},"end":{"line":18,"column":114}},"type":"cond-expr","locations":[{"start":{"line":18,"column":42},"end":{"line":18,"column":82}},{"start":{"line":18,"column":83},"end":{"line":18,"column":114}}],"line":18},"1":{"loc":{"start":{"line":18,"column":142},"end":{"line":18,"column":227}},"type":"cond-expr","locations":[{"start":{"line":18,"column":159},"end":{"line":18,"column":201}},{"start":{"line":18,"column":202},"end":{"line":18,"column":227}}],"line":18}},"s":{"0":0,"1":0,"2":0,"3":0},"f":{"0":0,"1":0,"2":0,"3":0},"b":{"0":[0,0],"1":[0,0]},"_coverageSchema":"1a1c01bbd47fc00a2c39e90264f33305004495a9","hash":"9c64f82c5600bf62ce6007f8365ddeac3ce2ff90"}
,"/Users/tammamtautou/rfp2303/Shoptopia/client/src/components/Questions/QuestionList/AnswerList.jsx": {"path":"/Users/tammamtautou/rfp2303/Shoptopia/client/src/components/Questions/QuestionList/AnswerList.jsx","statementMap":{"0":{"start":{"line":6,"column":23},"end":{"line":6,"column":69}},"1":{"start":{"line":6,"column":47},"end":{"line":6,"column":68}},"2":{"start":{"line":7,"column":2},"end":{"line":11,"column":3}},"3":{"start":{"line":8,"column":4},"end":{"line":8,"column":32}},"4":{"start":{"line":10,"column":4},"end":{"line":10,"column":20}},"5":{"start":{"line":12,"column":16},"end":{"line":16,"column":3}},"6":{"start":{"line":17,"column":2},"end":{"line":21,"column":4}},"7":{"start":{"line":19,"column":25},"end":{"line":19,"column":90}}},"fnMap":{"0":{"name":"AnswerList","decl":{"start":{"line":4,"column":9},"end":{"line":4,"column":19}},"loc":{"start":{"line":4,"column":44},"end":{"line":22,"column":1}},"line":4},"1":{"name":"(anonymous_1)","decl":{"start":{"line":6,"column":40},"end":{"line":6,"column":41}},"loc":{"start":{"line":6,"column":47},"end":{"line":6,"column":68}},"line":6},"2":{"name":"(anonymous_2)","decl":{"start":{"line":19,"column":17},"end":{"line":19,"column":18}},"loc":{"start":{"line":19,"column":25},"end":{"line":19,"column":90}},"line":19}},"branchMap":{"0":{"loc":{"start":{"line":7,"column":2},"end":{"line":11,"column":3}},"type":"if","locations":[{"start":{"line":7,"column":2},"end":{"line":11,"column":3}},{"start":{"line":9,"column":9},"end":{"line":11,"column":3}}],"line":7},"1":{"loc":{"start":{"line":7,"column":6},"end":{"line":7,"column":41}},"type":"binary-expr","locations":[{"start":{"line":7,"column":6},"end":{"line":7,"column":15}},{"start":{"line":7,"column":19},"end":{"line":7,"column":41}}],"line":7}},"s":{"0":0,"1":0,"2":0,"3":0,"4":0,"5":0,"6":0,"7":0},"f":{"0":0,"1":0,"2":0},"b":{"0":[0,0],"1":[0,0]},"_coverageSchema":"1a1c01bbd47fc00a2c39e90264f33305004495a9","hash":"ccfa78dc08f741a63bedfe5709f87de3355527c4"}
,"/Users/tammamtautou/rfp2303/Shoptopia/client/src/components/Questions/QuestionList/Question.jsx": {"path":"/Users/tammamtautou/rfp2303/Shoptopia/client/src/components/Questions/QuestionList/Question.jsx","statementMap":{"0":{"start":{"line":5,"column":52},"end":{"line":5,"column":53}},"1":{"start":{"line":8,"column":4},"end":{"line":8,"column":22}},"2":{"start":{"line":12,"column":4},"end":{"line":12,"column":21}},"3":{"start":{"line":15,"column":4},"end":{"line":15,"column":48}},"4":{"start":{"line":18,"column":16},"end":{"line":18,"column":81}},"5":{"start":{"line":18,"column":59},"end":{"line":18,"column":80}},"6":{"start":{"line":20,"column":2},"end":{"line":28,"column":5}},"7":{"start":{"line":21,"column":4},"end":{"line":23,"column":5}},"8":{"start":{"line":22,"column":6},"end":{"line":22,"column":15}},"9":{"start":{"line":24,"column":4},"end":{"line":26,"column":5}},"10":{"start":{"line":25,"column":6},"end":{"line":25,"column":16}},"11":{"start":{"line":27,"column":4},"end":{"line":27,"column":13}},"12":{"start":{"line":30,"column":2},"end":{"line":39,"column":4}}},"fnMap":{"0":{"name":"Question","decl":{"start":{"line":4,"column":9},"end":{"line":4,"column":17}},"loc":{"start":{"line":4,"column":43},"end":{"line":40,"column":1}},"line":4},"1":{"name":"onHelpful","decl":{"start":{"line":7,"column":11},"end":{"line":7,"column":20}},"loc":{"start":{"line":7,"column":23},"end":{"line":9,"column":3}},"line":7},"2":{"name":"onToggle","decl":{"start":{"line":11,"column":11},"end":{"line":11,"column":19}},"loc":{"start":{"line":11,"column":22},"end":{"line":13,"column":3}},"line":11},"3":{"name":"onAddAnswer","decl":{"start":{"line":14,"column":11},"end":{"line":14,"column":22}},"loc":{"start":{"line":14,"column":25},"end":{"line":16,"column":3}},"line":14},"4":{"name":"(anonymous_4)","decl":{"start":{"line":18,"column":50},"end":{"line":18,"column":51}},"loc":{"start":{"line":18,"column":59},"end":{"line":18,"column":80}},"line":18},"5":{"name":"(anonymous_5)","decl":{"start":{"line":20,"column":25},"end":{"line":20,"column":26}},"loc":{"start":{"line":20,"column":35},"end":{"line":28,"column":3}},"line":20}},"branchMap":{"0":{"loc":{"start":{"line":21,"column":4},"end":{"line":23,"column":5}},"type":"if","locations":[{"start":{"line":21,"column":4},"end":{"line":23,"column":5}},{"start":{},"end":{}}],"line":21},"1":{"loc":{"start":{"line":24,"column":4},"end":{"line":26,"column":5}},"type":"if","locations":[{"start":{"line":24,"column":4},"end":{"line":26,"column":5}},{"start":{},"end":{}}],"line":24},"2":{"loc":{"start":{"line":35,"column":18},"end":{"line":35,"column":121}},"type":"cond-expr","locations":[{"start":{"line":35,"column":43},"end":{"line":35,"column":75}},{"start":{"line":35,"column":78},"end":{"line":35,"column":121}}],"line":35},"3":{"loc":{"start":{"line":37,"column":5},"end":{"line":37,"column":128}},"type":"binary-expr","locations":[{"start":{"line":37,"column":5},"end":{"line":37,"column":23}},{"start":{"line":37,"column":27},"end":{"line":37,"column":128}}],"line":37},"4":{"loc":{"start":{"line":37,"column":56},"end":{"line":37,"column":117}},"type":"cond-expr","locations":[{"start":{"line":37,"column":76},"end":{"line":37,"column":95}},{"start":{"line":37,"column":98},"end":{"line":37,"column":117}}],"line":37}},"s":{"0":0,"1":0,"2":0,"3":0,"4":0,"5":0,"6":0,"7":0,"8":0,"9":0,"10":0,"11":0,"12":0},"f":{"0":0,"1":0,"2":0,"3":0,"4":0,"5":0},"b":{"0":[0,0],"1":[0,0],"2":[0,0],"3":[0,0],"4":[0,0]},"_coverageSchema":"1a1c01bbd47fc00a2c39e90264f33305004495a9","hash":"1c05ccd8bfc2719534db03075ae375e47db9996e"}
,"/Users/tammamtautou/rfp2303/Shoptopia/client/src/components/Questions/QuestionList/QuestionList.jsx": {"path":"/Users/tammamtautou/rfp2303/Shoptopia/client/src/components/Questions/QuestionList/QuestionList.jsx","statementMap":{"0":{"start":{"line":6,"column":24},"end":{"line":6,"column":25}},"1":{"start":{"line":8,"column":13},"end":{"line":16,"column":4}},"2":{"start":{"line":9,"column":4},"end":{"line":11,"column":5}},"3":{"start":{"line":10,"column":6},"end":{"line":10,"column":15}},"4":{"start":{"line":12,"column":4},"end":{"line":14,"column":5}},"5":{"start":{"line":13,"column":6},"end":{"line":13,"column":16}},"6":{"start":{"line":15,"column":4},"end":{"line":15,"column":13}},"7":{"start":{"line":17,"column":2},"end":{"line":19,"column":3}},"8":{"start":{"line":18,"column":4},"end":{"line":18,"column":28}},"9":{"start":{"line":21,"column":16},"end":{"line":25,"column":3}},"10":{"start":{"line":27,"column":2},"end":{"line":33,"column":4}},"11":{"start":{"line":30,"column":26},"end":{"line":30,"column":103}}},"fnMap":{"0":{"name":"QuestionList","decl":{"start":{"line":4,"column":9},"end":{"line":4,"column":21}},"loc":{"start":{"line":4,"column":32},"end":{"line":34,"column":1}},"line":4},"1":{"name":"onScroll","decl":{"start":{"line":5,"column":11},"end":{"line":5,"column":19}},"loc":{"start":{"line":5,"column":22},"end":{"line":5,"column":24}},"line":5},"2":{"name":"(anonymous_2)","decl":{"start":{"line":8,"column":28},"end":{"line":8,"column":29}},"loc":{"start":{"line":8,"column":38},"end":{"line":16,"column":3}},"line":8},"3":{"name":"(anonymous_3)","decl":{"start":{"line":30,"column":18},"end":{"line":30,"column":19}},"loc":{"start":{"line":30,"column":26},"end":{"line":30,"column":103}},"line":30}},"branchMap":{"0":{"loc":{"start":{"line":9,"column":4},"end":{"line":11,"column":5}},"type":"if","locations":[{"start":{"line":9,"column":4},"end":{"line":11,"column":5}},{"start":{},"end":{}}],"line":9},"1":{"loc":{"start":{"line":12,"column":4},"end":{"line":14,"column":5}},"type":"if","locations":[{"start":{"line":12,"column":4},"end":{"line":14,"column":5}},{"start":{},"end":{}}],"line":12},"2":{"loc":{"start":{"line":17,"column":2},"end":{"line":19,"column":3}},"type":"if","locations":[{"start":{"line":17,"column":2},"end":{"line":19,"column":3}},{"start":{},"end":{}}],"line":17}},"s":{"0":4,"1":4,"2":0,"3":0,"4":0,"5":0,"6":0,"7":4,"8":4,"9":4,"10":4,"11":0},"f":{"0":4,"1":0,"2":0,"3":0},"b":{"0":[0,0],"1":[0,0],"2":[4,0]},"_coverageSchema":"1a1c01bbd47fc00a2c39e90264f33305004495a9","hash":"e1c6bcb37c246bdca34bab9b74e4d0dd84d61697"}
,"/Users/tammamtautou/rfp2303/Shoptopia/client/src/components/Ratings/Ratings.jsx": {"path":"/Users/tammamtautou/rfp2303/Shoptopia/client/src/components/Ratings/Ratings.jsx","statementMap":{"0":{"start":{"line":10,"column":32},"end":{"line":10,"column":42}},"1":{"start":{"line":11,"column":34},"end":{"line":11,"column":44}},"2":{"start":{"line":12,"column":40},"end":{"line":12,"column":55}},"3":{"start":{"line":13,"column":40},"end":{"line":13,"column":55}},"4":{"start":{"line":14,"column":40},"end":{"line":14,"column":60}},"5":{"start":{"line":15,"column":32},"end":{"line":15,"column":44}},"6":{"start":{"line":17,"column":2},"end":{"line":28,"column":20}},"7":{"start":{"line":18,"column":4},"end":{"line":23,"column":72}},"8":{"start":{"line":21,"column":8},"end":{"line":21,"column":40}},"9":{"start":{"line":23,"column":22},"end":{"line":23,"column":70}},"10":{"start":{"line":24,"column":4},"end":{"line":27,"column":69}},"11":{"start":{"line":26,"column":24},"end":{"line":26,"column":48}},"12":{"start":{"line":27,"column":22},"end":{"line":27,"column":67}},"13":{"start":{"line":30,"column":2},"end":{"line":75,"column":4}},"14":{"start":{"line":46,"column":33},"end":{"line":46,"column":63}},"15":{"start":{"line":60,"column":45},"end":{"line":60,"column":65}},"16":{"start":{"line":63,"column":45},"end":{"line":63,"column":65}}},"fnMap":{"0":{"name":"Ratings","decl":{"start":{"line":9,"column":9},"end":{"line":9,"column":16}},"loc":{"start":{"line":9,"column":44},"end":{"line":76,"column":1}},"line":9},"1":{"name":"(anonymous_1)","decl":{"start":{"line":17,"column":12},"end":{"line":17,"column":13}},"loc":{"start":{"line":17,"column":18},"end":{"line":28,"column":3}},"line":17},"2":{"name":"(anonymous_2)","decl":{"start":{"line":20,"column":12},"end":{"line":20,"column":13}},"loc":{"start":{"line":20,"column":24},"end":{"line":22,"column":7}},"line":20},"3":{"name":"(anonymous_3)","decl":{"start":{"line":23,"column":13},"end":{"line":23,"column":14}},"loc":{"start":{"line":23,"column":22},"end":{"line":23,"column":70}},"line":23},"4":{"name":"(anonymous_4)","decl":{"start":{"line":26,"column":12},"end":{"line":26,"column":13}},"loc":{"start":{"line":26,"column":24},"end":{"line":26,"column":48}},"line":26},"5":{"name":"(anonymous_5)","decl":{"start":{"line":27,"column":13},"end":{"line":27,"column":14}},"loc":{"start":{"line":27,"column":22},"end":{"line":27,"column":67}},"line":27},"6":{"name":"(anonymous_6)","decl":{"start":{"line":46,"column":26},"end":{"line":46,"column":27}},"loc":{"start":{"line":46,"column":33},"end":{"line":46,"column":63}},"line":46},"7":{"name":"(anonymous_7)","decl":{"start":{"line":60,"column":39},"end":{"line":60,"column":40}},"loc":{"start":{"line":60,"column":45},"end":{"line":60,"column":65}},"line":60},"8":{"name":"(anonymous_8)","decl":{"start":{"line":63,"column":39},"end":{"line":63,"column":40}},"loc":{"start":{"line":63,"column":45},"end":{"line":63,"column":65}},"line":63}},"branchMap":{"0":{"loc":{"start":{"line":34,"column":9},"end":{"line":40,"column":9}},"type":"binary-expr","locations":[{"start":{"line":34,"column":9},"end":{"line":34,"column":17}},{"start":{"line":35,"column":10},"end":{"line":39,"column":12}}],"line":34},"1":{"loc":{"start":{"line":41,"column":9},"end":{"line":41,"column":61}},"type":"binary-expr","locations":[{"start":{"line":41,"column":9},"end":{"line":41,"column":17}},{"start":{"line":41,"column":21},"end":{"line":41,"column":61}}],"line":41},"2":{"loc":{"start":{"line":45,"column":13},"end":{"line":45,"column":62}},"type":"binary-expr","locations":[{"start":{"line":45,"column":13},"end":{"line":45,"column":20}},{"start":{"line":45,"column":24},"end":{"line":45,"column":62}}],"line":45},"3":{"loc":{"start":{"line":52,"column":9},"end":{"line":59,"column":9}},"type":"binary-expr","locations":[{"start":{"line":52,"column":9},"end":{"line":52,"column":16}},{"start":{"line":53,"column":10},"end":{"line":58,"column":12}}],"line":52},"4":{"loc":{"start":{"line":66,"column":9},"end":{"line":72,"column":9}},"type":"binary-expr","locations":[{"start":{"line":66,"column":9},"end":{"line":66,"column":17}},{"start":{"line":67,"column":8},"end":{"line":71,"column":10}}],"line":66}},"s":{"0":4,"1":4,"2":4,"3":4,"4":4,"5":4,"6":4,"7":4,"8":0,"9":4,"10":4,"11":0,"12":4,"13":4,"14":0,"15":0,"16":0},"f":{"0":4,"1":4,"2":0,"3":4,"4":0,"5":4,"6":0,"7":0,"8":0},"b":{"0":[4,0],"1":[4,0],"2":[4,0],"3":[4,0],"4":[4,0]},"_coverageSchema":"1a1c01bbd47fc00a2c39e90264f33305004495a9","hash":"1b0392477c8c6d4d576e57d68cb4d74692016108"}
,"/Users/tammamtautou/rfp2303/Shoptopia/client/src/components/Ratings/sub-comps/ProductBreakdown.jsx": {"path":"/Users/tammamtautou/rfp2303/Shoptopia/client/src/components/Ratings/sub-comps/ProductBreakdown.jsx","statementMap":{"0":{"start":{"line":8,"column":30},"end":{"line":8,"column":38}},"1":{"start":{"line":9,"column":2},"end":{"line":31,"column":4}},"2":{"start":{"line":13,"column":10},"end":{"line":27,"column":11}},"3":{"start":{"line":14,"column":12},"end":{"line":26,"column":14}}},"fnMap":{"0":{"name":"ProductBreakdown","decl":{"start":{"line":7,"column":9},"end":{"line":7,"column":25}},"loc":{"start":{"line":7,"column":40},"end":{"line":32,"column":1}},"line":7},"1":{"name":"(anonymous_1)","decl":{"start":{"line":12,"column":8},"end":{"line":12,"column":9}},"loc":{"start":{"line":12,"column":24},"end":{"line":28,"column":9}},"line":12}},"branchMap":{"0":{"loc":{"start":{"line":13,"column":10},"end":{"line":27,"column":11}},"type":"if","locations":[{"start":{"line":13,"column":10},"end":{"line":27,"column":11}},{"start":{},"end":{}}],"line":13}},"s":{"0":1,"1":1,"2":6,"3":4},"f":{"0":1,"1":6},"b":{"0":[4,2]},"_coverageSchema":"1a1c01bbd47fc00a2c39e90264f33305004495a9","hash":"5ed593d9bf2f2e30e16460ecaac8ec0f1595d248"}
,"/Users/tammamtautou/rfp2303/Shoptopia/client/src/components/Ratings/sub-comps/RatingBreakdown.jsx": {"path":"/Users/tammamtautou/rfp2303/Shoptopia/client/src/components/Ratings/sub-comps/RatingBreakdown.jsx","statementMap":{"0":{"start":{"line":11,"column":23},"end":{"line":14,"column":3}},"1":{"start":{"line":12,"column":19},"end":{"line":12,"column":45}},"2":{"start":{"line":16,"column":28},"end":{"line":24,"column":3}},"3":{"start":{"line":18,"column":4},"end":{"line":22,"column":5}},"4":{"start":{"line":19,"column":6},"end":{"line":19,"column":68}},"5":{"start":{"line":19,"column":49},"end":{"line":19,"column":66}},"6":{"start":{"line":21,"column":6},"end":{"line":21,"column":43}},"7":{"start":{"line":23,"column":4},"end":{"line":23,"column":30}},"8":{"start":{"line":25,"column":2},"end":{"line":65,"column":4}},"9":{"start":{"line":31,"column":10},"end":{"line":56,"column":16}},"10":{"start":{"line":31,"column":58},"end":{"line":31,"column":82}},"11":{"start":{"line":61,"column":30},"end":{"line":61,"column":44}}},"fnMap":{"0":{"name":"RatingBreakdown","decl":{"start":{"line":10,"column":9},"end":{"line":10,"column":24}},"loc":{"start":{"line":10,"column":60},"end":{"line":66,"column":1}},"line":10},"1":{"name":"(anonymous_1)","decl":{"start":{"line":12,"column":4},"end":{"line":12,"column":5}},"loc":{"start":{"line":12,"column":19},"end":{"line":12,"column":45}},"line":12},"2":{"name":"(anonymous_2)","decl":{"start":{"line":16,"column":28},"end":{"line":16,"column":29}},"loc":{"start":{"line":16,"column":40},"end":{"line":24,"column":3}},"line":16},"3":{"name":"(anonymous_3)","decl":{"start":{"line":19,"column":37},"end":{"line":19,"column":38}},"loc":{"start":{"line":19,"column":49},"end":{"line":19,"column":66}},"line":19},"4":{"name":"(anonymous_4)","decl":{"start":{"line":30,"column":45},"end":{"line":30,"column":46}},"loc":{"start":{"line":31,"column":10},"end":{"line":56,"column":16}},"line":31},"5":{"name":"(anonymous_5)","decl":{"start":{"line":31,"column":52},"end":{"line":31,"column":53}},"loc":{"start":{"line":31,"column":58},"end":{"line":31,"column":82}},"line":31},"6":{"name":"(anonymous_6)","decl":{"start":{"line":61,"column":24},"end":{"line":61,"column":25}},"loc":{"start":{"line":61,"column":30},"end":{"line":61,"column":44}},"line":61}},"branchMap":{"0":{"loc":{"start":{"line":18,"column":4},"end":{"line":22,"column":5}},"type":"if","locations":[{"start":{"line":18,"column":4},"end":{"line":22,"column":5}},{"start":{"line":20,"column":11},"end":{"line":22,"column":5}}],"line":18},"1":{"loc":{"start":{"line":60,"column":9},"end":{"line":61,"column":75}},"type":"cond-expr","locations":[{"start":{"line":61,"column":12},"end":{"line":61,"column":68}},{"start":{"line":61,"column":71},"end":{"line":61,"column":75}}],"line":60}},"s":{"0":1,"1":5,"2":1,"3":0,"4":0,"5":0,"6":0,"7":0,"8":1,"9":5,"10":0,"11":0},"f":{"0":1,"1":5,"2":0,"3":0,"4":5,"5":0,"6":0},"b":{"0":[0,0],"1":[0,1]},"_coverageSchema":"1a1c01bbd47fc00a2c39e90264f33305004495a9","hash":"6fdbb733fc21cfb9d358f48778e1f3fb037193e8"}
,"/Users/tammamtautou/rfp2303/Shoptopia/client/src/components/Ratings/sub-comps/ReviewTile.jsx": {"path":"/Users/tammamtautou/rfp2303/Shoptopia/client/src/components/Ratings/sub-comps/ReviewTile.jsx","statementMap":{"0":{"start":{"line":14,"column":16},"end":{"line":18,"column":3}},"1":{"start":{"line":20,"column":28},"end":{"line":20,"column":40}},"2":{"start":{"line":21,"column":34},"end":{"line":23,"column":3}},"3":{"start":{"line":22,"column":10},"end":{"line":22,"column":57}},"4":{"start":{"line":24,"column":34},"end":{"line":24,"column":49}},"5":{"start":{"line":26,"column":31},"end":{"line":32,"column":3}},"6":{"start":{"line":27,"column":4},"end":{"line":31,"column":5}},"7":{"start":{"line":28,"column":6},"end":{"line":28,"column":53}},"8":{"start":{"line":29,"column":6},"end":{"line":29,"column":24}},"9":{"start":{"line":30,"column":6},"end":{"line":30,"column":52}},"10":{"start":{"line":34,"column":31},"end":{"line":40,"column":3}},"11":{"start":{"line":35,"column":4},"end":{"line":39,"column":5}},"12":{"start":{"line":36,"column":6},"end":{"line":36,"column":53}},"13":{"start":{"line":37,"column":6},"end":{"line":37,"column":24}},"14":{"start":{"line":38,"column":6},"end":{"line":38,"column":45}},"15":{"start":{"line":41,"column":2},"end":{"line":44,"column":25}},"16":{"start":{"line":42,"column":26},"end":{"line":42,"column":75}},"17":{"start":{"line":43,"column":4},"end":{"line":43,"column":31}},"18":{"start":{"line":46,"column":2},"end":{"line":109,"column":4}},"19":{"start":{"line":66,"column":26},"end":{"line":66,"column":43}},"20":{"start":{"line":69,"column":8},"end":{"line":75,"column":10}},"21":{"start":{"line":74,"column":25},"end":{"line":74,"column":44}},"22":{"start":{"line":87,"column":33},"end":{"line":87,"column":45}},"23":{"start":{"line":101,"column":26},"end":{"line":101,"column":64}},"24":{"start":{"line":106,"column":26},"end":{"line":106,"column":64}}},"fnMap":{"0":{"name":"ReviewTile","decl":{"start":{"line":13,"column":9},"end":{"line":13,"column":19}},"loc":{"start":{"line":13,"column":32},"end":{"line":110,"column":1}},"line":13},"1":{"name":"(anonymous_1)","decl":{"start":{"line":22,"column":4},"end":{"line":22,"column":5}},"loc":{"start":{"line":22,"column":10},"end":{"line":22,"column":57}},"line":22},"2":{"name":"(anonymous_2)","decl":{"start":{"line":26,"column":31},"end":{"line":26,"column":32}},"loc":{"start":{"line":26,"column":37},"end":{"line":32,"column":3}},"line":26},"3":{"name":"(anonymous_3)","decl":{"start":{"line":34,"column":31},"end":{"line":34,"column":32}},"loc":{"start":{"line":34,"column":37},"end":{"line":40,"column":3}},"line":34},"4":{"name":"(anonymous_4)","decl":{"start":{"line":41,"column":12},"end":{"line":41,"column":13}},"loc":{"start":{"line":41,"column":18},"end":{"line":44,"column":3}},"line":41},"5":{"name":"(anonymous_5)","decl":{"start":{"line":66,"column":20},"end":{"line":66,"column":21}},"loc":{"start":{"line":66,"column":26},"end":{"line":66,"column":43}},"line":66},"6":{"name":"(anonymous_6)","decl":{"start":{"line":68,"column":25},"end":{"line":68,"column":26}},"loc":{"start":{"line":69,"column":8},"end":{"line":75,"column":10}},"line":69},"7":{"name":"(anonymous_7)","decl":{"start":{"line":74,"column":19},"end":{"line":74,"column":20}},"loc":{"start":{"line":74,"column":25},"end":{"line":74,"column":44}},"line":74},"8":{"name":"(anonymous_8)","decl":{"start":{"line":87,"column":27},"end":{"line":87,"column":28}},"loc":{"start":{"line":87,"column":33},"end":{"line":87,"column":45}},"line":87},"9":{"name":"(anonymous_9)","decl":{"start":{"line":101,"column":20},"end":{"line":101,"column":21}},"loc":{"start":{"line":101,"column":26},"end":{"line":101,"column":64}},"line":101},"10":{"name":"(anonymous_10)","decl":{"start":{"line":106,"column":20},"end":{"line":106,"column":21}},"loc":{"start":{"line":106,"column":26},"end":{"line":106,"column":64}},"line":106}},"branchMap":{"0":{"loc":{"start":{"line":27,"column":4},"end":{"line":31,"column":5}},"type":"if","locations":[{"start":{"line":27,"column":4},"end":{"line":31,"column":5}},{"start":{},"end":{}}],"line":27},"1":{"loc":{"start":{"line":35,"column":4},"end":{"line":39,"column":5}},"type":"if","locations":[{"start":{"line":35,"column":4},"end":{"line":39,"column":5}},{"start":{},"end":{}}],"line":35},"2":{"loc":{"start":{"line":62,"column":9},"end":{"line":62,"column":77}},"type":"cond-expr","locations":[{"start":{"line":62,"column":38},"end":{"line":62,"column":60}},{"start":{"line":62,"column":63},"end":{"line":62,"column":77}}],"line":62},"3":{"loc":{"start":{"line":64,"column":10},"end":{"line":64,"column":60}},"type":"cond-expr","locations":[{"start":{"line":64,"column":21},"end":{"line":64,"column":32}},{"start":{"line":64,"column":35},"end":{"line":64,"column":60}}],"line":64},"4":{"loc":{"start":{"line":65,"column":7},"end":{"line":67,"column":7}},"type":"binary-expr","locations":[{"start":{"line":65,"column":7},"end":{"line":65,"column":31}},{"start":{"line":66,"column":8},"end":{"line":66,"column":58}}],"line":65},"5":{"loc":{"start":{"line":77,"column":7},"end":{"line":89,"column":7}
[...]
,"/Users/tammamtautou/rfp2303/Shoptopia/client/src/components/Ratings/sub-comps/sub-write-review/UploadImages.jsx": {"path":"/Users/tammamtautou/rfp2303/Shoptopia/client/src/components/Ratings/sub-comps/sub-write-review/UploadImages.jsx","statementMap":{"0":{"start":{"line":6,"column":38},"end":{"line":6,"column":50}},"1":{"start":{"line":8,"column":2},"end":{"line":12,"column":22}},"2":{"start":{"line":9,"column":4},"end":{"line":9,"column":41}},"3":{"start":{"line":9,"column":34},"end":{"line":9,"column":41}},"4":{"start":{"line":10,"column":26},"end":{"line":10,"column":82}},"5":{"start":{"line":10,"column":55},"end":{"line":10,"column":81}},"6":{"start":{"line":11,"column":4},"end":{"line":11,"column":33}},"7":{"start":{"line":14,"column":24},"end":{"line":20,"column":3}},"8":{"start":{"line":15,"column":26},"end":{"line":15,"column":40}},"9":{"start":{"line":16,"column":4},"end":{"line":19,"column":8}},"10":{"start":{"line":16,"column":31},"end":{"line":19,"column":5}},"11":{"start":{"line":22,"column":23},"end":{"line":25,"column":3}},"12":{"start":{"line":23,"column":18},"end":{"line":23,"column":57}},"13":{"start":{"line":24,"column":4},"end":{"line":24,"column":18}},"14":{"start":{"line":27,"column":2},"end":{"line":45,"column":4}},"15":{"start":{"line":39,"column":8},"end":{"line":39,"column":94}}},"fnMap":{"0":{"name":"UploadImages","decl":{"start":{"line":5,"column":9},"end":{"line":5,"column":21}},"loc":{"start":{"line":5,"column":45},"end":{"line":46,"column":1}},"line":5},"1":{"name":"(anonymous_1)","decl":{"start":{"line":8,"column":12},"end":{"line":8,"column":13}},"loc":{"start":{"line":8,"column":18},"end":{"line":12,"column":3}},"line":8},"2":{"name":"(anonymous_2)","decl":{"start":{"line":10,"column":44},"end":{"line":10,"column":45}},"loc":{"start":{"line":10,"column":55},"end":{"line":10,"column":81}},"line":10},"3":{"name":"(anonymous_3)","decl":{"start":{"line":14,"column":24},"end":{"line":14,"column":25}},"loc":{"start":{"line":14,"column":31},"end":{"line":20,"column":3}},"line":14},"4":{"name":"(anonymous_4)","decl":{"start":{"line":16,"column":14},"end":{"line":16,"column":15}},"loc":{"start":{"line":16,"column":31},"end":{"line":19,"column":5}},"line":16},"5":{"name":"(anonymous_5)","decl":{"start":{"line":22,"column":23},"end":{"line":22,"column":24}},"loc":{"start":{"line":22,"column":29},"end":{"line":25,"column":3}},"line":22},"6":{"name":"(anonymous_6)","decl":{"start":{"line":38,"column":22},"end":{"line":38,"column":23}},"loc":{"start":{"line":39,"column":8},"end":{"line":39,"column":94}},"line":39}},"branchMap":{"0":{"loc":{"start":{"line":9,"column":4},"end":{"line":9,"column":41}},"type":"if","locations":[{"start":{"line":9,"column":4},"end":{"line":9,"column":41}},{"start":{},"end":{}}],"line":9},"1":{"loc":{"start":{"line":41,"column":7},"end":{"line":43,"column":7}},"type":"binary-expr","locations":[{"start":{"line":41,"column":7},"end":{"line":41,"column":31}},{"start":{"line":42,"column":8},"end":{"line":42,"column":99}}],"line":41},"2":{"loc":{"start":{"line":42,"column":40},"end":{"line":42,"column":89}},"type":"cond-expr","locations":[{"start":{"line":42,"column":63},"end":{"line":42,"column":73}},{"start":{"line":42,"column":76},"end":{"line":42,"column":89}}],"line":42}},"s":{"0":0,"1":0,"2":0,"3":0,"4":0,"5":0,"6":0,"7":0,"8":0,"9":0,"10":0,"11":0,"12":0,"13":0,"14":0,"15":0},"f":{"0":0,"1":0,"2":0,"3":0,"4":0,"5":0,"6":0},"b":{"0":[0,0],"1":[0,0],"2":[0,0]},"_coverageSchema":"1a1c01bbd47fc00a2c39e90264f33305004495a9","hash":"bf17a04ae4dacbdbdd26dff006b847ac889670fb"}
,"/Users/tammamtautou/rfp2303/Shoptopia/client/src/components/Related/Related.jsx": {"path":"/Users/tammamtautou/rfp2303/Shoptopia/client/src/components/Related/Related.jsx","statementMap":{"0":{"start":{"line":7,"column":2},"end":{"line":12,"column":4}},"1":{"start":{"line":15,"column":0},"end":{"line":31,"column":2}},"2":{"start":{"line":33,"column":0},"end":{"line":36,"column":2}}},"fnMap":{"0":{"name":"RelatedItemsSection","decl":{"start":{"line":6,"column":24},"end":{"line":6,"column":43}},"loc":{"start":{"line":6,"column":76},"end":{"line":13,"column":1}},"line":6},"1":{"name":"(anonymous_1)","decl":{"start":{"line":35,"column":14},"end":{"line":35,"column":15}},"loc":{"start":{"line":35,"column":20},"end":{"line":35,"column":22}},"line":35}},"branchMap":{},"s":{"0":5,"1":2,"2":2},"f":{"0":5,"1":0},"b":{},"_coverageSchema":"1a1c01bbd47fc00a2c39e90264f33305004495a9","hash":"66ef1e02b3827167fd6db6d72c924481db001ca3"}
,"/Users/tammamtautou/rfp2303/Shoptopia/client/src/components/Related/subcomponents/ComparisonModal.jsx": {"path":"/Users/tammamtautou/rfp2303/Shoptopia/client/src/components/Related/subcomponents/ComparisonModal.jsx","statementMap":{"0":{"start":{"line":7,"column":22},"end":{"line":7,"column":46}},"1":{"start":{"line":8,"column":2},"end":{"line":31,"column":4}},"2":{"start":{"line":34,"column":0},"end":{"line":69,"column":2}}},"fnMap":{"0":{"name":"ComparisonModal","decl":{"start":{"line":6,"column":24},"end":{"line":6,"column":39}},"loc":{"start":{"line":6,"column":50},"end":{"line":32,"column":1}},"line":6}},"branchMap":{},"s":{"0":0,"1":0,"2":1},"f":{"0":0},"b":{},"_coverageSchema":"1a1c01bbd47fc00a2c39e90264f33305004495a9","hash":"fe9fcd7b33f408524d3971be691ad0fca0fbd921"}
,"/Users/tammamtautou/rfp2303/Shoptopia/client/src/components/Related/subcomponents/ItemCard.jsx": {"path":"/Users/tammamtautou/rfp2303/Shoptopia/client/src/components/Related/subcomponents/ItemCard.jsx","statementMap":{"0":{"start":{"line":13,"column":6},"end":{"line":13,"column":30}},"1":{"start":{"line":14,"column":23},"end":{"line":14,"column":96}},"2":{"start":{"line":14,"column":65},"end":{"line":14,"column":95}},"3":{"start":{"line":15,"column":22},"end":{"line":15,"column":96}},"4":{"start":{"line":16,"column":20},"end":{"line":17,"column":52}},"5":{"start":{"line":18,"column":2},"end":{"line":84,"column":4}},"6":{"start":{"line":25,"column":10},"end":{"line":25,"column":35}},"7":{"start":{"line":26,"column":10},"end":{"line":26,"column":33}},"8":{"start":{"line":27,"column":10},"end":{"line":27,"column":70}},"9":{"start":{"line":28,"column":10},"end":{"line":28,"column":36}},"10":{"start":{"line":31,"column":10},"end":{"line":36,"column":11}},"11":{"start":{"line":32,"column":12},"end":{"line":32,"column":37}},"12":{"start":{"line":33,"column":12},"end":{"line":33,"column":35}},"13":{"start":{"line":34,"column":12},"end":{"line":34,"column":72}},"14":{"start":{"line":35,"column":12},"end":{"line":35,"column":38}},"15":{"start":{"line":66,"column":10},"end":{"line":75,"column":11}},"16":{"start":{"line":67,"column":38},"end":{"line":69,"column":13}},"17":{"start":{"line":68,"column":30},"end":{"line":68,"column":71}},"18":{"start":{"line":70,"column":12},"end":{"line":70,"column":46}},"19":{"start":{"line":71,"column":12},"end":{"line":71,"column":83}},"20":{"start":{"line":73,"column":25},"end":{"line":73,"column":76}},"21":{"start":{"line":74,"column":12},"end":{"line":74,"column":39}},"22":{"start":{"line":87,"column":0},"end":{"line":128,"column":2}},"23":{"start":{"line":126,"column":4},"end":{"line":126,"column":40}},"24":{"start":{"line":130,"column":0},"end":{"line":134,"column":2}}},"fnMap":{"0":{"name":"ItemCard","decl":{"start":{"line":8,"column":24},"end":{"line":8,"column":32}},"loc":{"start":{"line":10,"column":3},"end":{"line":85,"column":1}},"line":10},"1":{"name":"(anonymous_1)","decl":{"start":{"line":14,"column":50},"end":{"line":14,"column":51}},"loc":{"start":{"line":14,"column":65},"end":{"line":14,"column":95}},"line":14},"2":{"name":"(anonymous_2)","decl":{"start":{"line":24,"column":17},"end":{"line":24,"column":18}},"loc":{"start":{"line":24,"column":24},"end":{"line":29,"column":9}},"line":24},"3":{"name":"(anonymous_3)","decl":{"start":{"line":30,"column":19},"end":{"line":30,"column":20}},"loc":{"start":{"line":30,"column":26},"end":{"line":37,"column":9}},"line":30},"4":{"name":"(anonymous_4)","decl":{"start":{"line":65,"column":17},"end":{"line":65,"column":18}},"loc":{"start":{"line":65,"column":24},"end":{"line":76,"column":9}},"line":65},"5":{"name":"(anonymous_5)","decl":{"start":{"line":68,"column":14},"end":{"line":68,"column":15}},"loc":{"start":{"line":68,"column":30},"end":{"line":68,"column":71}},"line":68},"6":{"name":"(anonymous_6)","decl":{"start":{"line":125,"column":2},"end":{"line":125,"column":3}},"loc":{"start":{"line":125,"column":20},"end":{"line":127,"column":3}},"line":125},"7":{"name":"(anonymous_7)","decl":{"start":{"line":133,"column":18},"end":{"line":133,"column":19}},"loc":{"start":{"line":133,"column":24},"end":{"line":133,"column":27}},"line":133}},"branchMap":{"0":{"loc":{"start":{"line":16,"column":20},"end":{"line":17,"column":52}},"type":"cond-expr","locations":[{"start":{"line":16,"column":46},"end":{"line":16,"column":85}},{"start":{"line":17,"column":6},"end":{"line":17,"column":52}}],"line":16},"1":{"loc":{"start":{"line":31,"column":10},"end":{"line":36,"column":11}},"type":"if","locations":[{"start":{"line":31,"column":10},"end":{"line":36,"column":11}},{"start":{},"end":{}}],"line":31},"2":{"loc":{"start":{"line":41,"column":15},"end":{"line":41,"column":39}},"type":"binary-expr","locations":[{"start":{"line":41,"column":15},"end":{"line":41,"column":24}},{"start":{"line":41,"column":28},"end":{"line":41,"column":39}}],"line":41},"3":{"loc":{"start":{"line":60,"column":28},"end":{"line":60,"column":74}},"type":"cond-expr","locations":[{"start":{"line":60,"column":43},"end":{"line":60,"column":70}},{"start":{"line":60,"column":73},"end":{"line":60,"column":74}}],"line":60},"4":{"loc":{"start":{"line":66,"column":10},"end":{"line":75,"column":11}},"type":"if","locations":[{"start":{"line":66,"column":10},"end":{"line":75,"column":11}},{"start":{"line":72,"column":17},"end":{"line":75,"column":11}}],"line":66},"5":{"loc":{"start":{"line":78,"column":9},"end":{"line":78,"column":42}},"type":"cond-expr","locations":[{"start":{"line":78,"column":22},"end":{"line":78,"column":30}},{"start":{"line":78,"column":33},"end":{"line":78,"column":42}}],"line":78}},"s":{"0":0,"1":0,"2":0,"3":0,"4":0,"5":0,"6":0,"7":0,"8":0,"9":0,"10":0,"11":0,"12":0,"13":0,"14":0,"15":0,"16":0,"17":0,"18":0,"19":0,"20":0,"21":0,"22":1,"23":0,"24":1},"f":{"0":0,"1":0,"2":0,"3":0,"4":0,"5":0,"6":0,"7":0},"b":{"0":[0,0],"1":[0,0],"2":[0,0],"3":[0,0],"4":[0,0],"5":[0,0]},"_coverageSchema":"1a1c01bbd47fc00a2c39e90264f33305004495a9","hash":"32700ee638432332c0a83c72a616181ee9fe5e86"}
,"/Users/tammamtautou/rfp2303/Shoptopia/client/src/components/Related/subcomponents/OutfitItemsList.jsx": {"path":"/Users/tammamtautou/rfp2303/Shoptopia/client/src/components/Related/subcomponents/OutfitItemsList.jsx","statementMap":{"0":{"start":{"line":8,"column":21},"end":{"line":8,"column":45}},"1":{"start":{"line":9,"column":40},"end":{"line":11,"column":3}},"2":{"start":{"line":12,"column":40},"end":{"line":12,"column":51}},"3":{"start":{"line":14,"column":2},"end":{"line":48,"column":4}},"4":{"start":{"line":22,"column":29},"end":{"line":22,"column":71}},"5":{"start":{"line":22,"column":55},"end":{"line":22,"column":70}},"6":{"start":{"line":23,"column":10},"end":{"line":26,"column":11}},"7":{"start":{"line":24,"column":12},"end":{"line":24,"column":82}},"8":{"start":{"line":25,"column":12},"end":{"line":25,"column":119}},"9":{"start":{"line":33,"column":10},"end":{"line":42,"column":16}},"10":{"start":{"line":45,"column":71},"end":{"line":45,"column":102}},"11":{"start":{"line":46,"column":44},"end":{"line":46,"column":75}},"12":{"start":{"line":51,"column":0},"end":{"line":67,"column":2}}},"fnMap":{"0":{"name":"OutfitItemsList","decl":{"start":{"line":7,"column":24},"end":{"line":7,"column":39}},"loc":{"start":{"line":7,"column":72},"end":{"line":49,"column":1}},"line":7},"1":{"name":"(anonymous_1)","decl":{"start":{"line":21,"column":17},"end":{"line":21,"column":18}},"loc":{"start":{"line":21,"column":24},"end":{"line":27,"column":9}},"line":21},"2":{"name":"(anonymous_2)","decl":{"start":{"line":22,"column":45},"end":{"line":22,"column":46}},"loc":{"start":{"line":22,"column":55},"end":{"line":22,"column":70}},"line":22},"3":{"name":"(anonymous_3)","decl":{"start":{"line":32,"column":25},"end":{"line":32,"column":26}},"loc":{"start":{"line":33,"column":10},"end":{"line":42,"column":16}},"line":33},"4":{"name":"(anonymous_4)","decl":{"start":{"line":45,"column":64},"end":{"line":45,"column":65}},"loc":{"start":{"line":45,"column":71},"end":{"line":45,"column":102}},"line":45},"5":{"name":"(anonymous_5)","decl":{"start":{"line":46,"column":37},"end":{"line":46,"column":38}},"loc":{"start":{"line":46,"column":44},"end":{"line":46,"column":75}},"line":46}},"branchMap":{"0":{"loc":{"start":{"line":10,"column":4},"end":{"line":10,"column":57}},"type":"binary-expr","locations":[{"start":{"line":10,"column":4},"end":{"line":10,"column":51}},{"start":{"line":10,"column":55},"end":{"line":10,"column":57}}],"line":10},"1":{"loc":{"start":{"line":23,"column":10},"end":{"line":26,"column":11}},"type":"if","locations":[{"start":{"line":23,"column":10},"end":{"line":26,"column":11}},{"start":{},"end":{}}],"line":23}},"s":{"0":4,"1":4,"2":4,"3":4,"4":0,"5":0,"6":0,"7":0,"8":0,"9":0,"10":0,"11":0,"12":1},"f":{"0":4,"1":0,"2":0,"3":0,"4":0,"5":0},"b":{"0":[4,4],"1":[0,0]},"_coverageSchema":"1a1c01bbd47fc00a2c39e90264f33305004495a9","hash":"2e2cadd1bf13e7615bf16c67a9f35f3a8a853a4a"}
,"/Users/tammamtautou/rfp2303/Shoptopia/client/src/components/Related/subcomponents/RelatedItemsList.jsx": {"path":"/Users/tammamtautou/rfp2303/Shoptopia/client/src/components/Related/subcomponents/RelatedItemsList.jsx","statementMap":{"0":{"start":{"line":9,"column":40},"end":{"line":9,"column":51}},"1":{"start":{"line":10,"column":42},"end":{"line":10,"column":90}},"2":{"start":{"line":12,"column":2},"end":{"line":24,"column":23}},"3":{"start":{"line":13,"column":17},"end":{"line":13,"column":22}},"4":{"start":{"line":14,"column":4},"end":{"line":20,"column":9}},"5":{"start":{"line":16,"column":8},"end":{"line":16,"column":55}},"6":{"start":{"line":17,"column":8},"end":{"line":19,"column":9}},"7":{"start":{"line":18,"column":10},"end":{"line":18,"column":39}},"8":{"start":{"line":21,"column":4},"end":{"line":23,"column":6}},"9":{"start":{"line":22,"column":6},"end":{"line":22,"column":20}},"10":{"start":{"line":26,"column":2},"end":{"line":48,"column":4}},"11":{"start":{"line":31,"column":10},"end":{"line":42,"column":16}},"12":{"start":{"line":45,"column":71},"end":{"line":45,"column":102}},"13":{"start":{"line":46,"column":44},"end":{"line":46,"column":75}},"14":{"start":{"line":51,"column":0},"end":{"line":67,"column":2}}},"fnMap":{"0":{"name":"RelatedItemsList","decl":{"start":{"line":8,"column":24},"end":{"line":8,"column":40}},"loc":{"start":{"line":8,"column":73},"end":{"line":49,"column":1}},"line":8},"1":{"name":"(anonymous_1)","decl":{"start":{"line":12,"column":12},"end":{"line":12,"column":13}},"loc":{"start":{"line":12,"column":18},"end":{"line":24,"column":3}},"line":12},"2":{"name":"(anonymous_2)","decl":{"start":{"line":15,"column":12},"end":{"line":15,"column":13}},"loc":{"start":{"line":15,"column":24},"end":{"line":20,"column":7}},"line":15},"3":{"name":"(anonymous_3)","decl":{"start":{"line":21,"column":11},"end":{"line":21,"column":12}},"loc":{"start":{"line":21,"column":17},"end":{"line":23,"column":5}},"line":21},"4":{"name":"(anonymous_4)","decl":{"start":{"line":30,"column":35},"end":{"line":30,"column":36}},"loc":{"start":{"line":31,"column":10},"end":{"line":42,"column":16}},"line":31},"5":{"name":"(anonymous_5)","decl":{"start":{"line":45,"column":64},"end":{"line":45,"column":65}},"loc":{"start":{"line":45,"column":71},"end":{"line":45,"column":102}},"line":45},"6":{"name":"(anonymous_6)","decl":{"start":{"line":46,"column":37},"end":{"line":46,"column":38}},"loc":{"start":{"line":46,"column":44},"end":{"line":46,"column":75}},"line":46}},"branchMap":{"0":{"loc":{"start":{"line":17,"column":8},"end":{"line":19,"column":9}},"type":"if","locations":[{"start":{"line":17,"column":8},"end":{"line":19,"column":9}},{"start":{},"end":{}}],"line":17}},"s":{"0":5,"1":5,"2":5,"3":5,"4":5,"5":0,"6":0,"7":0,"8":5,"9":5,"10":5,"11":0,"12":0,"13":0,"14":2},"f":{"0":5,"1":5,"2":0,"3":5,"4":0,"5":0,"6":0},"b":{"0":[0,0]},"_coverageSchema":"1a1c01bbd47fc00a2c39e90264f33305004495a9","hash":"23ddbc9d105fa58ea4c83df439071ffce5b333f6"}
,"/Users/tammamtautou/rfp2303/Shoptopia/client/src/components/Related/subcomponents/exampleData.js": {"path":"/Users/tammamtautou/rfp2303/Shoptopia/client/src/components/Related/subcomponents/exampleData.js","statementMap":{"0":{"start":{"line":1,"column":27},"end":{"line":382,"column":1}},"1":{"start":{"line":384,"column":28},"end":{"line":2069,"column":1}}},"fnMap":{},"branchMap":{},"s":{"0":1,"1":1},"f":{},"b":{},"_coverageSchema":"1a1c01bbd47fc00a2c39e90264f33305004495a9","hash":"6770ca1ccb226602dbaca784486f942a302edcd9"}
,"/Users/tammamtautou/rfp2303/Shoptopia/spec/Overview-spec/mockData.js": {"path":"/Users/tammamtautou/rfp2303/Shoptopia/spec/Overview-spec/mockData.js","statementMap":{"0":{"start":{"line":4,"column":0},"end":{"line":60,"column":2}},"1":{"start":{"line":62,"column":0},"end":{"line":76,"column":2}},"2":{"start":{"line":78,"column":0},"end":{"line":328,"column":2}},"3":{"start":{"line":330,"column":13},"end":{"line":340,"column":1}},"4":{"start":{"line":342,"column":0},"end":{"line":382,"column":2}}},"fnMap":{},"branchMap":{},"s":{"0":1,"1":1,"2":1,"3":1,"4":1},"f":{},"b":{},"_coverageSchema":"1a1c01bbd47fc00a2c39e90264f33305004495a9","hash":"1ce2763bc961c79b20e445a53d12b72407433c12"}
,"/Users/tammamtautou/rfp2303/Shoptopia/spec/ratings.spec/proxyReviews.js": {"path":"/Users/tammamtautou/rfp2303/Shoptopia/spec/ratings.spec/proxyReviews.js","statementMap":{"0":{"start":{"line":1,"column":0},"end":{"line":78,"column":2}}},"fnMap":{},"branchMap":{},"s":{"0":1},"f":{},"b":{},"_coverageSchema":"1a1c01bbd47fc00a2c39e90264f33305004495a9","hash":"fc50123feb0b230dea986ee32ce999f281d14167"}
,"/Users/tammamtautou/rfp2303/Shoptopia/spec/relatedItemsSpec/exampleData.js": {"path":"/Users/tammamtautou/rfp2303/Shoptopia/spec/relatedItemsSpec/exampleData.js","statementMap":{"0":{"start":{"line":1,"column":27},"end":{"line":382,"column":1}},"1":{"start":{"line":384,"column":28},"end":{"line":2069,"column":1}}},"fnMap":{},"branchMap":{},"s":{"0":1,"1":1},"f":{},"b":{},"_coverageSchema":"1a1c01bbd47fc00a2c39e90264f33305004495a9","hash":"b3a77e03330ce26fdd335674903b25dead5ba207"}
}
