TN:
SF:client/src/calculateAvgRating.js
FN:1,findAvgRating
FN:6,(anonymous_1)
FNF:2
FNH:0
FNDA:0,findAvgRating
FNDA:0,(anonymous_1)
DA:2,0
DA:3,0
DA:4,0
DA:6,0
DA:7,0
DA:8,0
DA:11,0
DA:13,0
LF:8
LH:0
BRF:0
BRH:0
end_of_record
TN:
SF:client/src/components/App.jsx
FN:14,App
FN:20,(anonymous_1)
FN:23,(anonymous_2)
FN:28,(anonymous_3)
FN:36,(anonymous_4)
FN:41,(anonymous_5)
FN:44,(anonymous_6)
FNF:7
FNH:2
FNDA:1,App
FNDA:1,(anonymous_1)
FNDA:0,(anonymous_2)
FNDA:0,(anonymous_3)
FNDA:0,(anonymous_4)
FNDA:0,(anonymous_5)
FNDA:0,(anonymous_6)
DA:11,2
DA:15,1
DA:16,1
DA:17,1
DA:18,1
DA:20,1
DA:21,1
DA:24,0
DA:25,0
DA:26,0
DA:28,0
DA:29,0
DA:30,0
DA:31,0
DA:32,0
DA:37,0
DA:39,1
DA:42,0
DA:45,0
DA:49,1
LF:20
LH:9
BRDA:29,0,0,0
BRDA:29,0,1,0
BRF:2
BRH:0
end_of_record
TN:
SF:client/src/components/fetcher.jsx
FN:5,(anonymous_0)
FN:24,(anonymous_1)
FN:35,(anonymous_2)
FN:64,(anonymous_3)
FN:72,(anonymous_4)
FNF:5
FNH:2
FNDA:1,(anonymous_0)
FNDA:1,(anonymous_1)
FNDA:0,(anonymous_2)
FNDA:0,(anonymous_3)
FNDA:0,(anonymous_4)
DA:11,1
DA:21,1
DA:25,1
DA:32,1
DA:46,0
DA:61,0
DA:65,0
DA:69,0
DA:73,0
DA:77,0
LF:10
LH:4
BRDA:6,0,0,0
BRDA:7,1,0,0
BRDA:8,2,0,0
BRDA:9,3,0,0
BRDA:24,4,0,0
BRF:5
BRH:0
end_of_record
TN:
SF:client/src/components/requests.js
FN:6,(anonymous_0)
FN:9,(anonymous_1)
FN:13,(anonymous_2)
FN:17,(anonymous_3)
FN:22,(anonymous_4)
FN:26,(anonymous_5)
FN:32,(anonymous_6)
FN:36,(anonymous_7)
FN:40,(anonymous_8)
FNF:9
FNH:4
FNDA:1,(anonymous_0)
FNDA:1,(anonymous_1)
FNDA:2,(anonymous_2)
FNDA:1,(anonymous_3)
FNDA:0,(anonymous_4)
FNDA:0,(anonymous_5)
FNDA:0,(anonymous_6)
FNDA:0,(anonymous_7)
FNDA:0,(anonymous_8)
DA:4,3
DA:6,1
DA:9,1
DA:13,2
DA:17,1
DA:22,0
DA:26,0
DA:32,0
DA:36,0
DA:40,0
LF:10
LH:5
BRDA:6,0,0,1
BRDA:9,1,0,1
BRDA:17,2,0,1
BRF:3
BRH:3
end_of_record
TN:
SF:client/src/components/stars.jsx
FN:5,Stars
FN:27,(anonymous_1)
FN:34,(anonymous_2)
FNF:3
FNH:2
FNDA:1,Stars
FNDA:5,(anonymous_1)
FNDA:0,(anonymous_2)
DA:6,1
DA:7,1
DA:8,1
DA:9,0
DA:10,1
DA:11,0
DA:12,1
DA:13,0
DA:15,1
DA:17,1
DA:18,1
DA:19,0
DA:20,0
DA:23,1
DA:28,5
DA:35,0
LF:16
LH:10
BRDA:8,0,0,0
BRDA:8,0,1,1
BRDA:10,1,0,0
BRDA:10,1,1,1
BRDA:10,2,0,1
BRDA:10,2,1,0
BRDA:12,3,0,0
BRDA:12,3,1,1
BRDA:12,4,0,1
BRDA:12,4,1,0
BRF:10
BRH:5
end_of_record
TN:
SF:client/src/components/Overview/index.jsx
FN:11,Overview
FN:18,(anonymous_1)
FNF:2
FNH:2
FNDA:1,Overview
FNDA:1,(anonymous_1)
DA:12,1
DA:13,1
DA:15,1
DA:16,1
DA:18,1
DA:19,1
DA:20,1
DA:21,0
DA:22,0
DA:24,1
DA:25,0
DA:26,0
DA:27,0
DA:28,0
DA:37,0
DA:41,1
LF:16
LH:9
BRDA:20,0,0,0
BRDA:20,0,1,1
BRDA:24,1,0,0
BRDA:24,1,1,1
BRDA:27,2,0,0
BRDA:27,2,1,0
BRF:6
BRH:2
end_of_record
TN:
SF:client/src/components/Overview/Gallery/image.jsx
FN:3,Image
FNF:1
FNH:1
FNDA:1,Image
DA:4,1
LF:1
LH:1
BRF:0
BRH:0
end_of_record
TN:
SF:client/src/components/Overview/Gallery/index.jsx
FN:5,Gallery
FN:8,(anonymous_1)
FN:17,(anonymous_2)
FN:35,(anonymous_3)
FNF:4
FNH:1
FNDA:1,Gallery
FNDA:0,(anonymous_1)
FNDA:0,(anonymous_2)
FNDA:0,(anonymous_3)
DA:6,1
DA:8,1
DA:9,0
DA:10,0
DA:12,0
DA:14,0
DA:17,1
DA:18,0
DA:19,0
DA:20,0
DA:22,0
DA:24,0
DA:27,1
DA:35,0
LF:14
LH:4
BRDA:9,0,0,0
BRDA:9,0,1,0
BRDA:19,1,0,0
BRDA:19,1,1,0
BRF:4
BRH:0
end_of_record
TN:
SF:client/src/components/Overview/Gallery/thumbnail.jsx
FN:3,Thumbnail
FN:5,(anonymous_1)
FNF:2
FNH:0
FNDA:0,Thumbnail
FNDA:0,(anonymous_1)
DA:5,0
DA:6,0
DA:7,0
DA:10,0
LF:4
LH:0
BRF:0
BRH:0
end_of_record
TN:
SF:client/src/components/Overview/addToCart/index.jsx
FN:4,AddToCart
FN:8,(anonymous_1)
FNF:2
FNH:1
FNDA:1,AddToCart
FNDA:0,(anonymous_1)
DA:5,1
DA:8,1
DA:9,0
DA:12,1
LF:4
LH:3
BRDA:14,0,0,0
BRDA:14,0,1,1
BRF:2
BRH:1
end_of_record
TN:
SF:client/src/components/Overview/addToCart/selectQuantity.jsx
FN:3,SelectQuantity
FN:10,(anonymous_1)
FNF:2
FNH:0
FNDA:0,SelectQuantity
FNDA:0,(anonymous_1)
DA:6,0
DA:10,0
LF:2
LH:0
BRDA:7,0,0,0
BRDA:7,0,1,0
BRF:2
BRH:0
end_of_record
TN:
SF:client/src/components/Overview/addToCart/selectSize.jsx
FN:5,SelectSize
FN:11,(anonymous_1)
FN:21,(anonymous_2)
FN:36,(anonymous_3)
FNF:4
FNH:0
FNDA:0,SelectSize
FNDA:0,(anonymous_1)
FNDA:0,(anonymous_2)
FNDA:0,(anonymous_3)
DA:7,0
DA:8,0
DA:9,0
DA:10,0
DA:11,0
DA:12,0
DA:13,0
DA:14,0
DA:15,0
DA:16,0
DA:18,0
DA:21,0
DA:22,0
DA:23,0
DA:24,0
DA:25,0
DA:26,0
DA:27,0
DA:30,0
DA:37,0
LF:20
LH:0
BRDA:32,0,0,0
BRDA:32,0,1,0
BRF:2
BRH:0
end_of_record
TN:
SF:client/src/components/Overview/productInfo/description.jsx
FN:3,Description
FN:9,(anonymous_1)
FNF:2
FNH:1
FNDA:1,Description
FNDA:0,(anonymous_1)
DA:4,1
DA:9,0
LF:2
LH:1
BRF:0
BRH:0
end_of_record
TN:
SF:client/src/components/Overview/productInfo/index.jsx
FN:7,ProductInfo
FNF:1
FNH:1
FNDA:1,ProductInfo
DA:8,1
DA:10,1
LF:2
LH:2
BRF:0
BRH:0
end_of_record
TN:
SF:client/src/components/Overview/productInfo/price.jsx
FN:5,Price
FNF:1
FNH:1
FNDA:1,Price
DA:6,1
DA:8,1
LF:2
LH:2
BRDA:9,0,0,0
BRDA:9,0,1,1
BRF:2
BRH:1
end_of_record
TN:
SF:client/src/components/Overview/productInfo/share.jsx
FN:3,Share
FNF:1
FNH:1
FNDA:1,Share
DA:4,1
LF:1
LH:1
BRF:0
BRH:0
end_of_record
TN:
SF:client/src/components/Overview/styleSelect/index.jsx
FN:4,StyleSelect
FN:8,(anonymous_1)
FNF:2
FNH:1
FNDA:1,StyleSelect
FNDA:0,(anonymous_1)
DA:5,1
DA:9,0
LF:2
LH:1
BRDA:7,0,0,0
BRDA:7,0,1,1
BRF:2
BRH:1
end_of_record
TN:
SF:client/src/components/Overview/styleSelect/styleOption.jsx
FN:4,StyleOption
FN:6,(anonymous_1)
FNF:2
FNH:0
FNDA:0,StyleOption
FNDA:0,(anonymous_1)
DA:5,0
DA:6,0
DA:7,0
DA:10,0
LF:4
LH:0
BRF:0
BRH:0
end_of_record
TN:
SF:client/src/components/Questions/Questions.jsx
FN:11,Questions
FN:22,(anonymous_1)
FN:23,(anonymous_2)
FN:39,(anonymous_3)
FN:41,(anonymous_4)
FN:45,toggleExpanded
FN:50,showAnswers
FN:51,(anonymous_7)
FN:62,changeMode
FN:66,textSearch
FN:68,(anonymous_10)
FN:76,(anonymous_11)
FN:80,markQHelpful
FN:81,(anonymous_13)
FN:82,(anonymous_14)
FN:95,markAHelpful
FN:96,(anonymous_16)
FN:97,(anonymous_17)
FN:110,reportAnswer
FN:111,(anonymous_19)
FN:112,(anonymous_20)
FNF:21
FNH:3
FNDA:2,Questions
FNDA:2,(anonymous_1)
FNDA:0,(anonymous_2)
FNDA:2,(anonymous_3)
FNDA:0,(anonymous_4)
FNDA:0,toggleExpanded
FNDA:0,showAnswers
FNDA:0,(anonymous_7)
FNDA:0,changeMode
FNDA:0,textSearch
FNDA:0,(anonymous_10)
FNDA:0,(anonymous_11)
FNDA:0,markQHelpful
FNDA:0,(anonymous_13)
FNDA:0,(anonymous_14)
FNDA:0,markAHelpful
FNDA:0,(anonymous_16)
FNDA:0,(anonymous_17)
FNDA:0,reportAnswer
FNDA:0,(anonymous_19)
FNDA:0,(anonymous_20)
DA:12,2
DA:13,2
DA:22,2
DA:23,2
DA:24,0
DA:28,0
DA:39,2
DA:40,2
DA:41,0
DA:46,0
DA:47,0
DA:51,0
DA:52,0
DA:53,0
DA:54,0
DA:55,0
DA:57,0
DA:59,0
DA:63,0
DA:67,0
DA:68,0
DA:69,0
DA:70,0
DA:72,0
DA:74,0
DA:76,0
DA:81,0
DA:82,0
DA:83,0
DA:84,0
DA:85,0
DA:86,0
DA:87,0
DA:89,0
DA:91,0
DA:96,0
DA:97,0
DA:98,0
DA:99,0
DA:100,0
DA:101,0
DA:102,0
DA:104,0
DA:106,0
DA:111,0
DA:112,0
DA:113,0
DA:114,0
DA:115,0
DA:116,0
DA:118,0
DA:120,0
DA:124,2
DA:128,2
LF:54
LH:8
BRDA:19,0,0,2
BRDA:19,0,1,1
BRDA:34,1,0,0
BRDA:34,1,1,0
BRDA:40,2,0,0
BRDA:40,2,1,2
BRDA:52,3,0,0
BRDA:52,3,1,0
BRDA:67,4,0,0
BRDA:67,4,1,0
BRDA:69,5,0,0
BRDA:69,5,1,0
BRDA:83,6,0,0
BRDA:83,6,1,0
BRDA:98,7,0,0
BRDA:98,7,1,0
BRDA:113,8,0,0
BRDA:113,8,1,0
BRDA:134,9,0,2
BRDA:134,9,1,0
BRDA:135,10,0,2
BRDA:135,10,1,0
BRF:22
BRH:5
end_of_record
TN:
SF:client/src/components/Questions/Modals/AddAnswerModal.jsx
FN:4,AddAnswerModal
FN:9,onUpload
FN:13,validate
FN:25,change
FN:29,onSubmit
FN:32,(anonymous_5)
FN:38,onBack
FN:50,(anonymous_7)
FN:51,(anonymous_8)
FN:52,(anonymous_9)
FNF:10
FNH:0
FNDA:0,AddAnswerModal
FNDA:0,onUpload
FNDA:0,validate
FNDA:0,change
FNDA:0,onSubmit
FNDA:0,(anonymous_5)
FNDA:0,onBack
FNDA:0,(anonymous_7)
FNDA:0,(anonymous_8)
FNDA:0,(anonymous_9)
DA:5,0
DA:6,0
DA:7,0
DA:8,0
DA:11,0
DA:14,0
DA:15,0
DA:16,0
DA:18,0
DA:19,0
DA:20,0
DA:22,0
DA:26,0
DA:30,0
DA:31,0
DA:32,0
DA:33,0
DA:39,0
DA:42,0
DA:43,0
DA:44,0
DA:46,0
DA:50,0
DA:51,0
DA:52,0
LF:25
LH:0
BRDA:14,0,0,0
BRDA:14,0,1,0
BRDA:14,1,0,0
BRDA:14,1,1,0
BRDA:14,1,2,0
BRDA:18,2,0,0
BRDA:18,2,1,0
BRDA:30,3,0,0
BRDA:30,3,1,0
BRF:9
BRH:0
end_of_record
TN:
SF:client/src/components/Questions/Modals/AddQuestionModal.jsx
FN:4,AddQuestionModal
FN:10,validate
FN:21,change
FN:24,onSubmit
FN:26,(anonymous_4)
FN:32,onBack
FN:43,(anonymous_6)
FN:44,(anonymous_7)
FN:45,(anonymous_8)
FNF:9
FNH:0
FNDA:0,AddQuestionModal
FNDA:0,validate
FNDA:0,change
FNDA:0,onSubmit
FNDA:0,(anonymous_4)
FNDA:0,onBack
FNDA:0,(anonymous_6)
FNDA:0,(anonymous_7)
FNDA:0,(anonymous_8)
DA:5,0
DA:6,0
DA:7,0
DA:9,0
DA:11,0
DA:12,0
DA:13,0
DA:14,0
DA:15,0
DA:16,0
DA:18,0
DA:22,0
DA:25,0
DA:26,0
DA:27,0
DA:33,0
DA:36,0
DA:37,0
DA:38,0
DA:39,0
DA:43,0
DA:44,0
DA:45,0
LF:23
LH:0
BRDA:11,0,0,0
BRDA:11,0,1,0
BRDA:11,1,0,0
BRDA:11,1,1,0
BRDA:11,1,2,0
BRDA:14,2,0,0
BRDA:14,2,1,0
BRDA:25,3,0,0
BRDA:25,3,1,0
BRF:9
BRH:0
end_of_record
TN:
SF:client/src/components/Questions/Modals/ImageModal.jsx
FNF:0
FNH:0
LF:0
LH:0
BRF:0
BRH:0
end_of_record
TN:
SF:client/src/components/Questions/Navigation/NavigationButtons.jsx
FN:3,NavigationButtons
FN:5,onAddQuestion
FNF:2
FNH:1
FNDA:2,NavigationButtons
FNDA:0,onAddQuestion
DA:4,2
DA:6,0
DA:8,2
DA:9,2
LF:4
LH:3
BRDA:8,0,0,2
BRDA:8,0,1,0
BRDA:12,1,0,2
BRDA:12,1,1,2
BRF:4
BRH:3
end_of_record
TN:
SF:client/src/components/Questions/Navigation/SearchBar.jsx
FN:3,SearchBar
FN:6,onTextChange
FNF:2
FNH:1
FNDA:2,SearchBar
FNDA:0,onTextChange
DA:4,2
DA:7,0
DA:10,2
LF:3
LH:2
BRF:0
BRH:0
end_of_record
TN:
SF:client/src/components/Questions/QuestionList/Answer.jsx
FN:3,Answer
FN:5,onHelpful
FN:8,onReport
FNF:3
FNH:0
FNDA:0,Answer
FNDA:0,onHelpful
FNDA:0,onReport
DA:4,0
DA:6,0
DA:9,0
DA:12,0
LF:4
LH:0
BRDA:17,0,0,0
BRDA:17,0,1,0
BRDA:17,1,0,0
BRDA:17,1,1,0
BRF:4
BRH:0
end_of_record
TN:
SF:client/src/components/Questions/QuestionList/AnswerList.jsx
FN:4,AnswerList
FN:6,(anonymous_1)
FN:19,(anonymous_2)
FNF:3
FNH:0
FNDA:0,AnswerList
FNDA:0,(anonymous_1)
FNDA:0,(anonymous_2)
DA:6,0
DA:7,0
DA:8,0
DA:10,0
DA:12,0
DA:17,0
DA:19,0
LF:7
LH:0
BRDA:7,0,0,0
BRDA:7,0,1,0
BRDA:7,1,0,0
BRDA:7,1,1,0
BRF:4
BRH:0
end_of_record
TN:
SF:client/src/components/Questions/QuestionList/Question.jsx
FN:4,Question
FN:7,onHelpful
FN:11,onToggle
FN:14,onAddAnswer
FN:18,(anonymous_4)
FN:20,(anonymous_5)
FNF:6
FNH:0
FNDA:0,Question
FNDA:0,onHelpful
FNDA:0,onToggle
FNDA:0,onAddAnswer
FNDA:0,(anonymous_4)
FNDA:0,(anonymous_5)
DA:5,0
DA:8,0
DA:12,0
DA:15,0
DA:18,0
DA:20,0
DA:21,0
DA:22,0
DA:24,0
DA:25,0
DA:27,0
DA:30,0
LF:12
LH:0
BRDA:21,0,0,0
BRDA:21,0,1,0
BRDA:24,1,0,0
BRDA:24,1,1,0
BRDA:35,2,0,0
BRDA:35,2,1,0
BRDA:37,3,0,0
BRDA:37,3,1,0
BRDA:37,4,0,0
BRDA:37,4,1,0
BRF:10
BRH:0
end_of_record
TN:
SF:client/src/components/Questions/QuestionList/QuestionList.jsx
FN:4,QuestionList
FN:7,(anonymous_1)
FN:29,(anonymous_2)
FNF:3
FNH:1
FNDA:2,QuestionList
FNDA:0,(anonymous_1)
FNDA:0,(anonymous_2)
DA:5,2
DA:7,2
DA:8,0
DA:9,0
DA:11,0
DA:12,0
DA:14,0
DA:16,2
DA:17,2
DA:20,2
DA:26,2
DA:29,0
LF:12
LH:6
BRDA:8,0,0,0
BRDA:8,0,1,0
BRDA:11,1,0,0
BRDA:11,1,1,0
BRDA:16,2,0,2
BRDA:16,2,1,0
BRF:6
BRH:1
end_of_record
TN:
SF:client/src/components/Ratings/Ratings.jsx
FN:7,Ratings
FN:14,(anonymous_1)
FN:17,(anonymous_2)
FN:20,(anonymous_3)
FN:23,(anonymous_4)
FN:24,(anonymous_5)
FN:41,(anonymous_6)
FN:53,(anonymous_7)
FNF:8
FNH:2
FNDA:1,Ratings
FNDA:1,(anonymous_1)
FNDA:0,(anonymous_2)
FNDA:0,(anonymous_3)
FNDA:0,(anonymous_4)
FNDA:0,(anonymous_5)
FNDA:0,(anonymous_6)
FNDA:0,(anonymous_7)
DA:8,1
DA:9,1
DA:10,1
DA:11,1
DA:12,1
DA:14,1
DA:15,1
DA:18,0
DA:20,0
DA:21,1
DA:23,0
DA:24,0
DA:26,1
DA:41,0
DA:53,0
LF:15
LH:9
BRDA:30,0,0,1
BRDA:30,0,1,0
BRDA:40,1,0,1
BRDA:40,1,1,0
BRDA:47,2,0,1
BRDA:47,2,1,0
BRDA:49,3,0,0
BRDA:49,3,1,0
BRF:8
BRH:3
end_of_record
TN:
SF:client/src/components/Ratings/sub-comps/RatingBreakdown.jsx
FN:10,RatingBreakdown
FN:12,(anonymous_1)
FN:16,(anonymous_2)
FN:19,(anonymous_3)
FN:30,(anonymous_4)
FN:31,(anonymous_5)
FN:61,(anonymous_6)
FNF:7
FNH:0
FNDA:0,RatingBreakdown
FNDA:0,(anonymous_1)
FNDA:0,(anonymous_2)
FNDA:0,(anonymous_3)
FNDA:0,(anonymous_4)
FNDA:0,(anonymous_5)
FNDA:0,(anonymous_6)
DA:11,0
DA:12,0
DA:16,0
DA:18,0
DA:19,0
DA:21,0
DA:23,0
DA:25,0
DA:31,0
DA:61,0
LF:10
LH:0
BRDA:18,0,0,0
BRDA:18,0,1,0
BRDA:60,1,0,0
BRDA:60,1,1,0
BRF:4
BRH:0
end_of_record
TN:
SF:client/src/components/Ratings/sub-comps/ReviewTile.jsx
FN:13,ReviewTile
FN:22,(anonymous_1)
FN:26,(anonymous_2)
FN:34,(anonymous_3)
FN:41,(anonymous_4)
FN:59,(anonymous_5)
FN:61,(anonymous_6)
FN:66,(anonymous_7)
FN:79,(anonymous_8)
FN:93,(anonymous_9)
FN:98,(anonymous_10)
FNF:11
FNH:0
FNDA:0,ReviewTile
FNDA:0,(anonymous_1)
FNDA:0,(anonymous_2)
FNDA:0,(anonymous_3)
FNDA:0,(anonymous_4)
FNDA:0,(anonymous_5)
FNDA:0,(anonymous_6)
FNDA:0,(anonymous_7)
FNDA:0,(anonymous_8)
FNDA:0,(anonymous_9)
FNDA:0,(anonymous_10)
DA:14,0
DA:20,0
DA:21,0
DA:22,0
DA:24,0
DA:26,0
DA:27,0
DA:28,0
DA:29,0
DA:30,0
DA:34,0
DA:35,0
DA:36,0
DA:37,0
DA:38,0
DA:41,0
DA:42,0
DA:43,0
DA:46,0
DA:59,0
DA:62,0
DA:66,0
DA:79,0
DA:93,0
DA:98,0
LF:25
LH:0
BRDA:27,0,0,0
BRDA:27,0,1,0
BRDA:35,1,0,0
BRDA:35,1,1,0
BRDA:55,2,0,0
BRDA:55,2,1,0
BRDA:57,3,0,0
BRDA:57,3,1,0
BRDA:58,4,0,0
BRDA:58,4,1,0
BRDA:69,5,0,0
BRDA:69,5,1,0
BRDA:83,6,0,0
BRDA:83,6,1,0
BRDA:89,7,0,0
BRDA:89,7,1,0
BRDA:90,8,0,0
BRDA:90,8,1,0
BRF:18
BRH:0
end_of_record
TN:
SF:client/src/components/Ratings/sub-comps/ReviewsList.jsx
FN:7,ReviewsList
FN:17,(anonymous_1)
FN:21,(anonymous_2)
FN:26,(anonymous_3)
FN:30,(anonymous_4)
FN:35,(anonymous_5)
FNF:6
FNH:0
FNDA:0,ReviewsList
FNDA:0,(anonymous_1)
FNDA:0,(anonymous_2)
FNDA:0,(anonymous_3)
FNDA:0,(anonymous_4)
FNDA:0,(anonymous_5)
DA:8,0
DA:9,0
DA:11,0
DA:17,0
DA:18,0
DA:21,0
DA:22,0
DA:23,0
DA:24,0
DA:26,0
DA:27,0
DA:30,0
DA:31,0
DA:33,0
DA:36,0
LF:15
LH:0
BRDA:22,0,0,0
BRDA:22,0,1,0
BRF:2
BRH:0
end_of_record
TN:
SF:client/src/components/Related/Related.jsx
FN:6,RelatedItemsSection
FNF:1
FNH:1
FNDA:1,RelatedItemsSection
DA:7,1
DA:15,2
DA:33,2
LF:3
LH:3
BRF:0
BRH:0
end_of_record
TN:
SF:client/src/components/Related/subcomponents/ComparisonModal.jsx
FN:5,ComparisonModal
FNF:1
FNH:0
FNDA:0,ComparisonModal
DA:6,0
DA:32,2
LF:2
LH:1
BRF:0
BRH:0
end_of_record
TN:
SF:client/src/components/Related/subcomponents/ItemCard.jsx
FN:7,ItemCard
FN:13,(anonymous_1)
FN:23,(anonymous_2)
FN:29,(anonymous_3)
FN:65,(anonymous_4)
FN:68,(anonymous_5)
FN:122,(anonymous_6)
FN:130,(anonymous_7)
FNF:8
FNH:0
FNDA:0,ItemCard
FNDA:0,(anonymous_1)
FNDA:0,(anonymous_2)
FNDA:0,(anonymous_3)
FNDA:0,(anonymous_4)
FNDA:0,(anonymous_5)
FNDA:0,(anonymous_6)
FNDA:0,(anonymous_7)
DA:12,0
DA:13,0
DA:14,0
DA:15,0
DA:17,0
DA:24,0
DA:25,0
DA:26,0
DA:27,0
DA:30,0
DA:31,0
DA:32,0
DA:33,0
DA:34,0
DA:66,0
DA:67,0
DA:68,0
DA:70,0
DA:71,0
DA:73,0
DA:74,0
DA:87,2
DA:123,0
DA:127,2
LF:24
LH:2
BRDA:15,0,0,0
BRDA:15,0,1,0
BRDA:30,1,0,0
BRDA:30,1,1,0
BRDA:40,2,0,0
BRDA:40,2,1,0
BRDA:60,3,0,0
BRDA:60,3,1,0
BRDA:66,4,0,0
BRDA:66,4,1,0
BRDA:78,5,0,0
BRDA:78,5,1,0
BRF:12
BRH:0
end_of_record
TN:
SF:client/src/components/Related/subcomponents/OutfitItemsList.jsx
FN:7,OutfitItemsList
FN:21,(anonymous_1)
FN:22,(anonymous_2)
FN:32,(anonymous_3)
FN:45,(anonymous_4)
FN:46,(anonymous_5)
FNF:6
FNH:1
FNDA:1,OutfitItemsList
FNDA:0,(anonymous_1)
FNDA:0,(anonymous_2)
FNDA:0,(anonymous_3)
FNDA:0,(anonymous_4)
FNDA:0,(anonymous_5)
DA:8,1
DA:9,1
DA:12,1
DA:14,1
DA:22,0
DA:23,0
DA:24,0
DA:25,0
DA:33,0
DA:45,0
DA:46,0
DA:51,2
LF:12
LH:5
BRDA:10,0,0,1
BRDA:10,0,1,1
BRDA:23,1,0,0
BRDA:23,1,1,0
BRF:4
BRH:2
end_of_record
TN:
SF:client/src/components/Related/subcomponents/RelatedItemsList.jsx
FN:8,RelatedItemsList
FN:12,(anonymous_1)
FN:15,(anonymous_2)
FN:21,(anonymous_3)
FN:30,(anonymous_4)
FN:45,(anonymous_5)
FN:46,(anonymous_6)
FNF:7
FNH:3
FNDA:1,RelatedItemsList
FNDA:1,(anonymous_1)
FNDA:0,(anonymous_2)
FNDA:1,(anonymous_3)
FNDA:0,(anonymous_4)
FNDA:0,(anonymous_5)
FNDA:0,(anonymous_6)
DA:9,1
DA:10,1
DA:12,1
DA:13,1
DA:14,1
DA:16,0
DA:17,0
DA:18,0
DA:21,1
DA:22,1
DA:26,1
DA:31,0
DA:45,0
DA:46,0
DA:51,2
LF:15
LH:9
BRDA:17,0,0,0
BRDA:17,0,1,0
BRF:2
BRH:0
end_of_record
TN:
SF:client/src/components/Related/subcomponents/exampleData.js
FNF:0
FNH:0
DA:1,2
DA:384,2
LF:2
LH:2
BRF:0
BRH:0
end_of_record
